<?xml version="1.0" encoding="UTF-8"?>
<results version="2">
    <cppcheck version="2.12.0"/>
    <errors>
        <error id="missingInclude" severity="information" msg="Include file: &amp;quot;limits.h&amp;quot; not found." verbose="Include file: &amp;quot;limits.h&amp;quot; not found.">
            <location file="src\common\stdint.h" line="23"/>
        </error>
        <error id="noValidConfiguration" severity="information" msg="This file is not analyzed. Cppcheck failed to extract a valid configuration. Use -v for more details." verbose="This file is not analyzed. Cppcheck failed to extract a valid configuration. The tested configurations have these preprocessor errors:&#10;&amp;#039;&amp;#039; : [C:/Users/Harini S/Desktop/flawfinder-2.0.19/test/mako-master/src/common/stdint.h:277] #error required type int_least8_t missing&#10;LLONG_MAX;__LONG_LONG_MAX__ : [C:/Users/Harini S/Desktop/flawfinder-2.0.19/test/mako-master/src/common/stdint.h:277] #error required type int_least8_t missing&#10;__GNUC_MINOR__;__GNUC__ : [C:/Users/Harini S/Desktop/flawfinder-2.0.19/test/mako-master/src/common/stdint.h:277] #error required type int_least8_t missing&#10;__INTMAX_MAX__ : [C:/Users/Harini S/Desktop/flawfinder-2.0.19/test/mako-master/src/common/stdint.h:277] #error required type int_least8_t missing&#10;__INTMAX_TYPE__ : [C:/Users/Harini S/Desktop/flawfinder-2.0.19/test/mako-master/src/common/stdint.h:277] #error required type int_least8_t missing&#10;__PTRDIFF_MAX__ : [C:/Users/Harini S/Desktop/flawfinder-2.0.19/test/mako-master/src/common/stdint.h:277] #error required type int_least8_t missing&#10;__PTRDIFF_TYPE__ : [C:/Users/Harini S/Desktop/flawfinder-2.0.19/test/mako-master/src/common/stdint.h:277] #error required type int_least8_t missing&#10;__PTRDIFF_TYPE__;__UINTPTR_MAX__ : [C:/Users/Harini S/Desktop/flawfinder-2.0.19/test/mako-master/src/common/stdint.h:277] #error required type int_least8_t missing&#10;__SIZE_MAX__ : [C:/Users/Harini S/Desktop/flawfinder-2.0.19/test/mako-master/src/common/stdint.h:277] #error required type int_least8_t missing&#10;__SPU__ : [C:/Users/Harini S/Desktop/flawfinder-2.0.19/test/mako-master/src/common/stdint.h:277] #error required type int_least8_t missing&#10;__UINTMAX_MAX__ : [C:/Users/Harini S/Desktop/flawfinder-2.0.19/test/mako-master/src/common/stdint.h:277] #error required type int_least8_t missing&#10;__UINTMAX_TYPE__ : [C:/Users/Harini S/Desktop/flawfinder-2.0.19/test/mako-master/src/common/stdint.h:277] #error required type int_least8_t missing&#10;__WCHAR_MAX__ : [C:/Users/Harini S/Desktop/flawfinder-2.0.19/test/mako-master/src/common/stdint.h:277] #error required type int_least8_t missing&#10;__WCHAR_MIN__ : [C:/Users/Harini S/Desktop/flawfinder-2.0.19/test/mako-master/src/common/stdint.h:277] #error required type int_least8_t missing&#10;__WINT_MAX__ : [C:/Users/Harini S/Desktop/flawfinder-2.0.19/test/mako-master/src/common/stdint.h:277] #error required type int_least8_t missing&#10;__WINT_MIN__ : [C:/Users/Harini S/Desktop/flawfinder-2.0.19/test/mako-master/src/common/stdint.h:277] #error required type int_least8_t missing&#10;__int_fast16_t_defined=0 : [C:/Users/Harini S/Desktop/flawfinder-2.0.19/test/mako-master/src/common/stdint.h:277] #error required type int_least8_t missing&#10;__int_fast32_t_defined=0 : [C:/Users/Harini S/Desktop/flawfinder-2.0.19/test/mako-master/src/common/stdint.h:277] #error required type int_least8_t missing&#10;__int_fast64_t_defined=0 : [C:/Users/Harini S/Desktop/flawfinder-2.0.19/test/mako-master/src/common/stdint.h:277] #error required type int_least8_t missing&#10;__int_fast8_t_defined=0 : [C:/Users/Harini S/Desktop/flawfinder-2.0.19/test/mako-master/src/common/stdint.h:277] #error required type int_least8_t missing&#10;__int_least16_t_defined=0 : [C:/Users/Harini S/Desktop/flawfinder-2.0.19/test/mako-master/src/common/stdint.h:277] #error required type int_least8_t missing&#10;__int_least32_t_defined=0 : [C:/Users/Harini S/Desktop/flawfinder-2.0.19/test/mako-master/src/common/stdint.h:277] #error required type int_least8_t missing&#10;__int_least8_t_defined=0 : [C:/Users/Harini S/Desktop/flawfinder-2.0.19/test/mako-master/src/common/stdint.h:277] #error required type int_least8_t missing" file0="src/nanoc.c">
            <location file="src\nanoc.c" line="0"/>
        </error>
        <error id="missingIncludeSystem" severity="information" msg="Include file: &amp;lt;stdint.h&amp;gt; not found. Please note: Cppcheck does not need standard library headers to get proper results." verbose="Include file: &amp;lt;stdint.h&amp;gt; not found. Please note: Cppcheck does not need standard library headers to get proper results.">
            <location file="src\apps\dex.c" line="8"/>
        </error>
        <error id="missingIncludeSystem" severity="information" msg="Include file: &amp;lt;stdio.h&amp;gt; not found. Please note: Cppcheck does not need standard library headers to get proper results." verbose="Include file: &amp;lt;stdio.h&amp;gt; not found. Please note: Cppcheck does not need standard library headers to get proper results.">
            <location file="src\apps\dex.c" line="9"/>
        </error>
        <error id="missingIncludeSystem" severity="information" msg="Include file: &amp;lt;stddef.h&amp;gt; not found. Please note: Cppcheck does not need standard library headers to get proper results." verbose="Include file: &amp;lt;stddef.h&amp;gt; not found. Please note: Cppcheck does not need standard library headers to get proper results.">
            <location file="src\apps\dex.c" line="10"/>
        </error>
        <error id="missingIncludeSystem" severity="information" msg="Include file: &amp;lt;string.h&amp;gt; not found. Please note: Cppcheck does not need standard library headers to get proper results." verbose="Include file: &amp;lt;string.h&amp;gt; not found. Please note: Cppcheck does not need standard library headers to get proper results.">
            <location file="src\apps\dex.c" line="11"/>
        </error>
        <error id="missingIncludeSystem" severity="information" msg="Include file: &amp;lt;stdlib.h&amp;gt; not found. Please note: Cppcheck does not need standard library headers to get proper results." verbose="Include file: &amp;lt;stdlib.h&amp;gt; not found. Please note: Cppcheck does not need standard library headers to get proper results.">
            <location file="src\apps\dex.c" line="12"/>
        </error>
        <error id="missingIncludeSystem" severity="information" msg="Include file: &amp;lt;dirent.h&amp;gt; not found. Please note: Cppcheck does not need standard library headers to get proper results." verbose="Include file: &amp;lt;dirent.h&amp;gt; not found. Please note: Cppcheck does not need standard library headers to get proper results.">
            <location file="src\apps\dex.c" line="13"/>
        </error>
        <error id="missingIncludeSystem" severity="information" msg="Include file: &amp;lt;libgen.h&amp;gt; not found. Please note: Cppcheck does not need standard library headers to get proper results." verbose="Include file: &amp;lt;libgen.h&amp;gt; not found. Please note: Cppcheck does not need standard library headers to get proper results.">
            <location file="src\apps\dex.c" line="14"/>
        </error>
        <error id="missingIncludeSystem" severity="information" msg="Include file: &amp;lt;math.h&amp;gt; not found. Please note: Cppcheck does not need standard library headers to get proper results." verbose="Include file: &amp;lt;math.h&amp;gt; not found. Please note: Cppcheck does not need standard library headers to get proper results.">
            <location file="src\apps\dex.c" line="15"/>
        </error>
        <error id="missingIncludeSystem" severity="information" msg="Include file: &amp;lt;sys/stat.h&amp;gt; not found. Please note: Cppcheck does not need standard library headers to get proper results." verbose="Include file: &amp;lt;sys/stat.h&amp;gt; not found. Please note: Cppcheck does not need standard library headers to get proper results.">
            <location file="src\apps\dex.c" line="16"/>
        </error>
        <error id="missingIncludeSystem" severity="information" msg="Include file: &amp;lt;sys/param.h&amp;gt; not found. Please note: Cppcheck does not need standard library headers to get proper results." verbose="Include file: &amp;lt;sys/param.h&amp;gt; not found. Please note: Cppcheck does not need standard library headers to get proper results.">
            <location file="src\apps\dex.c" line="17"/>
        </error>
        <error id="missingIncludeSystem" severity="information" msg="Include file: &amp;lt;sys/wait.h&amp;gt; not found. Please note: Cppcheck does not need standard library headers to get proper results." verbose="Include file: &amp;lt;sys/wait.h&amp;gt; not found. Please note: Cppcheck does not need standard library headers to get proper results.">
            <location file="src\apps\dex.c" line="18"/>
        </error>
        <error id="missingIncludeSystem" severity="information" msg="Include file: &amp;lt;fcntl.h&amp;gt; not found. Please note: Cppcheck does not need standard library headers to get proper results." verbose="Include file: &amp;lt;fcntl.h&amp;gt; not found. Please note: Cppcheck does not need standard library headers to get proper results.">
            <location file="src\apps\dex.c" line="19"/>
        </error>
        <error id="missingIncludeSystem" severity="information" msg="Include file: &amp;lt;unistd.h&amp;gt; not found. Please note: Cppcheck does not need standard library headers to get proper results." verbose="Include file: &amp;lt;unistd.h&amp;gt; not found. Please note: Cppcheck does not need standard library headers to get proper results.">
            <location file="src\apps\dex.c" line="20"/>
        </error>
        <error id="missingIncludeSystem" severity="information" msg="Include file: &amp;lt;signal.h&amp;gt; not found. Please note: Cppcheck does not need standard library headers to get proper results." verbose="Include file: &amp;lt;signal.h&amp;gt; not found. Please note: Cppcheck does not need standard library headers to get proper results.">
            <location file="src\apps\dex.c" line="21"/>
        </error>
        <error id="missingIncludeSystem" severity="information" msg="Include file: &amp;lt;errno.h&amp;gt; not found. Please note: Cppcheck does not need standard library headers to get proper results." verbose="Include file: &amp;lt;errno.h&amp;gt; not found. Please note: Cppcheck does not need standard library headers to get proper results.">
            <location file="src\apps\dex.c" line="22"/>
        </error>
        <error id="missingIncludeSystem" severity="information" msg="Include file: &amp;lt;mako.h&amp;gt; not found. Please note: Cppcheck does not need standard library headers to get proper results." verbose="Include file: &amp;lt;mako.h&amp;gt; not found. Please note: Cppcheck does not need standard library headers to get proper results.">
            <location file="src\apps\dex.c" line="23"/>
        </error>
        <error id="missingIncludeSystem" severity="information" msg="Include file: &amp;lt;ui.h&amp;gt; not found. Please note: Cppcheck does not need standard library headers to get proper results." verbose="Include file: &amp;lt;ui.h&amp;gt; not found. Please note: Cppcheck does not need standard library headers to get proper results.">
            <location file="src\apps\dex.c" line="24"/>
        </error>
        <error id="knownConditionTrueFalse" severity="style" msg="Condition &amp;#039;scroll_down()&amp;#039; is always true" verbose="Condition &amp;#039;scroll_down()&amp;#039; is always true" cwe="571" file0="src/apps/dex.c">
            <location file="src\apps\dex.c" line="567" info="Condition &amp;#039;scroll_down()&amp;#039; is always true"/>
            <location file="src\apps\dex.c" line="567" info="Calling function &amp;#039;scroll_down&amp;#039; returns 1"/>
        </error>
        <error id="memleak" severity="error" msg="Memory leak: npath" verbose="Memory leak: npath" cwe="401" file0="src/apps/dex.c">
            <location file="src\apps\dex.c" line="416"/>
        </error>
        <error id="memleak" severity="error" msg="Memory leak: path" verbose="Memory leak: path" cwe="401" file0="src/apps/dex.c">
            <location file="src\apps\dex.c" line="476"/>
        </error>
        <error id="shadowVariable" severity="style" msg="Local variable &amp;#039;res&amp;#039; shadows outer variable" verbose="Local variable &amp;#039;res&amp;#039; shadows outer variable" cwe="398" file0="src/apps/dex.c">
            <location file="src\apps\dex.c" line="407" info="Shadow variable"/>
            <location file="src\apps\dex.c" line="391" info="Shadowed declaration"/>
        </error>
        <error id="constVariablePointer" severity="style" msg="Variable &amp;#039;ent&amp;#039; can be declared as pointer to const" verbose="Variable &amp;#039;ent&amp;#039; can be declared as pointer to const" cwe="398" file0="src/apps/dex.c">
            <location file="src\apps\dex.c" line="137"/>
        </error>
        <error id="constParameterPointer" severity="style" msg="Parameter &amp;#039;srcdir&amp;#039; can be declared as pointer to const" verbose="Parameter &amp;#039;srcdir&amp;#039; can be declared as pointer to const" cwe="398" file0="src/apps/dex.c">
            <location file="src\apps\dex.c" line="227"/>
        </error>
        <error id="constParameterPointer" severity="style" msg="Parameter &amp;#039;src&amp;#039; can be declared as pointer to const" verbose="Parameter &amp;#039;src&amp;#039; can be declared as pointer to const" cwe="398" file0="src/apps/dex.c">
            <location file="src\apps\dex.c" line="227"/>
        </error>
        <error id="constParameterPointer" severity="style" msg="Parameter &amp;#039;dstdir&amp;#039; can be declared as pointer to const" verbose="Parameter &amp;#039;dstdir&amp;#039; can be declared as pointer to const" cwe="398" file0="src/apps/dex.c">
            <location file="src\apps\dex.c" line="227"/>
        </error>
        <error id="constParameterPointer" severity="style" msg="Parameter &amp;#039;dst&amp;#039; can be declared as pointer to const" verbose="Parameter &amp;#039;dst&amp;#039; can be declared as pointer to const" cwe="398" file0="src/apps/dex.c">
            <location file="src\apps\dex.c" line="227"/>
        </error>
        <error id="constVariablePointer" severity="style" msg="Variable &amp;#039;apps_path&amp;#039; can be declared as pointer to const" verbose="Variable &amp;#039;apps_path&amp;#039; can be declared as pointer to const" cwe="398" file0="src/apps/dex.c">
            <location file="src\apps\dex.c" line="440"/>
        </error>
        <error id="missingIncludeSystem" severity="information" msg="Include file: &amp;lt;stddef.h&amp;gt; not found. Please note: Cppcheck does not need standard library headers to get proper results." verbose="Include file: &amp;lt;stddef.h&amp;gt; not found. Please note: Cppcheck does not need standard library headers to get proper results.">
            <location file="src\apps\text_render.h" line="11"/>
        </error>
        <error id="missingIncludeSystem" severity="information" msg="Include file: &amp;lt;stdint.h&amp;gt; not found. Please note: Cppcheck does not need standard library headers to get proper results." verbose="Include file: &amp;lt;stdint.h&amp;gt; not found. Please note: Cppcheck does not need standard library headers to get proper results.">
            <location file="src\apps\text_render.h" line="12"/>
        </error>
        <error id="missingIncludeSystem" severity="information" msg="Include file: &amp;lt;stdint.h&amp;gt; not found. Please note: Cppcheck does not need standard library headers to get proper results." verbose="Include file: &amp;lt;stdint.h&amp;gt; not found. Please note: Cppcheck does not need standard library headers to get proper results.">
            <location file="src\apps\scancode.h" line="11"/>
        </error>
        <error id="missingIncludeSystem" severity="information" msg="Include file: &amp;lt;stdlib.h&amp;gt; not found. Please note: Cppcheck does not need standard library headers to get proper results." verbose="Include file: &amp;lt;stdlib.h&amp;gt; not found. Please note: Cppcheck does not need standard library headers to get proper results.">
            <location file="src\apps\img.c" line="8"/>
        </error>
        <error id="missingIncludeSystem" severity="information" msg="Include file: &amp;lt;stdio.h&amp;gt; not found. Please note: Cppcheck does not need standard library headers to get proper results." verbose="Include file: &amp;lt;stdio.h&amp;gt; not found. Please note: Cppcheck does not need standard library headers to get proper results.">
            <location file="src\apps\img.c" line="9"/>
        </error>
        <error id="missingIncludeSystem" severity="information" msg="Include file: &amp;lt;unistd.h&amp;gt; not found. Please note: Cppcheck does not need standard library headers to get proper results." verbose="Include file: &amp;lt;unistd.h&amp;gt; not found. Please note: Cppcheck does not need standard library headers to get proper results.">
            <location file="src\apps\img.c" line="10"/>
        </error>
        <error id="missingIncludeSystem" severity="information" msg="Include file: &amp;lt;libgen.h&amp;gt; not found. Please note: Cppcheck does not need standard library headers to get proper results." verbose="Include file: &amp;lt;libgen.h&amp;gt; not found. Please note: Cppcheck does not need standard library headers to get proper results.">
            <location file="src\apps\img.c" line="11"/>
        </error>
        <error id="missingIncludeSystem" severity="information" msg="Include file: &amp;lt;mako.h&amp;gt; not found. Please note: Cppcheck does not need standard library headers to get proper results." verbose="Include file: &amp;lt;mako.h&amp;gt; not found. Please note: Cppcheck does not need standard library headers to get proper results.">
            <location file="src\apps\img.c" line="12"/>
        </error>
        <error id="missingIncludeSystem" severity="information" msg="Include file: &amp;lt;ui.h&amp;gt; not found. Please note: Cppcheck does not need standard library headers to get proper results." verbose="Include file: &amp;lt;ui.h&amp;gt; not found. Please note: Cppcheck does not need standard library headers to get proper results.">
            <location file="src\apps\img.c" line="13"/>
        </error>
        <error id="constParameter" severity="style" msg="Parameter &amp;#039;argv&amp;#039; can be declared as const array" verbose="Parameter &amp;#039;argv&amp;#039; can be declared as const array" cwe="398" file0="src/apps/img.c">
            <location file="src\apps\img.c" line="116"/>
        </error>
        <error id="missingIncludeSystem" severity="information" msg="Include file: &amp;lt;string.h&amp;gt; not found. Please note: Cppcheck does not need standard library headers to get proper results." verbose="Include file: &amp;lt;string.h&amp;gt; not found. Please note: Cppcheck does not need standard library headers to get proper results.">
            <location file="src\apps\lodepng.h" line="29"/>
        </error>
        <error id="missingIncludeSystem" severity="information" msg="Include file: &amp;lt;vector&amp;gt; not found. Please note: Cppcheck does not need standard library headers to get proper results." verbose="Include file: &amp;lt;vector&amp;gt; not found. Please note: Cppcheck does not need standard library headers to get proper results.">
            <location file="src\apps\lodepng.h" line="93"/>
        </error>
        <error id="missingIncludeSystem" severity="information" msg="Include file: &amp;lt;string&amp;gt; not found. Please note: Cppcheck does not need standard library headers to get proper results." verbose="Include file: &amp;lt;string&amp;gt; not found. Please note: Cppcheck does not need standard library headers to get proper results.">
            <location file="src\apps\lodepng.h" line="94"/>
        </error>
        <error id="syntaxError" severity="error" msg="Code &amp;#039;namespacelodepng{&amp;#039; is invalid C code. Use --std or --language to configure the language." verbose="Code &amp;#039;namespacelodepng{&amp;#039; is invalid C code. Use --std or --language to configure the language." file0="src/apps/lodepng.c">
            <location file="src\apps\lodepng.h" line="212"/>
        </error>
        <error id="missingIncludeSystem" severity="information" msg="Include file: &amp;lt;limits.h&amp;gt; not found. Please note: Cppcheck does not need standard library headers to get proper results." verbose="Include file: &amp;lt;limits.h&amp;gt; not found. Please note: Cppcheck does not need standard library headers to get proper results.">
            <location file="src\apps\lodepng.c" line="34"/>
        </error>
        <error id="missingIncludeSystem" severity="information" msg="Include file: &amp;lt;stdio.h&amp;gt; not found. Please note: Cppcheck does not need standard library headers to get proper results." verbose="Include file: &amp;lt;stdio.h&amp;gt; not found. Please note: Cppcheck does not need standard library headers to get proper results.">
            <location file="src\apps\lodepng.c" line="35"/>
        </error>
        <error id="missingIncludeSystem" severity="information" msg="Include file: &amp;lt;stdlib.h&amp;gt; not found. Please note: Cppcheck does not need standard library headers to get proper results." verbose="Include file: &amp;lt;stdlib.h&amp;gt; not found. Please note: Cppcheck does not need standard library headers to get proper results.">
            <location file="src\apps\lodepng.c" line="39"/>
        </error>
        <error id="useStandardLibrary" severity="style" msg="Consider using memcpy instead of loop." verbose="Consider using memcpy instead of loop." file0="src/apps/lodepng.c">
            <location file="src\apps\lodepng.c" line="123"/>
        </error>
        <error id="knownConditionTrueFalse" severity="style" msg="Condition &amp;#039;usezeros&amp;#039; is always true" verbose="Condition &amp;#039;usezeros&amp;#039; is always true" cwe="571" file0="src/apps/lodepng.c">
            <location file="src\apps\lodepng.c" line="1626" info="Condition &amp;#039;usezeros&amp;#039; is always true"/>
            <location file="src\apps\lodepng.c" line="1615" info="Assuming condition is false"/>
            <location file="src\apps\lodepng.c" line="1602" info="Assignment &amp;#039;usezeros=1&amp;#039;, assigned value is 1"/>
        </error>
        <error id="variableScope" severity="style" msg="The scope of the variable &amp;#039;bits&amp;#039; can be reduced." verbose="The scope of the variable &amp;#039;bits&amp;#039; can be reduced. Warning: Be careful when fixing this message, especially when there are inner loops. Here is an example where cppcheck will write that the scope for &amp;#039;i&amp;#039; can be reduced:&#10;void f(int x)&#10;{&#10;    int i = 0;&#10;    if (x) {&#10;        // it&amp;#039;s safe to move &amp;#039;int i = 0;&amp;#039; here&#10;        for (int n = 0; n &amp;lt; 10; ++n) {&#10;            // it is possible but not safe to move &amp;#039;int i = 0;&amp;#039; here&#10;            do_something(&amp;amp;i);&#10;        }&#10;    }&#10;}&#10;When you see this message it is always safe to reduce the variable scope 1 level." cwe="398" file0="src/apps/lodepng.c">
            <location file="src\apps\lodepng.c" line="814"/>
        </error>
        <error id="variableScope" severity="style" msg="The scope of the variable &amp;#039;n&amp;#039; can be reduced." verbose="The scope of the variable &amp;#039;n&amp;#039; can be reduced. Warning: Be careful when fixing this message, especially when there are inner loops. Here is an example where cppcheck will write that the scope for &amp;#039;i&amp;#039; can be reduced:&#10;void f(int x)&#10;{&#10;    int i = 0;&#10;    if (x) {&#10;        // it&amp;#039;s safe to move &amp;#039;int i = 0;&amp;#039; here&#10;        for (int n = 0; n &amp;lt; 10; ++n) {&#10;            // it is possible but not safe to move &amp;#039;int i = 0;&amp;#039; here&#10;            do_something(&amp;amp;i);&#10;        }&#10;    }&#10;}&#10;When you see this message it is always safe to reduce the variable scope 1 level." cwe="398" file0="src/apps/lodepng.c">
            <location file="src\apps\lodepng.c" line="814"/>
        </error>
        <error id="variableScope" severity="style" msg="The scope of the variable &amp;#039;i&amp;#039; can be reduced." verbose="The scope of the variable &amp;#039;i&amp;#039; can be reduced. Warning: Be careful when fixing this message, especially when there are inner loops. Here is an example where cppcheck will write that the scope for &amp;#039;i&amp;#039; can be reduced:&#10;void f(int x)&#10;{&#10;    int i = 0;&#10;    if (x) {&#10;        // it&amp;#039;s safe to move &amp;#039;int i = 0;&amp;#039; here&#10;        for (int n = 0; n &amp;lt; 10; ++n) {&#10;            // it is possible but not safe to move &amp;#039;int i = 0;&amp;#039; here&#10;            do_something(&amp;amp;i);&#10;        }&#10;    }&#10;}&#10;When you see this message it is always safe to reduce the variable scope 1 level." cwe="398" file0="src/apps/lodepng.c">
            <location file="src\apps\lodepng.c" line="891"/>
        </error>
        <error id="variableScope" severity="style" msg="The scope of the variable &amp;#039;offset&amp;#039; can be reduced." verbose="The scope of the variable &amp;#039;offset&amp;#039; can be reduced. Warning: Be careful when fixing this message, especially when there are inner loops. Here is an example where cppcheck will write that the scope for &amp;#039;i&amp;#039; can be reduced:&#10;void f(int x)&#10;{&#10;    int i = 0;&#10;    if (x) {&#10;        // it&amp;#039;s safe to move &amp;#039;int i = 0;&amp;#039; here&#10;        for (int n = 0; n &amp;lt; 10; ++n) {&#10;            // it is possible but not safe to move &amp;#039;int i = 0;&amp;#039; here&#10;            do_something(&amp;amp;i);&#10;        }&#10;    }&#10;}&#10;When you see this message it is always safe to reduce the variable scope 1 level." cwe="398" file0="src/apps/lodepng.c">
            <location file="src\apps\lodepng.c" line="1605"/>
        </error>
        <error id="variableScope" severity="style" msg="The scope of the variable &amp;#039;length&amp;#039; can be reduced." verbose="The scope of the variable &amp;#039;length&amp;#039; can be reduced. Warning: Be careful when fixing this message, especially when there are inner loops. Here is an example where cppcheck will write that the scope for &amp;#039;i&amp;#039; can be reduced:&#10;void f(int x)&#10;{&#10;    int i = 0;&#10;    if (x) {&#10;        // it&amp;#039;s safe to move &amp;#039;int i = 0;&amp;#039; here&#10;        for (int n = 0; n &amp;lt; 10; ++n) {&#10;            // it is possible but not safe to move &amp;#039;int i = 0;&amp;#039; here&#10;            do_something(&amp;amp;i);&#10;        }&#10;    }&#10;}&#10;When you see this message it is always safe to reduce the variable scope 1 level." cwe="398" file0="src/apps/lodepng.c">
            <location file="src\apps\lodepng.c" line="1606"/>
        </error>
        <error id="variableScope" severity="style" msg="The scope of the variable &amp;#039;hashval&amp;#039; can be reduced." verbose="The scope of the variable &amp;#039;hashval&amp;#039; can be reduced. Warning: Be careful when fixing this message, especially when there are inner loops. Here is an example where cppcheck will write that the scope for &amp;#039;i&amp;#039; can be reduced:&#10;void f(int x)&#10;{&#10;    int i = 0;&#10;    if (x) {&#10;        // it&amp;#039;s safe to move &amp;#039;int i = 0;&amp;#039; here&#10;        for (int n = 0; n &amp;lt; 10; ++n) {&#10;            // it is possible but not safe to move &amp;#039;int i = 0;&amp;#039; here&#10;            do_something(&amp;amp;i);&#10;        }&#10;    }&#10;}&#10;When you see this message it is always safe to reduce the variable scope 1 level." cwe="398" file0="src/apps/lodepng.c">
            <location file="src\apps\lodepng.c" line="1609"/>
        </error>
        <error id="variableScope" severity="style" msg="The scope of the variable &amp;#039;prev_offset&amp;#039; can be reduced." verbose="The scope of the variable &amp;#039;prev_offset&amp;#039; can be reduced. Warning: Be careful when fixing this message, especially when there are inner loops. Here is an example where cppcheck will write that the scope for &amp;#039;i&amp;#039; can be reduced:&#10;void f(int x)&#10;{&#10;    int i = 0;&#10;    if (x) {&#10;        // it&amp;#039;s safe to move &amp;#039;int i = 0;&amp;#039; here&#10;        for (int n = 0; n &amp;lt; 10; ++n) {&#10;            // it is possible but not safe to move &amp;#039;int i = 0;&amp;#039; here&#10;            do_something(&amp;amp;i);&#10;        }&#10;    }&#10;}&#10;When you see this message it is always safe to reduce the variable scope 1 level." cwe="398" file0="src/apps/lodepng.c">
            <location file="src\apps\lodepng.c" line="1611"/>
        </error>
        <error id="variableScope" severity="style" msg="The scope of the variable &amp;#039;lastptr&amp;#039; can be reduced." verbose="The scope of the variable &amp;#039;lastptr&amp;#039; can be reduced. Warning: Be careful when fixing this message, especially when there are inner loops. Here is an example where cppcheck will write that the scope for &amp;#039;i&amp;#039; can be reduced:&#10;void f(int x)&#10;{&#10;    int i = 0;&#10;    if (x) {&#10;        // it&amp;#039;s safe to move &amp;#039;int i = 0;&amp;#039; here&#10;        for (int n = 0; n &amp;lt; 10; ++n) {&#10;            // it is possible but not safe to move &amp;#039;int i = 0;&amp;#039; here&#10;            do_something(&amp;amp;i);&#10;        }&#10;    }&#10;}&#10;When you see this message it is always safe to reduce the variable scope 1 level." cwe="398" file0="src/apps/lodepng.c">
            <location file="src\apps\lodepng.c" line="1612"/>
        </error>
        <error id="variableScope" severity="style" msg="The scope of the variable &amp;#039;hashpos&amp;#039; can be reduced." verbose="The scope of the variable &amp;#039;hashpos&amp;#039; can be reduced. Warning: Be careful when fixing this message, especially when there are inner loops. Here is an example where cppcheck will write that the scope for &amp;#039;i&amp;#039; can be reduced:&#10;void f(int x)&#10;{&#10;    int i = 0;&#10;    if (x) {&#10;        // it&amp;#039;s safe to move &amp;#039;int i = 0;&amp;#039; here&#10;        for (int n = 0; n &amp;lt; 10; ++n) {&#10;            // it is possible but not safe to move &amp;#039;int i = 0;&amp;#039; here&#10;            do_something(&amp;amp;i);&#10;        }&#10;    }&#10;}&#10;When you see this message it is always safe to reduce the variable scope 1 level." cwe="398" file0="src/apps/lodepng.c">
            <location file="src\apps\lodepng.c" line="1613"/>
        </error>
        <error id="variableScope" severity="style" msg="The scope of the variable &amp;#039;numcodes_ll&amp;#039; can be reduced." verbose="The scope of the variable &amp;#039;numcodes_ll&amp;#039; can be reduced. Warning: Be careful when fixing this message, especially when there are inner loops. Here is an example where cppcheck will write that the scope for &amp;#039;i&amp;#039; can be reduced:&#10;void f(int x)&#10;{&#10;    int i = 0;&#10;    if (x) {&#10;        // it&amp;#039;s safe to move &amp;#039;int i = 0;&amp;#039; here&#10;        for (int n = 0; n &amp;lt; 10; ++n) {&#10;            // it is possible but not safe to move &amp;#039;int i = 0;&amp;#039; here&#10;            do_something(&amp;amp;i);&#10;        }&#10;    }&#10;}&#10;When you see this message it is always safe to reduce the variable scope 1 level." cwe="398" file0="src/apps/lodepng.c">
            <location file="src\apps\lodepng.c" line="1846"/>
        </error>
        <error id="variableScope" severity="style" msg="The scope of the variable &amp;#039;numcodes_d&amp;#039; can be reduced." verbose="The scope of the variable &amp;#039;numcodes_d&amp;#039; can be reduced. Warning: Be careful when fixing this message, especially when there are inner loops. Here is an example where cppcheck will write that the scope for &amp;#039;i&amp;#039; can be reduced:&#10;void f(int x)&#10;{&#10;    int i = 0;&#10;    if (x) {&#10;        // it&amp;#039;s safe to move &amp;#039;int i = 0;&amp;#039; here&#10;        for (int n = 0; n &amp;lt; 10; ++n) {&#10;            // it is possible but not safe to move &amp;#039;int i = 0;&amp;#039; here&#10;            do_something(&amp;amp;i);&#10;        }&#10;    }&#10;}&#10;When you see this message it is always safe to reduce the variable scope 1 level." cwe="398" file0="src/apps/lodepng.c">
            <location file="src\apps\lodepng.c" line="1846"/>
        </error>
        <error id="variableScope" severity="style" msg="The scope of the variable &amp;#039;numcodes_lld&amp;#039; can be reduced." verbose="The scope of the variable &amp;#039;numcodes_lld&amp;#039; can be reduced. Warning: Be careful when fixing this message, especially when there are inner loops. Here is an example where cppcheck will write that the scope for &amp;#039;i&amp;#039; can be reduced:&#10;void f(int x)&#10;{&#10;    int i = 0;&#10;    if (x) {&#10;        // it&amp;#039;s safe to move &amp;#039;int i = 0;&amp;#039; here&#10;        for (int n = 0; n &amp;lt; 10; ++n) {&#10;            // it is possible but not safe to move &amp;#039;int i = 0;&amp;#039; here&#10;            do_something(&amp;amp;i);&#10;        }&#10;    }&#10;}&#10;When you see this message it is always safe to reduce the variable scope 1 level." cwe="398" file0="src/apps/lodepng.c">
            <location file="src\apps\lodepng.c" line="1846"/>
        </error>
        <error id="variableScope" severity="style" msg="The scope of the variable &amp;#039;numcodes_lld_e&amp;#039; can be reduced." verbose="The scope of the variable &amp;#039;numcodes_lld_e&amp;#039; can be reduced. Warning: Be careful when fixing this message, especially when there are inner loops. Here is an example where cppcheck will write that the scope for &amp;#039;i&amp;#039; can be reduced:&#10;void f(int x)&#10;{&#10;    int i = 0;&#10;    if (x) {&#10;        // it&amp;#039;s safe to move &amp;#039;int i = 0;&amp;#039; here&#10;        for (int n = 0; n &amp;lt; 10; ++n) {&#10;            // it is possible but not safe to move &amp;#039;int i = 0;&amp;#039; here&#10;            do_something(&amp;amp;i);&#10;        }&#10;    }&#10;}&#10;When you see this message it is always safe to reduce the variable scope 1 level." cwe="398" file0="src/apps/lodepng.c">
            <location file="src\apps\lodepng.c" line="1846"/>
        </error>
        <error id="variableScope" severity="style" msg="The scope of the variable &amp;#039;numcodes_cl&amp;#039; can be reduced." verbose="The scope of the variable &amp;#039;numcodes_cl&amp;#039; can be reduced. Warning: Be careful when fixing this message, especially when there are inner loops. Here is an example where cppcheck will write that the scope for &amp;#039;i&amp;#039; can be reduced:&#10;void f(int x)&#10;{&#10;    int i = 0;&#10;    if (x) {&#10;        // it&amp;#039;s safe to move &amp;#039;int i = 0;&amp;#039; here&#10;        for (int n = 0; n &amp;lt; 10; ++n) {&#10;            // it is possible but not safe to move &amp;#039;int i = 0;&amp;#039; here&#10;            do_something(&amp;amp;i);&#10;        }&#10;    }&#10;}&#10;When you see this message it is always safe to reduce the variable scope 1 level." cwe="398" file0="src/apps/lodepng.c">
            <location file="src\apps\lodepng.c" line="1846"/>
        </error>
        <error id="variableScope" severity="style" msg="The scope of the variable &amp;#039;HLIT&amp;#039; can be reduced." verbose="The scope of the variable &amp;#039;HLIT&amp;#039; can be reduced. Warning: Be careful when fixing this message, especially when there are inner loops. Here is an example where cppcheck will write that the scope for &amp;#039;i&amp;#039; can be reduced:&#10;void f(int x)&#10;{&#10;    int i = 0;&#10;    if (x) {&#10;        // it&amp;#039;s safe to move &amp;#039;int i = 0;&amp;#039; here&#10;        for (int n = 0; n &amp;lt; 10; ++n) {&#10;            // it is possible but not safe to move &amp;#039;int i = 0;&amp;#039; here&#10;            do_something(&amp;amp;i);&#10;        }&#10;    }&#10;}&#10;When you see this message it is always safe to reduce the variable scope 1 level." cwe="398" file0="src/apps/lodepng.c">
            <location file="src\apps\lodepng.c" line="1847"/>
        </error>
        <error id="variableScope" severity="style" msg="The scope of the variable &amp;#039;HDIST&amp;#039; can be reduced." verbose="The scope of the variable &amp;#039;HDIST&amp;#039; can be reduced. Warning: Be careful when fixing this message, especially when there are inner loops. Here is an example where cppcheck will write that the scope for &amp;#039;i&amp;#039; can be reduced:&#10;void f(int x)&#10;{&#10;    int i = 0;&#10;    if (x) {&#10;        // it&amp;#039;s safe to move &amp;#039;int i = 0;&amp;#039; here&#10;        for (int n = 0; n &amp;lt; 10; ++n) {&#10;            // it is possible but not safe to move &amp;#039;int i = 0;&amp;#039; here&#10;            do_something(&amp;amp;i);&#10;        }&#10;    }&#10;}&#10;When you see this message it is always safe to reduce the variable scope 1 level." cwe="398" file0="src/apps/lodepng.c">
            <location file="src\apps\lodepng.c" line="1847"/>
        </error>
        <error id="variableScope" severity="style" msg="The scope of the variable &amp;#039;HCLEN&amp;#039; can be reduced." verbose="The scope of the variable &amp;#039;HCLEN&amp;#039; can be reduced. Warning: Be careful when fixing this message, especially when there are inner loops. Here is an example where cppcheck will write that the scope for &amp;#039;i&amp;#039; can be reduced:&#10;void f(int x)&#10;{&#10;    int i = 0;&#10;    if (x) {&#10;        // it&amp;#039;s safe to move &amp;#039;int i = 0;&amp;#039; here&#10;        for (int n = 0; n &amp;lt; 10; ++n) {&#10;            // it is possible but not safe to move &amp;#039;int i = 0;&amp;#039; here&#10;            do_something(&amp;amp;i);&#10;        }&#10;    }&#10;}&#10;When you see this message it is always safe to reduce the variable scope 1 level." cwe="398" file0="src/apps/lodepng.c">
            <location file="src\apps\lodepng.c" line="1847"/>
        </error>
        <error id="variableScope" severity="style" msg="The scope of the variable &amp;#039;BFINAL&amp;#039; can be reduced." verbose="The scope of the variable &amp;#039;BFINAL&amp;#039; can be reduced. Warning: Be careful when fixing this message, especially when there are inner loops. Here is an example where cppcheck will write that the scope for &amp;#039;i&amp;#039; can be reduced:&#10;void f(int x)&#10;{&#10;    int i = 0;&#10;    if (x) {&#10;        // it&amp;#039;s safe to move &amp;#039;int i = 0;&amp;#039; here&#10;        for (int n = 0; n &amp;lt; 10; ++n) {&#10;            // it is possible but not safe to move &amp;#039;int i = 0;&amp;#039; here&#10;            do_something(&amp;amp;i);&#10;        }&#10;    }&#10;}&#10;When you see this message it is always safe to reduce the variable scope 1 level." cwe="398" file0="src/apps/lodepng.c">
            <location file="src\apps\lodepng.c" line="2036"/>
        </error>
        <error id="variableScope" severity="style" msg="The scope of the variable &amp;#039;i&amp;#039; can be reduced." verbose="The scope of the variable &amp;#039;i&amp;#039; can be reduced. Warning: Be careful when fixing this message, especially when there are inner loops. Here is an example where cppcheck will write that the scope for &amp;#039;i&amp;#039; can be reduced:&#10;void f(int x)&#10;{&#10;    int i = 0;&#10;    if (x) {&#10;        // it&amp;#039;s safe to move &amp;#039;int i = 0;&amp;#039; here&#10;        for (int n = 0; n &amp;lt; 10; ++n) {&#10;            // it is possible but not safe to move &amp;#039;int i = 0;&amp;#039; here&#10;            do_something(&amp;amp;i);&#10;        }&#10;    }&#10;}&#10;When you see this message it is always safe to reduce the variable scope 1 level." cwe="398" file0="src/apps/lodepng.c">
            <location file="src\apps\lodepng.c" line="2038"/>
        </error>
        <error id="variableScope" severity="style" msg="The scope of the variable &amp;#039;i&amp;#039; can be reduced." verbose="The scope of the variable &amp;#039;i&amp;#039; can be reduced. Warning: Be careful when fixing this message, especially when there are inner loops. Here is an example where cppcheck will write that the scope for &amp;#039;i&amp;#039; can be reduced:&#10;void f(int x)&#10;{&#10;    int i = 0;&#10;    if (x) {&#10;        // it&amp;#039;s safe to move &amp;#039;int i = 0;&amp;#039; here&#10;        for (int n = 0; n &amp;lt; 10; ++n) {&#10;            // it is possible but not safe to move &amp;#039;int i = 0;&amp;#039; here&#10;            do_something(&amp;amp;i);&#10;        }&#10;    }&#10;}&#10;When you see this message it is always safe to reduce the variable scope 1 level." cwe="398" file0="src/apps/lodepng.c">
            <location file="src\apps\lodepng.c" line="2077"/>
        </error>
        <error id="variableScope" severity="style" msg="The scope of the variable &amp;#039;i&amp;#039; can be reduced." verbose="The scope of the variable &amp;#039;i&amp;#039; can be reduced. Warning: Be careful when fixing this message, especially when there are inner loops. Here is an example where cppcheck will write that the scope for &amp;#039;i&amp;#039; can be reduced:&#10;void f(int x)&#10;{&#10;    int i = 0;&#10;    if (x) {&#10;        // it&amp;#039;s safe to move &amp;#039;int i = 0;&amp;#039; here&#10;        for (int n = 0; n &amp;lt; 10; ++n) {&#10;            // it is possible but not safe to move &amp;#039;int i = 0;&amp;#039; here&#10;            do_something(&amp;amp;i);&#10;        }&#10;    }&#10;}&#10;When you see this message it is always safe to reduce the variable scope 1 level." cwe="398" file0="src/apps/lodepng.c">
            <location file="src\apps\lodepng.c" line="2257"/>
        </error>
        <error id="variableScope" severity="style" msg="The scope of the variable &amp;#039;i&amp;#039; can be reduced." verbose="The scope of the variable &amp;#039;i&amp;#039; can be reduced. Warning: Be careful when fixing this message, especially when there are inner loops. Here is an example where cppcheck will write that the scope for &amp;#039;i&amp;#039; can be reduced:&#10;void f(int x)&#10;{&#10;    int i = 0;&#10;    if (x) {&#10;        // it&amp;#039;s safe to move &amp;#039;int i = 0;&amp;#039; here&#10;        for (int n = 0; n &amp;lt; 10; ++n) {&#10;            // it is possible but not safe to move &amp;#039;int i = 0;&amp;#039; here&#10;            do_something(&amp;amp;i);&#10;        }&#10;    }&#10;}&#10;When you see this message it is always safe to reduce the variable scope 1 level." cwe="398" file0="src/apps/lodepng.c">
            <location file="src\apps\lodepng.c" line="3907"/>
        </error>
        <error id="variableScope" severity="style" msg="The scope of the variable &amp;#039;i&amp;#039; can be reduced." verbose="The scope of the variable &amp;#039;i&amp;#039; can be reduced. Warning: Be careful when fixing this message, especially when there are inner loops. Here is an example where cppcheck will write that the scope for &amp;#039;i&amp;#039; can be reduced:&#10;void f(int x)&#10;{&#10;    int i = 0;&#10;    if (x) {&#10;        // it&amp;#039;s safe to move &amp;#039;int i = 0;&amp;#039; here&#10;        for (int n = 0; n &amp;lt; 10; ++n) {&#10;            // it is possible but not safe to move &amp;#039;int i = 0;&amp;#039; here&#10;            do_something(&amp;amp;i);&#10;        }&#10;    }&#10;}&#10;When you see this message it is always safe to reduce the variable scope 1 level." cwe="398" file0="src/apps/lodepng.c">
            <location file="src\apps\lodepng.c" line="4370"/>
        </error>
        <error id="variableScope" severity="style" msg="The scope of the variable &amp;#039;string2_begin&amp;#039; can be reduced." verbose="The scope of the variable &amp;#039;string2_begin&amp;#039; can be reduced. Warning: Be careful when fixing this message, especially when there are inner loops. Here is an example where cppcheck will write that the scope for &amp;#039;i&amp;#039; can be reduced:&#10;void f(int x)&#10;{&#10;    int i = 0;&#10;    if (x) {&#10;        // it&amp;#039;s safe to move &amp;#039;int i = 0;&amp;#039; here&#10;        for (int n = 0; n &amp;lt; 10; ++n) {&#10;            // it is possible but not safe to move &amp;#039;int i = 0;&amp;#039; here&#10;            do_something(&amp;amp;i);&#10;        }&#10;    }&#10;}&#10;When you see this message it is always safe to reduce the variable scope 1 level." cwe="398" file0="src/apps/lodepng.c">
            <location file="src\apps\lodepng.c" line="4478"/>
        </error>
        <error id="variableScope" severity="style" msg="The scope of the variable &amp;#039;begin&amp;#039; can be reduced." verbose="The scope of the variable &amp;#039;begin&amp;#039; can be reduced. Warning: Be careful when fixing this message, especially when there are inner loops. Here is an example where cppcheck will write that the scope for &amp;#039;i&amp;#039; can be reduced:&#10;void f(int x)&#10;{&#10;    int i = 0;&#10;    if (x) {&#10;        // it&amp;#039;s safe to move &amp;#039;int i = 0;&amp;#039; here&#10;        for (int n = 0; n &amp;lt; 10; ++n) {&#10;            // it is possible but not safe to move &amp;#039;int i = 0;&amp;#039; here&#10;            do_something(&amp;amp;i);&#10;        }&#10;    }&#10;}&#10;When you see this message it is always safe to reduce the variable scope 1 level." cwe="398" file0="src/apps/lodepng.c">
            <location file="src\apps\lodepng.c" line="4526"/>
        </error>
        <error id="variableScope" severity="style" msg="The scope of the variable &amp;#039;compressed&amp;#039; can be reduced." verbose="The scope of the variable &amp;#039;compressed&amp;#039; can be reduced. Warning: Be careful when fixing this message, especially when there are inner loops. Here is an example where cppcheck will write that the scope for &amp;#039;i&amp;#039; can be reduced:&#10;void f(int x)&#10;{&#10;    int i = 0;&#10;    if (x) {&#10;        // it&amp;#039;s safe to move &amp;#039;int i = 0;&amp;#039; here&#10;        for (int n = 0; n &amp;lt; 10; ++n) {&#10;            // it is possible but not safe to move &amp;#039;int i = 0;&amp;#039; here&#10;            do_something(&amp;amp;i);&#10;        }&#10;    }&#10;}&#10;When you see this message it is always safe to reduce the variable scope 1 level." cwe="398" file0="src/apps/lodepng.c">
            <location file="src\apps\lodepng.c" line="4526"/>
        </error>
        <error id="variableScope" severity="style" msg="The scope of the variable &amp;#039;smallest&amp;#039; can be reduced." verbose="The scope of the variable &amp;#039;smallest&amp;#039; can be reduced. Warning: Be careful when fixing this message, especially when there are inner loops. Here is an example where cppcheck will write that the scope for &amp;#039;i&amp;#039; can be reduced:&#10;void f(int x)&#10;{&#10;    int i = 0;&#10;    if (x) {&#10;        // it&amp;#039;s safe to move &amp;#039;int i = 0;&amp;#039; here&#10;        for (int n = 0; n &amp;lt; 10; ++n) {&#10;            // it is possible but not safe to move &amp;#039;int i = 0;&amp;#039; here&#10;            do_something(&amp;amp;i);&#10;        }&#10;    }&#10;}&#10;When you see this message it is always safe to reduce the variable scope 1 level." cwe="398" file0="src/apps/lodepng.c">
            <location file="src\apps\lodepng.c" line="5493"/>
        </error>
        <error id="variableScope" severity="style" msg="The scope of the variable &amp;#039;bestType&amp;#039; can be reduced." verbose="The scope of the variable &amp;#039;bestType&amp;#039; can be reduced. Warning: Be careful when fixing this message, especially when there are inner loops. Here is an example where cppcheck will write that the scope for &amp;#039;i&amp;#039; can be reduced:&#10;void f(int x)&#10;{&#10;    int i = 0;&#10;    if (x) {&#10;        // it&amp;#039;s safe to move &amp;#039;int i = 0;&amp;#039; here&#10;        for (int n = 0; n &amp;lt; 10; ++n) {&#10;            // it is possible but not safe to move &amp;#039;int i = 0;&amp;#039; here&#10;            do_something(&amp;amp;i);&#10;        }&#10;    }&#10;}&#10;When you see this message it is always safe to reduce the variable scope 1 level." cwe="398" file0="src/apps/lodepng.c">
            <location file="src\apps\lodepng.c" line="5494"/>
        </error>
        <error id="variableScope" severity="style" msg="The scope of the variable &amp;#039;bestSum&amp;#039; can be reduced." verbose="The scope of the variable &amp;#039;bestSum&amp;#039; can be reduced. Warning: Be careful when fixing this message, especially when there are inner loops. Here is an example where cppcheck will write that the scope for &amp;#039;i&amp;#039; can be reduced:&#10;void f(int x)&#10;{&#10;    int i = 0;&#10;    if (x) {&#10;        // it&amp;#039;s safe to move &amp;#039;int i = 0;&amp;#039; here&#10;        for (int n = 0; n &amp;lt; 10; ++n) {&#10;            // it is possible but not safe to move &amp;#039;int i = 0;&amp;#039; here&#10;            do_something(&amp;amp;i);&#10;        }&#10;    }&#10;}&#10;When you see this message it is always safe to reduce the variable scope 1 level." cwe="398" file0="src/apps/lodepng.c">
            <location file="src\apps\lodepng.c" line="5539"/>
        </error>
        <error id="variableScope" severity="style" msg="The scope of the variable &amp;#039;bestType&amp;#039; can be reduced." verbose="The scope of the variable &amp;#039;bestType&amp;#039; can be reduced. Warning: Be careful when fixing this message, especially when there are inner loops. Here is an example where cppcheck will write that the scope for &amp;#039;i&amp;#039; can be reduced:&#10;void f(int x)&#10;{&#10;    int i = 0;&#10;    if (x) {&#10;        // it&amp;#039;s safe to move &amp;#039;int i = 0;&amp;#039; here&#10;        for (int n = 0; n &amp;lt; 10; ++n) {&#10;            // it is possible but not safe to move &amp;#039;int i = 0;&amp;#039; here&#10;            do_something(&amp;amp;i);&#10;        }&#10;    }&#10;}&#10;When you see this message it is always safe to reduce the variable scope 1 level." cwe="398" file0="src/apps/lodepng.c">
            <location file="src\apps\lodepng.c" line="5540"/>
        </error>
        <error id="variableScope" severity="style" msg="The scope of the variable &amp;#039;smallest&amp;#039; can be reduced." verbose="The scope of the variable &amp;#039;smallest&amp;#039; can be reduced. Warning: Be careful when fixing this message, especially when there are inner loops. Here is an example where cppcheck will write that the scope for &amp;#039;i&amp;#039; can be reduced:&#10;void f(int x)&#10;{&#10;    int i = 0;&#10;    if (x) {&#10;        // it&amp;#039;s safe to move &amp;#039;int i = 0;&amp;#039; here&#10;        for (int n = 0; n &amp;lt; 10; ++n) {&#10;            // it is possible but not safe to move &amp;#039;int i = 0;&amp;#039; here&#10;            do_something(&amp;amp;i);&#10;        }&#10;    }&#10;}&#10;When you see this message it is always safe to reduce the variable scope 1 level." cwe="398" file0="src/apps/lodepng.c">
            <location file="src\apps\lodepng.c" line="5591"/>
        </error>
        <error id="variableScope" severity="style" msg="The scope of the variable &amp;#039;bestType&amp;#039; can be reduced." verbose="The scope of the variable &amp;#039;bestType&amp;#039; can be reduced. Warning: Be careful when fixing this message, especially when there are inner loops. Here is an example where cppcheck will write that the scope for &amp;#039;i&amp;#039; can be reduced:&#10;void f(int x)&#10;{&#10;    int i = 0;&#10;    if (x) {&#10;        // it&amp;#039;s safe to move &amp;#039;int i = 0;&amp;#039; here&#10;        for (int n = 0; n &amp;lt; 10; ++n) {&#10;            // it is possible but not safe to move &amp;#039;int i = 0;&amp;#039; here&#10;            do_something(&amp;amp;i);&#10;        }&#10;    }&#10;}&#10;When you see this message it is always safe to reduce the variable scope 1 level." cwe="398" file0="src/apps/lodepng.c">
            <location file="src\apps\lodepng.c" line="5592"/>
        </error>
        <error id="constParameterPointer" severity="style" msg="Parameter &amp;#039;reader&amp;#039; can be declared as pointer to const" verbose="Parameter &amp;#039;reader&amp;#039; can be declared as pointer to const" cwe="398" file0="src/apps/lodepng.c">
            <location file="src\apps\lodepng.c" line="568"/>
        </error>
        <error id="constParameterPointer" severity="style" msg="Parameter &amp;#039;zlibsettings&amp;#039; can be declared as pointer to const" verbose="Parameter &amp;#039;zlibsettings&amp;#039; can be declared as pointer to const" cwe="398" file0="src/apps/lodepng.c">
            <location file="src\apps\lodepng.c" line="5173"/>
        </error>
        <error id="constParameterPointer" severity="style" msg="Parameter &amp;#039;zlibsettings&amp;#039; can be declared as pointer to const" verbose="Parameter &amp;#039;zlibsettings&amp;#039; can be declared as pointer to const" cwe="398" file0="src/apps/lodepng.c">
            <location file="src\apps\lodepng.c" line="5206"/>
        </error>
        <error id="constParameterPointer" severity="style" msg="Parameter &amp;#039;zlibsettings&amp;#039; can be declared as pointer to const" verbose="Parameter &amp;#039;zlibsettings&amp;#039; can be declared as pointer to const" cwe="398" file0="src/apps/lodepng.c">
            <location file="src\apps\lodepng.c" line="5234"/>
        </error>
        <error id="constParameterPointer" severity="style" msg="Parameter &amp;#039;zlibsettings&amp;#039; can be declared as pointer to const" verbose="Parameter &amp;#039;zlibsettings&amp;#039; can be declared as pointer to const" cwe="398" file0="src/apps/lodepng.c">
            <location file="src\apps\lodepng.c" line="5351"/>
        </error>
        <error id="unreadVariable" severity="style" msg="Variable &amp;#039;alpha_done&amp;#039; is assigned a value that is never used." verbose="Variable &amp;#039;alpha_done&amp;#039; is assigned a value that is never used." cwe="563" file0="src/apps/lodepng.c">
            <location file="src\apps\lodepng.c" line="3788"/>
        </error>
        <error id="unreadVariable" severity="style" msg="Variable &amp;#039;alpha_done&amp;#039; is assigned a value that is never used." verbose="Variable &amp;#039;alpha_done&amp;#039; is assigned a value that is never used." cwe="563" file0="src/apps/lodepng.c">
            <location file="src\apps\lodepng.c" line="3858"/>
        </error>
        <error id="unreadVariable" severity="style" msg="Variable &amp;#039;unknown&amp;#039; is assigned a value that is never used." verbose="Variable &amp;#039;unknown&amp;#039; is assigned a value that is never used." cwe="563" file0="src/apps/lodepng.c">
            <location file="src\apps\lodepng.c" line="4769"/>
        </error>
        <error id="knownConditionTrueFalse" severity="style" msg="Condition &amp;#039;!maxlens&amp;#039; is always true" verbose="Condition &amp;#039;!maxlens&amp;#039; is always true" cwe="571" file0="src/apps/lodepng.c">
            <location file="src\apps\lodepng.c" line="695" info="Condition &amp;#039;!maxlens&amp;#039; is always true"/>
            <location file="src\apps\lodepng.c" line="694" info="Assignment &amp;#039;maxlens=(unsigned int*)lodepng_malloc(headsize*sizeof(unsigned int))&amp;#039;, assigned value is 0"/>
            <location file="src\apps\lodepng.c" line="694" info="Calling function &amp;#039;lodepng_malloc&amp;#039; returns 0"/>
        </error>
        <error id="knownConditionTrueFalse" severity="style" msg="Condition &amp;#039;!bitlen&amp;#039; is always true" verbose="Condition &amp;#039;!bitlen&amp;#039; is always true" cwe="571" file0="src/apps/lodepng.c">
            <location file="src\apps\lodepng.c" line="1065" info="Condition &amp;#039;!bitlen&amp;#039; is always true"/>
            <location file="src\apps\lodepng.c" line="1064" info="Assignment &amp;#039;bitlen=(unsigned int*)lodepng_malloc(288*sizeof(unsigned int))&amp;#039;, assigned value is 0"/>
            <location file="src\apps\lodepng.c" line="1064" info="Calling function &amp;#039;lodepng_malloc&amp;#039; returns 0"/>
        </error>
        <error id="knownConditionTrueFalse" severity="style" msg="Condition &amp;#039;!bitlen&amp;#039; is always true" verbose="Condition &amp;#039;!bitlen&amp;#039; is always true" cwe="571" file0="src/apps/lodepng.c">
            <location file="src\apps\lodepng.c" line="1083" info="Condition &amp;#039;!bitlen&amp;#039; is always true"/>
            <location file="src\apps\lodepng.c" line="1082" info="Assignment &amp;#039;bitlen=(unsigned int*)lodepng_malloc(32*sizeof(unsigned int))&amp;#039;, assigned value is 0"/>
            <location file="src\apps\lodepng.c" line="1082" info="Calling function &amp;#039;lodepng_malloc&amp;#039; returns 0"/>
        </error>
        <error id="knownConditionTrueFalse" severity="style" msg="Condition &amp;#039;!bitlen_cl&amp;#039; is always true" verbose="Condition &amp;#039;!bitlen_cl&amp;#039; is always true" cwe="571" file0="src/apps/lodepng.c">
            <location file="src\apps\lodepng.c" line="1153" info="Condition &amp;#039;!bitlen_cl&amp;#039; is always true"/>
            <location file="src\apps\lodepng.c" line="1152" info="Assignment &amp;#039;bitlen_cl=(unsigned int*)lodepng_malloc(19*sizeof(unsigned int))&amp;#039;, assigned value is 0"/>
            <location file="src\apps\lodepng.c" line="1152" info="Calling function &amp;#039;lodepng_malloc&amp;#039; returns 0"/>
        </error>
        <error id="knownConditionTrueFalse" severity="style" msg="Condition &amp;#039;!bitlen_ll&amp;#039; is always true" verbose="Condition &amp;#039;!bitlen_ll&amp;#039; is always true" cwe="571" file0="src/apps/lodepng.c">
            <location file="src\apps\lodepng.c" line="1176" info="Condition &amp;#039;!bitlen_ll&amp;#039; is always true"/>
            <location file="src\apps\lodepng.c" line="1174" info="Assignment &amp;#039;bitlen_ll=(unsigned int*)lodepng_malloc(288*sizeof(unsigned int))&amp;#039;, assigned value is 0"/>
            <location file="src\apps\lodepng.c" line="1174" info="Calling function &amp;#039;lodepng_malloc&amp;#039; returns 0"/>
        </error>
        <error id="knownConditionTrueFalse" severity="style" msg="Condition &amp;#039;!frequencies_ll&amp;#039; is always true" verbose="Condition &amp;#039;!frequencies_ll&amp;#039; is always true" cwe="571" file0="src/apps/lodepng.c">
            <location file="src\apps\lodepng.c" line="1858" info="Condition &amp;#039;!frequencies_ll&amp;#039; is always true"/>
            <location file="src\apps\lodepng.c" line="1854" info="Assignment &amp;#039;frequencies_ll=(unsigned int*)lodepng_malloc(286*sizeof(*frequencies_ll))&amp;#039;, assigned value is 0"/>
            <location file="src\apps\lodepng.c" line="1854" info="Calling function &amp;#039;lodepng_malloc&amp;#039; returns 0"/>
        </error>
        <error id="knownConditionTrueFalse" severity="style" msg="Condition &amp;#039;!dest-&amp;gt;palette&amp;#039; is always true" verbose="Condition &amp;#039;!dest-&amp;gt;palette&amp;#039; is always true" cwe="571" file0="src/apps/lodepng.c">
            <location file="src\apps\lodepng.c" line="2703" info="Condition &amp;#039;!dest-&amp;gt;palette&amp;#039; is always true"/>
            <location file="src\apps\lodepng.c" line="2702" info="Assignment &amp;#039;dest-&amp;gt;palette=(unsigned char*)lodepng_malloc(1024)&amp;#039;, assigned value is 0"/>
            <location file="src\apps\lodepng.c" line="2702" info="Calling function &amp;#039;lodepng_malloc&amp;#039; returns 0"/>
        </error>
        <error id="missingIncludeSystem" severity="information" msg="Include file: &amp;lt;stdint.h&amp;gt; not found. Please note: Cppcheck does not need standard library headers to get proper results." verbose="Include file: &amp;lt;stdint.h&amp;gt; not found. Please note: Cppcheck does not need standard library headers to get proper results.">
            <location file="src\apps\pie.c" line="8"/>
        </error>
        <error id="missingIncludeSystem" severity="information" msg="Include file: &amp;lt;stddef.h&amp;gt; not found. Please note: Cppcheck does not need standard library headers to get proper results." verbose="Include file: &amp;lt;stddef.h&amp;gt; not found. Please note: Cppcheck does not need standard library headers to get proper results.">
            <location file="src\apps\pie.c" line="9"/>
        </error>
        <error id="missingIncludeSystem" severity="information" msg="Include file: &amp;lt;stdlib.h&amp;gt; not found. Please note: Cppcheck does not need standard library headers to get proper results." verbose="Include file: &amp;lt;stdlib.h&amp;gt; not found. Please note: Cppcheck does not need standard library headers to get proper results.">
            <location file="src\apps\pie.c" line="10"/>
        </error>
        <error id="missingIncludeSystem" severity="information" msg="Include file: &amp;lt;string.h&amp;gt; not found. Please note: Cppcheck does not need standard library headers to get proper results." verbose="Include file: &amp;lt;string.h&amp;gt; not found. Please note: Cppcheck does not need standard library headers to get proper results.">
            <location file="src\apps\pie.c" line="11"/>
        </error>
        <error id="missingIncludeSystem" severity="information" msg="Include file: &amp;lt;stdio.h&amp;gt; not found. Please note: Cppcheck does not need standard library headers to get proper results." verbose="Include file: &amp;lt;stdio.h&amp;gt; not found. Please note: Cppcheck does not need standard library headers to get proper results.">
            <location file="src\apps\pie.c" line="12"/>
        </error>
        <error id="missingIncludeSystem" severity="information" msg="Include file: &amp;lt;unistd.h&amp;gt; not found. Please note: Cppcheck does not need standard library headers to get proper results." verbose="Include file: &amp;lt;unistd.h&amp;gt; not found. Please note: Cppcheck does not need standard library headers to get proper results.">
            <location file="src\apps\pie.c" line="13"/>
        </error>
        <error id="missingIncludeSystem" severity="information" msg="Include file: &amp;lt;signal.h&amp;gt; not found. Please note: Cppcheck does not need standard library headers to get proper results." verbose="Include file: &amp;lt;signal.h&amp;gt; not found. Please note: Cppcheck does not need standard library headers to get proper results.">
            <location file="src\apps\pie.c" line="14"/>
        </error>
        <error id="missingIncludeSystem" severity="information" msg="Include file: &amp;lt;sys/stat.h&amp;gt; not found. Please note: Cppcheck does not need standard library headers to get proper results." verbose="Include file: &amp;lt;sys/stat.h&amp;gt; not found. Please note: Cppcheck does not need standard library headers to get proper results.">
            <location file="src\apps\pie.c" line="15"/>
        </error>
        <error id="missingIncludeSystem" severity="information" msg="Include file: &amp;lt;errno.h&amp;gt; not found. Please note: Cppcheck does not need standard library headers to get proper results." verbose="Include file: &amp;lt;errno.h&amp;gt; not found. Please note: Cppcheck does not need standard library headers to get proper results.">
            <location file="src\apps\pie.c" line="16"/>
        </error>
        <error id="missingIncludeSystem" severity="information" msg="Include file: &amp;lt;mako.h&amp;gt; not found. Please note: Cppcheck does not need standard library headers to get proper results." verbose="Include file: &amp;lt;mako.h&amp;gt; not found. Please note: Cppcheck does not need standard library headers to get proper results.">
            <location file="src\apps\pie.c" line="17"/>
        </error>
        <error id="missingIncludeSystem" severity="information" msg="Include file: &amp;lt;ui.h&amp;gt; not found. Please note: Cppcheck does not need standard library headers to get proper results." verbose="Include file: &amp;lt;ui.h&amp;gt; not found. Please note: Cppcheck does not need standard library headers to get proper results.">
            <location file="src\apps\pie.c" line="18"/>
        </error>
        <error id="shadowVariable" severity="style" msg="Local variable &amp;#039;path&amp;#039; shadows outer variable" verbose="Local variable &amp;#039;path&amp;#039; shadows outer variable" cwe="398" file0="src/apps/pie.c">
            <location file="src\apps\pie.c" line="312" info="Shadow variable"/>
            <location file="src\apps\pie.c" line="38" info="Shadowed declaration"/>
        </error>
        <error id="shadowVariable" severity="style" msg="Local variable &amp;#039;app_path&amp;#039; shadows outer variable" verbose="Local variable &amp;#039;app_path&amp;#039; shadows outer variable" cwe="398" file0="src/apps/pie.c">
            <location file="src\apps\pie.c" line="411" info="Shadow variable"/>
            <location file="src\apps\pie.c" line="41" info="Shadowed declaration"/>
        </error>
        <error id="constVariablePointer" severity="style" msg="Variable &amp;#039;str&amp;#039; can be declared as pointer to const" verbose="Variable &amp;#039;str&amp;#039; can be declared as pointer to const" cwe="398" file0="src/apps/pie.c">
            <location file="src\apps\pie.c" line="100"/>
        </error>
        <error id="constParameterPointer" severity="style" msg="Parameter &amp;#039;path_&amp;#039; can be declared as pointer to const" verbose="Parameter &amp;#039;path_&amp;#039; can be declared as pointer to const" cwe="398" file0="src/apps/pie.c">
            <location file="src\apps\pie.c" line="310"/>
        </error>
        <error id="missingIncludeSystem" severity="information" msg="Include file: &amp;lt;stdint.h&amp;gt; not found. Please note: Cppcheck does not need standard library headers to get proper results." verbose="Include file: &amp;lt;stdint.h&amp;gt; not found. Please note: Cppcheck does not need standard library headers to get proper results.">
            <location file="src\apps\scancode.c" line="8"/>
        </error>
        <error id="missingIncludeSystem" severity="information" msg="Include file: &amp;lt;stddef.h&amp;gt; not found. Please note: Cppcheck does not need standard library headers to get proper results." verbose="Include file: &amp;lt;stddef.h&amp;gt; not found. Please note: Cppcheck does not need standard library headers to get proper results.">
            <location file="src\apps\text_render.c" line="8"/>
        </error>
        <error id="constVariablePointer" severity="style" msg="Variable &amp;#039;font&amp;#039; can be declared as pointer to const" verbose="Variable &amp;#039;font&amp;#039; can be declared as pointer to const" cwe="398" file0="src/apps/text_render.c">
            <location file="src\apps\text_render.c" line="43"/>
        </error>
        <error id="missingIncludeSystem" severity="information" msg="Include file: &amp;lt;stdint.h&amp;gt; not found. Please note: Cppcheck does not need standard library headers to get proper results." verbose="Include file: &amp;lt;stdint.h&amp;gt; not found. Please note: Cppcheck does not need standard library headers to get proper results.">
            <location file="src\apps\xed.c" line="8"/>
        </error>
        <error id="missingIncludeSystem" severity="information" msg="Include file: &amp;lt;stddef.h&amp;gt; not found. Please note: Cppcheck does not need standard library headers to get proper results." verbose="Include file: &amp;lt;stddef.h&amp;gt; not found. Please note: Cppcheck does not need standard library headers to get proper results.">
            <location file="src\apps\xed.c" line="9"/>
        </error>
        <error id="missingIncludeSystem" severity="information" msg="Include file: &amp;lt;stdlib.h&amp;gt; not found. Please note: Cppcheck does not need standard library headers to get proper results." verbose="Include file: &amp;lt;stdlib.h&amp;gt; not found. Please note: Cppcheck does not need standard library headers to get proper results.">
            <location file="src\apps\xed.c" line="10"/>
        </error>
        <error id="missingIncludeSystem" severity="information" msg="Include file: &amp;lt;string.h&amp;gt; not found. Please note: Cppcheck does not need standard library headers to get proper results." verbose="Include file: &amp;lt;string.h&amp;gt; not found. Please note: Cppcheck does not need standard library headers to get proper results.">
            <location file="src\apps\xed.c" line="11"/>
        </error>
        <error id="missingIncludeSystem" severity="information" msg="Include file: &amp;lt;stdio.h&amp;gt; not found. Please note: Cppcheck does not need standard library headers to get proper results." verbose="Include file: &amp;lt;stdio.h&amp;gt; not found. Please note: Cppcheck does not need standard library headers to get proper results.">
            <location file="src\apps\xed.c" line="12"/>
        </error>
        <error id="missingIncludeSystem" severity="information" msg="Include file: &amp;lt;unistd.h&amp;gt; not found. Please note: Cppcheck does not need standard library headers to get proper results." verbose="Include file: &amp;lt;unistd.h&amp;gt; not found. Please note: Cppcheck does not need standard library headers to get proper results.">
            <location file="src\apps\xed.c" line="13"/>
        </error>
        <error id="missingIncludeSystem" severity="information" msg="Include file: &amp;lt;fcntl.h&amp;gt; not found. Please note: Cppcheck does not need standard library headers to get proper results." verbose="Include file: &amp;lt;fcntl.h&amp;gt; not found. Please note: Cppcheck does not need standard library headers to get proper results.">
            <location file="src\apps\xed.c" line="14"/>
        </error>
        <error id="missingIncludeSystem" severity="information" msg="Include file: &amp;lt;errno.h&amp;gt; not found. Please note: Cppcheck does not need standard library headers to get proper results." verbose="Include file: &amp;lt;errno.h&amp;gt; not found. Please note: Cppcheck does not need standard library headers to get proper results.">
            <location file="src\apps\xed.c" line="15"/>
        </error>
        <error id="missingIncludeSystem" severity="information" msg="Include file: &amp;lt;math.h&amp;gt; not found. Please note: Cppcheck does not need standard library headers to get proper results." verbose="Include file: &amp;lt;math.h&amp;gt; not found. Please note: Cppcheck does not need standard library headers to get proper results.">
            <location file="src\apps\xed.c" line="16"/>
        </error>
        <error id="missingIncludeSystem" severity="information" msg="Include file: &amp;lt;sys/stat.h&amp;gt; not found. Please note: Cppcheck does not need standard library headers to get proper results." verbose="Include file: &amp;lt;sys/stat.h&amp;gt; not found. Please note: Cppcheck does not need standard library headers to get proper results.">
            <location file="src\apps\xed.c" line="17"/>
        </error>
        <error id="missingIncludeSystem" severity="information" msg="Include file: &amp;lt;ui.h&amp;gt; not found. Please note: Cppcheck does not need standard library headers to get proper results." verbose="Include file: &amp;lt;ui.h&amp;gt; not found. Please note: Cppcheck does not need standard library headers to get proper results.">
            <location file="src\apps\xed.c" line="18"/>
        </error>
        <error id="missingIncludeSystem" severity="information" msg="Include file: &amp;lt;mako.h&amp;gt; not found. Please note: Cppcheck does not need standard library headers to get proper results." verbose="Include file: &amp;lt;mako.h&amp;gt; not found. Please note: Cppcheck does not need standard library headers to get proper results.">
            <location file="src\apps\xed.c" line="19"/>
        </error>
        <error id="knownConditionTrueFalse" severity="style" msg="Condition &amp;#039;lines[i].buffer_idx&amp;lt;=higher&amp;#039; is always true" verbose="Condition &amp;#039;lines[i].buffer_idx&amp;lt;=higher&amp;#039; is always true" cwe="571" file0="src/apps/xed.c">
            <location file="src\apps\xed.c" line="209" info="Condition &amp;#039;lines[i].buffer_idx&amp;lt;=higher&amp;#039; is always true"/>
            <location file="src\apps\xed.c" line="204" info="Assuming condition &amp;#039;lines[i].buffer_idx&amp;gt;higher&amp;#039; is false"/>
        </error>
        <error id="memleakOnRealloc" severity="error" msg="Common realloc mistake: &amp;#039;file_buffer&amp;#039; nulled but not freed upon failure" verbose="Common realloc mistake: &amp;#039;file_buffer&amp;#039; nulled but not freed upon failure" cwe="401" file0="src/apps/xed.c">
            <location file="src\apps\xed.c" line="637"/>
        </error>
        <error id="memleakOnRealloc" severity="error" msg="Common realloc mistake: &amp;#039;file_buffer&amp;#039; nulled but not freed upon failure" verbose="Common realloc mistake: &amp;#039;file_buffer&amp;#039; nulled but not freed upon failure" cwe="401" file0="src/apps/xed.c">
            <location file="src\apps\xed.c" line="746"/>
        </error>
        <error id="memleakOnRealloc" severity="error" msg="Common realloc mistake: &amp;#039;file_buffer&amp;#039; nulled but not freed upon failure" verbose="Common realloc mistake: &amp;#039;file_buffer&amp;#039; nulled but not freed upon failure" cwe="401" file0="src/apps/xed.c">
            <location file="src\apps\xed.c" line="780"/>
        </error>
        <error id="variableScope" severity="style" msg="The scope of the variable &amp;#039;old_line_len&amp;#039; can be reduced." verbose="The scope of the variable &amp;#039;old_line_len&amp;#039; can be reduced. Warning: Be careful when fixing this message, especially when there are inner loops. Here is an example where cppcheck will write that the scope for &amp;#039;i&amp;#039; can be reduced:&#10;void f(int x)&#10;{&#10;    int i = 0;&#10;    if (x) {&#10;        // it&amp;#039;s safe to move &amp;#039;int i = 0;&amp;#039; here&#10;        for (int n = 0; n &amp;lt; 10; ++n) {&#10;            // it is possible but not safe to move &amp;#039;int i = 0;&amp;#039; here&#10;            do_something(&amp;amp;i);&#10;        }&#10;    }&#10;}&#10;When you see this message it is always safe to reduce the variable scope 1 level." cwe="398" file0="src/apps/xed.c">
            <location file="src\apps\xed.c" line="697"/>
        </error>
        <error id="constParameterPointer" severity="style" msg="Parameter &amp;#039;a&amp;#039; can be declared as pointer to const" verbose="Parameter &amp;#039;a&amp;#039; can be declared as pointer to const" cwe="398" file0="src/apps/xed.c">
            <location file="src\apps\xed.c" line="89"/>
        </error>
        <error id="constVariablePointer" severity="style" msg="Variable &amp;#039;n&amp;#039; can be declared as pointer to const" verbose="Variable &amp;#039;n&amp;#039; can be declared as pointer to const" cwe="398" file0="src/apps/xed.c">
            <location file="src\apps\xed.c" line="407"/>
        </error>
        <error id="constVariablePointer" severity="style" msg="Variable &amp;#039;previous_previous_newline&amp;#039; can be declared as pointer to const" verbose="Variable &amp;#039;previous_previous_newline&amp;#039; can be declared as pointer to const" cwe="398" file0="src/apps/xed.c">
            <location file="src\apps\xed.c" line="423"/>
        </error>
        <error id="constVariablePointer" severity="style" msg="Variable &amp;#039;next_newline&amp;#039; can be declared as pointer to const" verbose="Variable &amp;#039;next_newline&amp;#039; can be declared as pointer to const" cwe="398" file0="src/apps/xed.c">
            <location file="src\apps\xed.c" line="447"/>
        </error>
        <error id="unreadVariable" severity="style" msg="Variable &amp;#039;line_len&amp;#039; is assigned a value that is never used." verbose="Variable &amp;#039;line_len&amp;#039; is assigned a value that is never used." cwe="563" file0="src/apps/xed.c">
            <location file="src\apps\xed.c" line="419"/>
        </error>
        <error id="missingIncludeSystem" severity="information" msg="Include file: &amp;lt;unistd.h&amp;gt; not found. Please note: Cppcheck does not need standard library headers to get proper results." verbose="Include file: &amp;lt;unistd.h&amp;gt; not found. Please note: Cppcheck does not need standard library headers to get proper results.">
            <location file="src\bin\init.c" line="8"/>
        </error>
        <error id="missingIncludeSystem" severity="information" msg="Include file: &amp;lt;stdlib.h&amp;gt; not found. Please note: Cppcheck does not need standard library headers to get proper results." verbose="Include file: &amp;lt;stdlib.h&amp;gt; not found. Please note: Cppcheck does not need standard library headers to get proper results.">
            <location file="src\bin\init.c" line="9"/>
        </error>
        <error id="missingIncludeSystem" severity="information" msg="Include file: &amp;lt;fcntl.h&amp;gt; not found. Please note: Cppcheck does not need standard library headers to get proper results." verbose="Include file: &amp;lt;fcntl.h&amp;gt; not found. Please note: Cppcheck does not need standard library headers to get proper results.">
            <location file="src\bin\init.c" line="10"/>
        </error>
        <error id="missingIncludeSystem" severity="information" msg="Include file: &amp;lt;mako.h&amp;gt; not found. Please note: Cppcheck does not need standard library headers to get proper results." verbose="Include file: &amp;lt;mako.h&amp;gt; not found. Please note: Cppcheck does not need standard library headers to get proper results.">
            <location file="src\bin\init.c" line="11"/>
        </error>
        <error id="missingIncludeSystem" severity="information" msg="Include file: &amp;lt;dirent.h&amp;gt; not found. Please note: Cppcheck does not need standard library headers to get proper results." verbose="Include file: &amp;lt;dirent.h&amp;gt; not found. Please note: Cppcheck does not need standard library headers to get proper results.">
            <location file="src\bin\ls.c" line="8"/>
        </error>
        <error id="missingIncludeSystem" severity="information" msg="Include file: &amp;lt;stdio.h&amp;gt; not found. Please note: Cppcheck does not need standard library headers to get proper results." verbose="Include file: &amp;lt;stdio.h&amp;gt; not found. Please note: Cppcheck does not need standard library headers to get proper results.">
            <location file="src\bin\ls.c" line="9"/>
        </error>
        <error id="missingIncludeSystem" severity="information" msg="Include file: &amp;lt;string.h&amp;gt; not found. Please note: Cppcheck does not need standard library headers to get proper results." verbose="Include file: &amp;lt;string.h&amp;gt; not found. Please note: Cppcheck does not need standard library headers to get proper results.">
            <location file="src\bin\ls.c" line="10"/>
        </error>
        <error id="missingIncludeSystem" severity="information" msg="Include file: &amp;lt;unistd.h&amp;gt; not found. Please note: Cppcheck does not need standard library headers to get proper results." verbose="Include file: &amp;lt;unistd.h&amp;gt; not found. Please note: Cppcheck does not need standard library headers to get proper results.">
            <location file="src\bin\pwd.c" line="8"/>
        </error>
        <error id="missingIncludeSystem" severity="information" msg="Include file: &amp;lt;stdio.h&amp;gt; not found. Please note: Cppcheck does not need standard library headers to get proper results." verbose="Include file: &amp;lt;stdio.h&amp;gt; not found. Please note: Cppcheck does not need standard library headers to get proper results.">
            <location file="src\bin\pwd.c" line="9"/>
        </error>
        <error id="missingIncludeSystem" severity="information" msg="Include file: &amp;lt;string.h&amp;gt; not found. Please note: Cppcheck does not need standard library headers to get proper results." verbose="Include file: &amp;lt;string.h&amp;gt; not found. Please note: Cppcheck does not need standard library headers to get proper results.">
            <location file="src\bin\pwd.c" line="10"/>
        </error>
        <error id="constVariablePointer" severity="style" msg="Variable &amp;#039;wd&amp;#039; can be declared as pointer to const" verbose="Variable &amp;#039;wd&amp;#039; can be declared as pointer to const" cwe="398" file0="src/bin/pwd.c">
            <location file="src\bin\pwd.c" line="14"/>
        </error>
        <error id="missingIncludeSystem" severity="information" msg="Include file: &amp;lt;stdio.h&amp;gt; not found. Please note: Cppcheck does not need standard library headers to get proper results." verbose="Include file: &amp;lt;stdio.h&amp;gt; not found. Please note: Cppcheck does not need standard library headers to get proper results.">
            <location file="src\bin\read.c" line="8"/>
        </error>
        <error id="missingIncludeSystem" severity="information" msg="Include file: &amp;lt;sys/stat.h&amp;gt; not found. Please note: Cppcheck does not need standard library headers to get proper results." verbose="Include file: &amp;lt;sys/stat.h&amp;gt; not found. Please note: Cppcheck does not need standard library headers to get proper results.">
            <location file="src\bin\read.c" line="9"/>
        </error>
        <error id="missingIncludeSystem" severity="information" msg="Include file: &amp;lt;stdint.h&amp;gt; not found. Please note: Cppcheck does not need standard library headers to get proper results." verbose="Include file: &amp;lt;stdint.h&amp;gt; not found. Please note: Cppcheck does not need standard library headers to get proper results.">
            <location file="src\bin\read.c" line="10"/>
        </error>
        <error id="missingIncludeSystem" severity="information" msg="Include file: &amp;lt;stdlib.h&amp;gt; not found. Please note: Cppcheck does not need standard library headers to get proper results." verbose="Include file: &amp;lt;stdlib.h&amp;gt; not found. Please note: Cppcheck does not need standard library headers to get proper results.">
            <location file="src\bin\read.c" line="11"/>
        </error>
        <error id="memleak" severity="error" msg="Memory leak: text" verbose="Memory leak: text" cwe="401" file0="src/bin/read.c">
            <location file="src\bin\read.c" line="29"/>
        </error>
        <error id="resourceLeak" severity="error" msg="Resource leak: f" verbose="Resource leak: f" cwe="775" file0="src/bin/read.c">
            <location file="src\bin\read.c" line="29"/>
        </error>
        <error id="noValidConfiguration" severity="information" msg="This file is not analyzed. Cppcheck failed to extract a valid configuration. Use -v for more details." verbose="This file is not analyzed. Cppcheck failed to extract a valid configuration. The tested configurations have these preprocessor errors:&#10;&amp;#039;&amp;#039; : [C:/Users/Harini S/Desktop/flawfinder-2.0.19/test/mako-master/src/common/stdint.h:277] #error required type int_least8_t missing&#10;LLONG_MAX;__LONG_LONG_MAX__ : [C:/Users/Harini S/Desktop/flawfinder-2.0.19/test/mako-master/src/common/stdint.h:277] #error required type int_least8_t missing&#10;__GNUC_MINOR__;__GNUC__ : [C:/Users/Harini S/Desktop/flawfinder-2.0.19/test/mako-master/src/common/stdint.h:277] #error required type int_least8_t missing&#10;__INTMAX_MAX__ : [C:/Users/Harini S/Desktop/flawfinder-2.0.19/test/mako-master/src/common/stdint.h:277] #error required type int_least8_t missing&#10;__INTMAX_TYPE__ : [C:/Users/Harini S/Desktop/flawfinder-2.0.19/test/mako-master/src/common/stdint.h:277] #error required type int_least8_t missing&#10;__PTRDIFF_MAX__ : [C:/Users/Harini S/Desktop/flawfinder-2.0.19/test/mako-master/src/common/stdint.h:277] #error required type int_least8_t missing&#10;__PTRDIFF_TYPE__ : [C:/Users/Harini S/Desktop/flawfinder-2.0.19/test/mako-master/src/common/stdint.h:277] #error required type int_least8_t missing&#10;__PTRDIFF_TYPE__;__UINTPTR_MAX__ : [C:/Users/Harini S/Desktop/flawfinder-2.0.19/test/mako-master/src/common/stdint.h:277] #error required type int_least8_t missing&#10;__SIZE_MAX__ : [C:/Users/Harini S/Desktop/flawfinder-2.0.19/test/mako-master/src/common/stdint.h:277] #error required type int_least8_t missing&#10;__SPU__ : [C:/Users/Harini S/Desktop/flawfinder-2.0.19/test/mako-master/src/common/stdint.h:277] #error required type int_least8_t missing&#10;__UINTMAX_MAX__ : [C:/Users/Harini S/Desktop/flawfinder-2.0.19/test/mako-master/src/common/stdint.h:277] #error required type int_least8_t missing&#10;__UINTMAX_TYPE__ : [C:/Users/Harini S/Desktop/flawfinder-2.0.19/test/mako-master/src/common/stdint.h:277] #error required type int_least8_t missing&#10;__WCHAR_MAX__ : [C:/Users/Harini S/Desktop/flawfinder-2.0.19/test/mako-master/src/common/stdint.h:277] #error required type int_least8_t missing&#10;__WCHAR_MIN__ : [C:/Users/Harini S/Desktop/flawfinder-2.0.19/test/mako-master/src/common/stdint.h:277] #error required type int_least8_t missing&#10;__WINT_MAX__ : [C:/Users/Harini S/Desktop/flawfinder-2.0.19/test/mako-master/src/common/stdint.h:277] #error required type int_least8_t missing&#10;__WINT_MIN__ : [C:/Users/Harini S/Desktop/flawfinder-2.0.19/test/mako-master/src/common/stdint.h:277] #error required type int_least8_t missing&#10;__int_fast16_t_defined=0 : [C:/Users/Harini S/Desktop/flawfinder-2.0.19/test/mako-master/src/common/stdint.h:277] #error required type int_least8_t missing&#10;__int_fast32_t_defined=0 : [C:/Users/Harini S/Desktop/flawfinder-2.0.19/test/mako-master/src/common/stdint.h:277] #error required type int_least8_t missing&#10;__int_fast64_t_defined=0 : [C:/Users/Harini S/Desktop/flawfinder-2.0.19/test/mako-master/src/common/stdint.h:277] #error required type int_least8_t missing&#10;__int_fast8_t_defined=0 : [C:/Users/Harini S/Desktop/flawfinder-2.0.19/test/mako-master/src/common/stdint.h:277] #error required type int_least8_t missing&#10;__int_least16_t_defined=0 : [C:/Users/Harini S/Desktop/flawfinder-2.0.19/test/mako-master/src/common/stdint.h:277] #error required type int_least8_t missing&#10;__int_least32_t_defined=0 : [C:/Users/Harini S/Desktop/flawfinder-2.0.19/test/mako-master/src/common/stdint.h:277] #error required type int_least8_t missing&#10;__int_least8_t_defined=0 : [C:/Users/Harini S/Desktop/flawfinder-2.0.19/test/mako-master/src/common/stdint.h:277] #error required type int_least8_t missing" file0="src/kernel/ata.c">
            <location file="src\kernel\ata.c" line="0"/>
        </error>
        <error id="missingIncludeSystem" severity="information" msg="Include file: &amp;lt;stddef.h&amp;gt; not found. Please note: Cppcheck does not need standard library headers to get proper results." verbose="Include file: &amp;lt;stddef.h&amp;gt; not found. Please note: Cppcheck does not need standard library headers to get proper results.">
            <location file="src\kernel\ds.c" line="8"/>
        </error>
        <error id="noValidConfiguration" severity="information" msg="This file is not analyzed. Cppcheck failed to extract a valid configuration. Use -v for more details." verbose="This file is not analyzed. Cppcheck failed to extract a valid configuration. The tested configurations have these preprocessor errors:&#10;&amp;#039;&amp;#039; : [C:/Users/Harini S/Desktop/flawfinder-2.0.19/test/mako-master/src/common/stdint.h:277] #error required type int_least8_t missing&#10;LLONG_MAX;__LONG_LONG_MAX__ : [C:/Users/Harini S/Desktop/flawfinder-2.0.19/test/mako-master/src/common/stdint.h:277] #error required type int_least8_t missing&#10;__GNUC_MINOR__;__GNUC__ : [C:/Users/Harini S/Desktop/flawfinder-2.0.19/test/mako-master/src/common/stdint.h:277] #error required type int_least8_t missing&#10;__INTMAX_MAX__ : [C:/Users/Harini S/Desktop/flawfinder-2.0.19/test/mako-master/src/common/stdint.h:277] #error required type int_least8_t missing&#10;__INTMAX_TYPE__ : [C:/Users/Harini S/Desktop/flawfinder-2.0.19/test/mako-master/src/common/stdint.h:277] #error required type int_least8_t missing&#10;__PTRDIFF_MAX__ : [C:/Users/Harini S/Desktop/flawfinder-2.0.19/test/mako-master/src/common/stdint.h:277] #error required type int_least8_t missing&#10;__PTRDIFF_TYPE__ : [C:/Users/Harini S/Desktop/flawfinder-2.0.19/test/mako-master/src/common/stdint.h:277] #error required type int_least8_t missing&#10;__PTRDIFF_TYPE__;__UINTPTR_MAX__ : [C:/Users/Harini S/Desktop/flawfinder-2.0.19/test/mako-master/src/common/stdint.h:277] #error required type int_least8_t missing&#10;__SIZE_MAX__ : [C:/Users/Harini S/Desktop/flawfinder-2.0.19/test/mako-master/src/common/stdint.h:277] #error required type int_least8_t missing&#10;__SPU__ : [C:/Users/Harini S/Desktop/flawfinder-2.0.19/test/mako-master/src/common/stdint.h:277] #error required type int_least8_t missing&#10;__UINTMAX_MAX__ : [C:/Users/Harini S/Desktop/flawfinder-2.0.19/test/mako-master/src/common/stdint.h:277] #error required type int_least8_t missing&#10;__UINTMAX_TYPE__ : [C:/Users/Harini S/Desktop/flawfinder-2.0.19/test/mako-master/src/common/stdint.h:277] #error required type int_least8_t missing&#10;__WCHAR_MAX__ : [C:/Users/Harini S/Desktop/flawfinder-2.0.19/test/mako-master/src/common/stdint.h:277] #error required type int_least8_t missing&#10;__WCHAR_MIN__ : [C:/Users/Harini S/Desktop/flawfinder-2.0.19/test/mako-master/src/common/stdint.h:277] #error required type int_least8_t missing&#10;__WINT_MAX__ : [C:/Users/Harini S/Desktop/flawfinder-2.0.19/test/mako-master/src/common/stdint.h:277] #error required type int_least8_t missing&#10;__WINT_MIN__ : [C:/Users/Harini S/Desktop/flawfinder-2.0.19/test/mako-master/src/common/stdint.h:277] #error required type int_least8_t missing&#10;__int_fast16_t_defined=0 : [C:/Users/Harini S/Desktop/flawfinder-2.0.19/test/mako-master/src/common/stdint.h:277] #error required type int_least8_t missing&#10;__int_fast32_t_defined=0 : [C:/Users/Harini S/Desktop/flawfinder-2.0.19/test/mako-master/src/common/stdint.h:277] #error required type int_least8_t missing&#10;__int_fast64_t_defined=0 : [C:/Users/Harini S/Desktop/flawfinder-2.0.19/test/mako-master/src/common/stdint.h:277] #error required type int_least8_t missing&#10;__int_fast8_t_defined=0 : [C:/Users/Harini S/Desktop/flawfinder-2.0.19/test/mako-master/src/common/stdint.h:277] #error required type int_least8_t missing&#10;__int_least16_t_defined=0 : [C:/Users/Harini S/Desktop/flawfinder-2.0.19/test/mako-master/src/common/stdint.h:277] #error required type int_least8_t missing&#10;__int_least32_t_defined=0 : [C:/Users/Harini S/Desktop/flawfinder-2.0.19/test/mako-master/src/common/stdint.h:277] #error required type int_least8_t missing&#10;__int_least8_t_defined=0 : [C:/Users/Harini S/Desktop/flawfinder-2.0.19/test/mako-master/src/common/stdint.h:277] #error required type int_least8_t missing" file0="src/kernel/ds.c">
            <location file="src\kernel\ds.c" line="0"/>
        </error>
        <error id="noValidConfiguration" severity="information" msg="This file is not analyzed. Cppcheck failed to extract a valid configuration. Use -v for more details." verbose="This file is not analyzed. Cppcheck failed to extract a valid configuration. The tested configurations have these preprocessor errors:&#10;&amp;#039;&amp;#039; : [C:/Users/Harini S/Desktop/flawfinder-2.0.19/test/mako-master/src/common/stdint.h:277] #error required type int_least8_t missing&#10;LLONG_MAX;__LONG_LONG_MAX__ : [C:/Users/Harini S/Desktop/flawfinder-2.0.19/test/mako-master/src/common/stdint.h:277] #error required type int_least8_t missing&#10;__GNUC_MINOR__;__GNUC__ : [C:/Users/Harini S/Desktop/flawfinder-2.0.19/test/mako-master/src/common/stdint.h:277] #error required type int_least8_t missing&#10;__INTMAX_MAX__ : [C:/Users/Harini S/Desktop/flawfinder-2.0.19/test/mako-master/src/common/stdint.h:277] #error required type int_least8_t missing&#10;__INTMAX_TYPE__ : [C:/Users/Harini S/Desktop/flawfinder-2.0.19/test/mako-master/src/common/stdint.h:277] #error required type int_least8_t missing&#10;__PTRDIFF_MAX__ : [C:/Users/Harini S/Desktop/flawfinder-2.0.19/test/mako-master/src/common/stdint.h:277] #error required type int_least8_t missing&#10;__PTRDIFF_TYPE__ : [C:/Users/Harini S/Desktop/flawfinder-2.0.19/test/mako-master/src/common/stdint.h:277] #error required type int_least8_t missing&#10;__PTRDIFF_TYPE__;__UINTPTR_MAX__ : [C:/Users/Harini S/Desktop/flawfinder-2.0.19/test/mako-master/src/common/stdint.h:277] #error required type int_least8_t missing&#10;__SIZE_MAX__ : [C:/Users/Harini S/Desktop/flawfinder-2.0.19/test/mako-master/src/common/stdint.h:277] #error required type int_least8_t missing&#10;__SPU__ : [C:/Users/Harini S/Desktop/flawfinder-2.0.19/test/mako-master/src/common/stdint.h:277] #error required type int_least8_t missing&#10;__UINTMAX_MAX__ : [C:/Users/Harini S/Desktop/flawfinder-2.0.19/test/mako-master/src/common/stdint.h:277] #error required type int_least8_t missing&#10;__UINTMAX_TYPE__ : [C:/Users/Harini S/Desktop/flawfinder-2.0.19/test/mako-master/src/common/stdint.h:277] #error required type int_least8_t missing&#10;__WCHAR_MAX__ : [C:/Users/Harini S/Desktop/flawfinder-2.0.19/test/mako-master/src/common/stdint.h:277] #error required type int_least8_t missing&#10;__WCHAR_MIN__ : [C:/Users/Harini S/Desktop/flawfinder-2.0.19/test/mako-master/src/common/stdint.h:277] #error required type int_least8_t missing&#10;__WINT_MAX__ : [C:/Users/Harini S/Desktop/flawfinder-2.0.19/test/mako-master/src/common/stdint.h:277] #error required type int_least8_t missing&#10;__WINT_MIN__ : [C:/Users/Harini S/Desktop/flawfinder-2.0.19/test/mako-master/src/common/stdint.h:277] #error required type int_least8_t missing&#10;__int_fast16_t_defined=0 : [C:/Users/Harini S/Desktop/flawfinder-2.0.19/test/mako-master/src/common/stdint.h:277] #error required type int_least8_t missing&#10;__int_fast32_t_defined=0 : [C:/Users/Harini S/Desktop/flawfinder-2.0.19/test/mako-master/src/common/stdint.h:277] #error required type int_least8_t missing&#10;__int_fast64_t_defined=0 : [C:/Users/Harini S/Desktop/flawfinder-2.0.19/test/mako-master/src/common/stdint.h:277] #error required type int_least8_t missing&#10;__int_fast8_t_defined=0 : [C:/Users/Harini S/Desktop/flawfinder-2.0.19/test/mako-master/src/common/stdint.h:277] #error required type int_least8_t missing&#10;__int_least16_t_defined=0 : [C:/Users/Harini S/Desktop/flawfinder-2.0.19/test/mako-master/src/common/stdint.h:277] #error required type int_least8_t missing&#10;__int_least32_t_defined=0 : [C:/Users/Harini S/Desktop/flawfinder-2.0.19/test/mako-master/src/common/stdint.h:277] #error required type int_least8_t missing&#10;__int_least8_t_defined=0 : [C:/Users/Harini S/Desktop/flawfinder-2.0.19/test/mako-master/src/common/stdint.h:277] #error required type int_least8_t missing" file0="src/kernel/elf.c">
            <location file="src\kernel\elf.c" line="0"/>
        </error>
        <error id="noValidConfiguration" severity="information" msg="This file is not analyzed. Cppcheck failed to extract a valid configuration. Use -v for more details." verbose="This file is not analyzed. Cppcheck failed to extract a valid configuration. The tested configurations have these preprocessor errors:&#10;&amp;#039;&amp;#039; : [C:/Users/Harini S/Desktop/flawfinder-2.0.19/test/mako-master/src/common/stdint.h:277] #error required type int_least8_t missing&#10;LLONG_MAX;__LONG_LONG_MAX__ : [C:/Users/Harini S/Desktop/flawfinder-2.0.19/test/mako-master/src/common/stdint.h:277] #error required type int_least8_t missing&#10;__GNUC_MINOR__;__GNUC__ : [C:/Users/Harini S/Desktop/flawfinder-2.0.19/test/mako-master/src/common/stdint.h:277] #error required type int_least8_t missing&#10;__INTMAX_MAX__ : [C:/Users/Harini S/Desktop/flawfinder-2.0.19/test/mako-master/src/common/stdint.h:277] #error required type int_least8_t missing&#10;__INTMAX_TYPE__ : [C:/Users/Harini S/Desktop/flawfinder-2.0.19/test/mako-master/src/common/stdint.h:277] #error required type int_least8_t missing&#10;__PTRDIFF_MAX__ : [C:/Users/Harini S/Desktop/flawfinder-2.0.19/test/mako-master/src/common/stdint.h:277] #error required type int_least8_t missing&#10;__PTRDIFF_TYPE__ : [C:/Users/Harini S/Desktop/flawfinder-2.0.19/test/mako-master/src/common/stdint.h:277] #error required type int_least8_t missing&#10;__PTRDIFF_TYPE__;__UINTPTR_MAX__ : [C:/Users/Harini S/Desktop/flawfinder-2.0.19/test/mako-master/src/common/stdint.h:277] #error required type int_least8_t missing&#10;__SIZE_MAX__ : [C:/Users/Harini S/Desktop/flawfinder-2.0.19/test/mako-master/src/common/stdint.h:277] #error required type int_least8_t missing&#10;__SPU__ : [C:/Users/Harini S/Desktop/flawfinder-2.0.19/test/mako-master/src/common/stdint.h:277] #error required type int_least8_t missing&#10;__UINTMAX_MAX__ : [C:/Users/Harini S/Desktop/flawfinder-2.0.19/test/mako-master/src/common/stdint.h:277] #error required type int_least8_t missing&#10;__UINTMAX_TYPE__ : [C:/Users/Harini S/Desktop/flawfinder-2.0.19/test/mako-master/src/common/stdint.h:277] #error required type int_least8_t missing&#10;__WCHAR_MAX__ : [C:/Users/Harini S/Desktop/flawfinder-2.0.19/test/mako-master/src/common/stdint.h:277] #error required type int_least8_t missing&#10;__WCHAR_MIN__ : [C:/Users/Harini S/Desktop/flawfinder-2.0.19/test/mako-master/src/common/stdint.h:277] #error required type int_least8_t missing&#10;__WINT_MAX__ : [C:/Users/Harini S/Desktop/flawfinder-2.0.19/test/mako-master/src/common/stdint.h:277] #error required type int_least8_t missing&#10;__WINT_MIN__ : [C:/Users/Harini S/Desktop/flawfinder-2.0.19/test/mako-master/src/common/stdint.h:277] #error required type int_least8_t missing&#10;__int_fast16_t_defined=0 : [C:/Users/Harini S/Desktop/flawfinder-2.0.19/test/mako-master/src/common/stdint.h:277] #error required type int_least8_t missing&#10;__int_fast32_t_defined=0 : [C:/Users/Harini S/Desktop/flawfinder-2.0.19/test/mako-master/src/common/stdint.h:277] #error required type int_least8_t missing&#10;__int_fast64_t_defined=0 : [C:/Users/Harini S/Desktop/flawfinder-2.0.19/test/mako-master/src/common/stdint.h:277] #error required type int_least8_t missing&#10;__int_fast8_t_defined=0 : [C:/Users/Harini S/Desktop/flawfinder-2.0.19/test/mako-master/src/common/stdint.h:277] #error required type int_least8_t missing&#10;__int_least16_t_defined=0 : [C:/Users/Harini S/Desktop/flawfinder-2.0.19/test/mako-master/src/common/stdint.h:277] #error required type int_least8_t missing&#10;__int_least32_t_defined=0 : [C:/Users/Harini S/Desktop/flawfinder-2.0.19/test/mako-master/src/common/stdint.h:277] #error required type int_least8_t missing&#10;__int_least8_t_defined=0 : [C:/Users/Harini S/Desktop/flawfinder-2.0.19/test/mako-master/src/common/stdint.h:277] #error required type int_least8_t missing" file0="src/kernel/fpu.c">
            <location file="src\kernel\fpu.c" line="0"/>
        </error>
        <error id="missingIncludeSystem" severity="information" msg="Include file: &amp;lt;stddef.h&amp;gt; not found. Please note: Cppcheck does not need standard library headers to get proper results." verbose="Include file: &amp;lt;stddef.h&amp;gt; not found. Please note: Cppcheck does not need standard library headers to get proper results.">
            <location file="src\kernel\fs.c" line="8"/>
        </error>
        <error id="noValidConfiguration" severity="information" msg="This file is not analyzed. Cppcheck failed to extract a valid configuration. Use -v for more details." verbose="This file is not analyzed. Cppcheck failed to extract a valid configuration. The tested configurations have these preprocessor errors:&#10;&amp;#039;&amp;#039; : [C:/Users/Harini S/Desktop/flawfinder-2.0.19/test/mako-master/src/common/stdint.h:277] #error required type int_least8_t missing&#10;LLONG_MAX;__LONG_LONG_MAX__ : [C:/Users/Harini S/Desktop/flawfinder-2.0.19/test/mako-master/src/common/stdint.h:277] #error required type int_least8_t missing&#10;__GNUC_MINOR__;__GNUC__ : [C:/Users/Harini S/Desktop/flawfinder-2.0.19/test/mako-master/src/common/stdint.h:277] #error required type int_least8_t missing&#10;__INTMAX_MAX__ : [C:/Users/Harini S/Desktop/flawfinder-2.0.19/test/mako-master/src/common/stdint.h:277] #error required type int_least8_t missing&#10;__INTMAX_TYPE__ : [C:/Users/Harini S/Desktop/flawfinder-2.0.19/test/mako-master/src/common/stdint.h:277] #error required type int_least8_t missing&#10;__PTRDIFF_MAX__ : [C:/Users/Harini S/Desktop/flawfinder-2.0.19/test/mako-master/src/common/stdint.h:277] #error required type int_least8_t missing&#10;__PTRDIFF_TYPE__ : [C:/Users/Harini S/Desktop/flawfinder-2.0.19/test/mako-master/src/common/stdint.h:277] #error required type int_least8_t missing&#10;__PTRDIFF_TYPE__;__UINTPTR_MAX__ : [C:/Users/Harini S/Desktop/flawfinder-2.0.19/test/mako-master/src/common/stdint.h:277] #error required type int_least8_t missing&#10;__SIZE_MAX__ : [C:/Users/Harini S/Desktop/flawfinder-2.0.19/test/mako-master/src/common/stdint.h:277] #error required type int_least8_t missing&#10;__SPU__ : [C:/Users/Harini S/Desktop/flawfinder-2.0.19/test/mako-master/src/common/stdint.h:277] #error required type int_least8_t missing&#10;__UINTMAX_MAX__ : [C:/Users/Harini S/Desktop/flawfinder-2.0.19/test/mako-master/src/common/stdint.h:277] #error required type int_least8_t missing&#10;__UINTMAX_TYPE__ : [C:/Users/Harini S/Desktop/flawfinder-2.0.19/test/mako-master/src/common/stdint.h:277] #error required type int_least8_t missing&#10;__WCHAR_MAX__ : [C:/Users/Harini S/Desktop/flawfinder-2.0.19/test/mako-master/src/common/stdint.h:277] #error required type int_least8_t missing&#10;__WCHAR_MIN__ : [C:/Users/Harini S/Desktop/flawfinder-2.0.19/test/mako-master/src/common/stdint.h:277] #error required type int_least8_t missing&#10;__WINT_MAX__ : [C:/Users/Harini S/Desktop/flawfinder-2.0.19/test/mako-master/src/common/stdint.h:277] #error required type int_least8_t missing&#10;__WINT_MIN__ : [C:/Users/Harini S/Desktop/flawfinder-2.0.19/test/mako-master/src/common/stdint.h:277] #error required type int_least8_t missing&#10;__int_fast16_t_defined=0 : [C:/Users/Harini S/Desktop/flawfinder-2.0.19/test/mako-master/src/common/stdint.h:277] #error required type int_least8_t missing&#10;__int_fast32_t_defined=0 : [C:/Users/Harini S/Desktop/flawfinder-2.0.19/test/mako-master/src/common/stdint.h:277] #error required type int_least8_t missing&#10;__int_fast64_t_defined=0 : [C:/Users/Harini S/Desktop/flawfinder-2.0.19/test/mako-master/src/common/stdint.h:277] #error required type int_least8_t missing&#10;__int_fast8_t_defined=0 : [C:/Users/Harini S/Desktop/flawfinder-2.0.19/test/mako-master/src/common/stdint.h:277] #error required type int_least8_t missing&#10;__int_least16_t_defined=0 : [C:/Users/Harini S/Desktop/flawfinder-2.0.19/test/mako-master/src/common/stdint.h:277] #error required type int_least8_t missing&#10;__int_least32_t_defined=0 : [C:/Users/Harini S/Desktop/flawfinder-2.0.19/test/mako-master/src/common/stdint.h:277] #error required type int_least8_t missing&#10;__int_least8_t_defined=0 : [C:/Users/Harini S/Desktop/flawfinder-2.0.19/test/mako-master/src/common/stdint.h:277] #error required type int_least8_t missing" file0="src/kernel/fs.c">
            <location file="src\kernel\fs.c" line="0"/>
        </error>
        <error id="noValidConfiguration" severity="information" msg="This file is not analyzed. Cppcheck failed to extract a valid configuration. Use -v for more details." verbose="This file is not analyzed. Cppcheck failed to extract a valid configuration. The tested configurations have these preprocessor errors:&#10;&amp;#039;&amp;#039; : [C:/Users/Harini S/Desktop/flawfinder-2.0.19/test/mako-master/src/common/stdint.h:277] #error required type int_least8_t missing&#10;LLONG_MAX;__LONG_LONG_MAX__ : [C:/Users/Harini S/Desktop/flawfinder-2.0.19/test/mako-master/src/common/stdint.h:277] #error required type int_least8_t missing&#10;__GNUC_MINOR__;__GNUC__ : [C:/Users/Harini S/Desktop/flawfinder-2.0.19/test/mako-master/src/common/stdint.h:277] #error required type int_least8_t missing&#10;__INTMAX_MAX__ : [C:/Users/Harini S/Desktop/flawfinder-2.0.19/test/mako-master/src/common/stdint.h:277] #error required type int_least8_t missing&#10;__INTMAX_TYPE__ : [C:/Users/Harini S/Desktop/flawfinder-2.0.19/test/mako-master/src/common/stdint.h:277] #error required type int_least8_t missing&#10;__PTRDIFF_MAX__ : [C:/Users/Harini S/Desktop/flawfinder-2.0.19/test/mako-master/src/common/stdint.h:277] #error required type int_least8_t missing&#10;__PTRDIFF_TYPE__ : [C:/Users/Harini S/Desktop/flawfinder-2.0.19/test/mako-master/src/common/stdint.h:277] #error required type int_least8_t missing&#10;__PTRDIFF_TYPE__;__UINTPTR_MAX__ : [C:/Users/Harini S/Desktop/flawfinder-2.0.19/test/mako-master/src/common/stdint.h:277] #error required type int_least8_t missing&#10;__SIZE_MAX__ : [C:/Users/Harini S/Desktop/flawfinder-2.0.19/test/mako-master/src/common/stdint.h:277] #error required type int_least8_t missing&#10;__SPU__ : [C:/Users/Harini S/Desktop/flawfinder-2.0.19/test/mako-master/src/common/stdint.h:277] #error required type int_least8_t missing&#10;__UINTMAX_MAX__ : [C:/Users/Harini S/Desktop/flawfinder-2.0.19/test/mako-master/src/common/stdint.h:277] #error required type int_least8_t missing&#10;__UINTMAX_TYPE__ : [C:/Users/Harini S/Desktop/flawfinder-2.0.19/test/mako-master/src/common/stdint.h:277] #error required type int_least8_t missing&#10;__WCHAR_MAX__ : [C:/Users/Harini S/Desktop/flawfinder-2.0.19/test/mako-master/src/common/stdint.h:277] #error required type int_least8_t missing&#10;__WCHAR_MIN__ : [C:/Users/Harini S/Desktop/flawfinder-2.0.19/test/mako-master/src/common/stdint.h:277] #error required type int_least8_t missing&#10;__WINT_MAX__ : [C:/Users/Harini S/Desktop/flawfinder-2.0.19/test/mako-master/src/common/stdint.h:277] #error required type int_least8_t missing&#10;__WINT_MIN__ : [C:/Users/Harini S/Desktop/flawfinder-2.0.19/test/mako-master/src/common/stdint.h:277] #error required type int_least8_t missing&#10;__int_fast16_t_defined=0 : [C:/Users/Harini S/Desktop/flawfinder-2.0.19/test/mako-master/src/common/stdint.h:277] #error required type int_least8_t missing&#10;__int_fast32_t_defined=0 : [C:/Users/Harini S/Desktop/flawfinder-2.0.19/test/mako-master/src/common/stdint.h:277] #error required type int_least8_t missing&#10;__int_fast64_t_defined=0 : [C:/Users/Harini S/Desktop/flawfinder-2.0.19/test/mako-master/src/common/stdint.h:277] #error required type int_least8_t missing&#10;__int_fast8_t_defined=0 : [C:/Users/Harini S/Desktop/flawfinder-2.0.19/test/mako-master/src/common/stdint.h:277] #error required type int_least8_t missing&#10;__int_least16_t_defined=0 : [C:/Users/Harini S/Desktop/flawfinder-2.0.19/test/mako-master/src/common/stdint.h:277] #error required type int_least8_t missing&#10;__int_least32_t_defined=0 : [C:/Users/Harini S/Desktop/flawfinder-2.0.19/test/mako-master/src/common/stdint.h:277] #error required type int_least8_t missing&#10;__int_least8_t_defined=0 : [C:/Users/Harini S/Desktop/flawfinder-2.0.19/test/mako-master/src/common/stdint.h:277] #error required type int_least8_t missing" file0="src/kernel/gdt.c">
            <location file="src\kernel\gdt.c" line="0"/>
        </error>
        <error id="noValidConfiguration" severity="information" msg="This file is not analyzed. Cppcheck failed to extract a valid configuration. Use -v for more details." verbose="This file is not analyzed. Cppcheck failed to extract a valid configuration. The tested configurations have these preprocessor errors:&#10;&amp;#039;&amp;#039; : [C:/Users/Harini S/Desktop/flawfinder-2.0.19/test/mako-master/src/common/stdint.h:277] #error required type int_least8_t missing&#10;LLONG_MAX;__LONG_LONG_MAX__ : [C:/Users/Harini S/Desktop/flawfinder-2.0.19/test/mako-master/src/common/stdint.h:277] #error required type int_least8_t missing&#10;__GNUC_MINOR__;__GNUC__ : [C:/Users/Harini S/Desktop/flawfinder-2.0.19/test/mako-master/src/common/stdint.h:277] #error required type int_least8_t missing&#10;__INTMAX_MAX__ : [C:/Users/Harini S/Desktop/flawfinder-2.0.19/test/mako-master/src/common/stdint.h:277] #error required type int_least8_t missing&#10;__INTMAX_TYPE__ : [C:/Users/Harini S/Desktop/flawfinder-2.0.19/test/mako-master/src/common/stdint.h:277] #error required type int_least8_t missing&#10;__PTRDIFF_MAX__ : [C:/Users/Harini S/Desktop/flawfinder-2.0.19/test/mako-master/src/common/stdint.h:277] #error required type int_least8_t missing&#10;__PTRDIFF_TYPE__ : [C:/Users/Harini S/Desktop/flawfinder-2.0.19/test/mako-master/src/common/stdint.h:277] #error required type int_least8_t missing&#10;__PTRDIFF_TYPE__;__UINTPTR_MAX__ : [C:/Users/Harini S/Desktop/flawfinder-2.0.19/test/mako-master/src/common/stdint.h:277] #error required type int_least8_t missing&#10;__SIZE_MAX__ : [C:/Users/Harini S/Desktop/flawfinder-2.0.19/test/mako-master/src/common/stdint.h:277] #error required type int_least8_t missing&#10;__SPU__ : [C:/Users/Harini S/Desktop/flawfinder-2.0.19/test/mako-master/src/common/stdint.h:277] #error required type int_least8_t missing&#10;__UINTMAX_MAX__ : [C:/Users/Harini S/Desktop/flawfinder-2.0.19/test/mako-master/src/common/stdint.h:277] #error required type int_least8_t missing&#10;__UINTMAX_TYPE__ : [C:/Users/Harini S/Desktop/flawfinder-2.0.19/test/mako-master/src/common/stdint.h:277] #error required type int_least8_t missing&#10;__WCHAR_MAX__ : [C:/Users/Harini S/Desktop/flawfinder-2.0.19/test/mako-master/src/common/stdint.h:277] #error required type int_least8_t missing&#10;__WCHAR_MIN__ : [C:/Users/Harini S/Desktop/flawfinder-2.0.19/test/mako-master/src/common/stdint.h:277] #error required type int_least8_t missing&#10;__WINT_MAX__ : [C:/Users/Harini S/Desktop/flawfinder-2.0.19/test/mako-master/src/common/stdint.h:277] #error required type int_least8_t missing&#10;__WINT_MIN__ : [C:/Users/Harini S/Desktop/flawfinder-2.0.19/test/mako-master/src/common/stdint.h:277] #error required type int_least8_t missing&#10;__int_fast16_t_defined=0 : [C:/Users/Harini S/Desktop/flawfinder-2.0.19/test/mako-master/src/common/stdint.h:277] #error required type int_least8_t missing&#10;__int_fast32_t_defined=0 : [C:/Users/Harini S/Desktop/flawfinder-2.0.19/test/mako-master/src/common/stdint.h:277] #error required type int_least8_t missing&#10;__int_fast64_t_defined=0 : [C:/Users/Harini S/Desktop/flawfinder-2.0.19/test/mako-master/src/common/stdint.h:277] #error required type int_least8_t missing&#10;__int_fast8_t_defined=0 : [C:/Users/Harini S/Desktop/flawfinder-2.0.19/test/mako-master/src/common/stdint.h:277] #error required type int_least8_t missing&#10;__int_least16_t_defined=0 : [C:/Users/Harini S/Desktop/flawfinder-2.0.19/test/mako-master/src/common/stdint.h:277] #error required type int_least8_t missing&#10;__int_least32_t_defined=0 : [C:/Users/Harini S/Desktop/flawfinder-2.0.19/test/mako-master/src/common/stdint.h:277] #error required type int_least8_t missing&#10;__int_least8_t_defined=0 : [C:/Users/Harini S/Desktop/flawfinder-2.0.19/test/mako-master/src/common/stdint.h:277] #error required type int_least8_t missing" file0="src/kernel/idt.c">
            <location file="src\kernel\idt.c" line="0"/>
        </error>
        <error id="noValidConfiguration" severity="information" msg="This file is not analyzed. Cppcheck failed to extract a valid configuration. Use -v for more details." verbose="This file is not analyzed. Cppcheck failed to extract a valid configuration. The tested configurations have these preprocessor errors:&#10;&amp;#039;&amp;#039; : [C:/Users/Harini S/Desktop/flawfinder-2.0.19/test/mako-master/src/common/stdint.h:277] #error required type int_least8_t missing&#10;LLONG_MAX;__LONG_LONG_MAX__ : [C:/Users/Harini S/Desktop/flawfinder-2.0.19/test/mako-master/src/common/stdint.h:277] #error required type int_least8_t missing&#10;__GNUC_MINOR__;__GNUC__ : [C:/Users/Harini S/Desktop/flawfinder-2.0.19/test/mako-master/src/common/stdint.h:277] #error required type int_least8_t missing&#10;__INTMAX_MAX__ : [C:/Users/Harini S/Desktop/flawfinder-2.0.19/test/mako-master/src/common/stdint.h:277] #error required type int_least8_t missing&#10;__INTMAX_TYPE__ : [C:/Users/Harini S/Desktop/flawfinder-2.0.19/test/mako-master/src/common/stdint.h:277] #error required type int_least8_t missing&#10;__PTRDIFF_MAX__ : [C:/Users/Harini S/Desktop/flawfinder-2.0.19/test/mako-master/src/common/stdint.h:277] #error required type int_least8_t missing&#10;__PTRDIFF_TYPE__ : [C:/Users/Harini S/Desktop/flawfinder-2.0.19/test/mako-master/src/common/stdint.h:277] #error required type int_least8_t missing&#10;__PTRDIFF_TYPE__;__UINTPTR_MAX__ : [C:/Users/Harini S/Desktop/flawfinder-2.0.19/test/mako-master/src/common/stdint.h:277] #error required type int_least8_t missing&#10;__SIZE_MAX__ : [C:/Users/Harini S/Desktop/flawfinder-2.0.19/test/mako-master/src/common/stdint.h:277] #error required type int_least8_t missing&#10;__SPU__ : [C:/Users/Harini S/Desktop/flawfinder-2.0.19/test/mako-master/src/common/stdint.h:277] #error required type int_least8_t missing&#10;__UINTMAX_MAX__ : [C:/Users/Harini S/Desktop/flawfinder-2.0.19/test/mako-master/src/common/stdint.h:277] #error required type int_least8_t missing&#10;__UINTMAX_TYPE__ : [C:/Users/Harini S/Desktop/flawfinder-2.0.19/test/mako-master/src/common/stdint.h:277] #error required type int_least8_t missing&#10;__WCHAR_MAX__ : [C:/Users/Harini S/Desktop/flawfinder-2.0.19/test/mako-master/src/common/stdint.h:277] #error required type int_least8_t missing&#10;__WCHAR_MIN__ : [C:/Users/Harini S/Desktop/flawfinder-2.0.19/test/mako-master/src/common/stdint.h:277] #error required type int_least8_t missing&#10;__WINT_MAX__ : [C:/Users/Harini S/Desktop/flawfinder-2.0.19/test/mako-master/src/common/stdint.h:277] #error required type int_least8_t missing&#10;__WINT_MIN__ : [C:/Users/Harini S/Desktop/flawfinder-2.0.19/test/mako-master/src/common/stdint.h:277] #error required type int_least8_t missing&#10;__int_fast16_t_defined=0 : [C:/Users/Harini S/Desktop/flawfinder-2.0.19/test/mako-master/src/common/stdint.h:277] #error required type int_least8_t missing&#10;__int_fast32_t_defined=0 : [C:/Users/Harini S/Desktop/flawfinder-2.0.19/test/mako-master/src/common/stdint.h:277] #error required type int_least8_t missing&#10;__int_fast64_t_defined=0 : [C:/Users/Harini S/Desktop/flawfinder-2.0.19/test/mako-master/src/common/stdint.h:277] #error required type int_least8_t missing&#10;__int_fast8_t_defined=0 : [C:/Users/Harini S/Desktop/flawfinder-2.0.19/test/mako-master/src/common/stdint.h:277] #error required type int_least8_t missing&#10;__int_least16_t_defined=0 : [C:/Users/Harini S/Desktop/flawfinder-2.0.19/test/mako-master/src/common/stdint.h:277] #error required type int_least8_t missing&#10;__int_least32_t_defined=0 : [C:/Users/Harini S/Desktop/flawfinder-2.0.19/test/mako-master/src/common/stdint.h:277] #error required type int_least8_t missing&#10;__int_least8_t_defined=0 : [C:/Users/Harini S/Desktop/flawfinder-2.0.19/test/mako-master/src/common/stdint.h:277] #error required type int_least8_t missing" file0="src/kernel/interrupt.c">
            <location file="src\kernel\interrupt.c" line="0"/>
        </error>
        <error id="noValidConfiguration" severity="information" msg="This file is not analyzed. Cppcheck failed to extract a valid configuration. Use -v for more details." verbose="This file is not analyzed. Cppcheck failed to extract a valid configuration. The tested configurations have these preprocessor errors:&#10;&amp;#039;&amp;#039; : [C:/Users/Harini S/Desktop/flawfinder-2.0.19/test/mako-master/src/common/stdint.h:277] #error required type int_least8_t missing&#10;LLONG_MAX;__LONG_LONG_MAX__ : [C:/Users/Harini S/Desktop/flawfinder-2.0.19/test/mako-master/src/common/stdint.h:277] #error required type int_least8_t missing&#10;__GNUC_MINOR__;__GNUC__ : [C:/Users/Harini S/Desktop/flawfinder-2.0.19/test/mako-master/src/common/stdint.h:277] #error required type int_least8_t missing&#10;__INTMAX_MAX__ : [C:/Users/Harini S/Desktop/flawfinder-2.0.19/test/mako-master/src/common/stdint.h:277] #error required type int_least8_t missing&#10;__INTMAX_TYPE__ : [C:/Users/Harini S/Desktop/flawfinder-2.0.19/test/mako-master/src/common/stdint.h:277] #error required type int_least8_t missing&#10;__PTRDIFF_MAX__ : [C:/Users/Harini S/Desktop/flawfinder-2.0.19/test/mako-master/src/common/stdint.h:277] #error required type int_least8_t missing&#10;__PTRDIFF_TYPE__ : [C:/Users/Harini S/Desktop/flawfinder-2.0.19/test/mako-master/src/common/stdint.h:277] #error required type int_least8_t missing&#10;__PTRDIFF_TYPE__;__UINTPTR_MAX__ : [C:/Users/Harini S/Desktop/flawfinder-2.0.19/test/mako-master/src/common/stdint.h:277] #error required type int_least8_t missing&#10;__SIZE_MAX__ : [C:/Users/Harini S/Desktop/flawfinder-2.0.19/test/mako-master/src/common/stdint.h:277] #error required type int_least8_t missing&#10;__SPU__ : [C:/Users/Harini S/Desktop/flawfinder-2.0.19/test/mako-master/src/common/stdint.h:277] #error required type int_least8_t missing&#10;__UINTMAX_MAX__ : [C:/Users/Harini S/Desktop/flawfinder-2.0.19/test/mako-master/src/common/stdint.h:277] #error required type int_least8_t missing&#10;__UINTMAX_TYPE__ : [C:/Users/Harini S/Desktop/flawfinder-2.0.19/test/mako-master/src/common/stdint.h:277] #error required type int_least8_t missing&#10;__WCHAR_MAX__ : [C:/Users/Harini S/Desktop/flawfinder-2.0.19/test/mako-master/src/common/stdint.h:277] #error required type int_least8_t missing&#10;__WCHAR_MIN__ : [C:/Users/Harini S/Desktop/flawfinder-2.0.19/test/mako-master/src/common/stdint.h:277] #error required type int_least8_t missing&#10;__WINT_MAX__ : [C:/Users/Harini S/Desktop/flawfinder-2.0.19/test/mako-master/src/common/stdint.h:277] #error required type int_least8_t missing&#10;__WINT_MIN__ : [C:/Users/Harini S/Desktop/flawfinder-2.0.19/test/mako-master/src/common/stdint.h:277] #error required type int_least8_t missing&#10;__int_fast16_t_defined=0 : [C:/Users/Harini S/Desktop/flawfinder-2.0.19/test/mako-master/src/common/stdint.h:277] #error required type int_least8_t missing&#10;__int_fast32_t_defined=0 : [C:/Users/Harini S/Desktop/flawfinder-2.0.19/test/mako-master/src/common/stdint.h:277] #error required type int_least8_t missing&#10;__int_fast64_t_defined=0 : [C:/Users/Harini S/Desktop/flawfinder-2.0.19/test/mako-master/src/common/stdint.h:277] #error required type int_least8_t missing&#10;__int_fast8_t_defined=0 : [C:/Users/Harini S/Desktop/flawfinder-2.0.19/test/mako-master/src/common/stdint.h:277] #error required type int_least8_t missing&#10;__int_least16_t_defined=0 : [C:/Users/Harini S/Desktop/flawfinder-2.0.19/test/mako-master/src/common/stdint.h:277] #error required type int_least8_t missing&#10;__int_least32_t_defined=0 : [C:/Users/Harini S/Desktop/flawfinder-2.0.19/test/mako-master/src/common/stdint.h:277] #error required type int_least8_t missing&#10;__int_least8_t_defined=0 : [C:/Users/Harini S/Desktop/flawfinder-2.0.19/test/mako-master/src/common/stdint.h:277] #error required type int_least8_t missing" file0="src/kernel/keyboard.c">
            <location file="src\kernel\keyboard.c" line="0"/>
        </error>
        <error id="missingIncludeSystem" severity="information" msg="Include file: &amp;lt;stddef.h&amp;gt; not found. Please note: Cppcheck does not need standard library headers to get proper results." verbose="Include file: &amp;lt;stddef.h&amp;gt; not found. Please note: Cppcheck does not need standard library headers to get proper results.">
            <location file="src\kernel\kheap.c" line="8"/>
        </error>
        <error id="noValidConfiguration" severity="information" msg="This file is not analyzed. Cppcheck failed to extract a valid configuration. Use -v for more details." verbose="This file is not analyzed. Cppcheck failed to extract a valid configuration. The tested configurations have these preprocessor errors:&#10;&amp;#039;&amp;#039; : [C:/Users/Harini S/Desktop/flawfinder-2.0.19/test/mako-master/src/common/stdint.h:277] #error required type int_least8_t missing&#10;LLONG_MAX;__LONG_LONG_MAX__ : [C:/Users/Harini S/Desktop/flawfinder-2.0.19/test/mako-master/src/common/stdint.h:277] #error required type int_least8_t missing&#10;__GNUC_MINOR__;__GNUC__ : [C:/Users/Harini S/Desktop/flawfinder-2.0.19/test/mako-master/src/common/stdint.h:277] #error required type int_least8_t missing&#10;__INTMAX_MAX__ : [C:/Users/Harini S/Desktop/flawfinder-2.0.19/test/mako-master/src/common/stdint.h:277] #error required type int_least8_t missing&#10;__INTMAX_TYPE__ : [C:/Users/Harini S/Desktop/flawfinder-2.0.19/test/mako-master/src/common/stdint.h:277] #error required type int_least8_t missing&#10;__PTRDIFF_MAX__ : [C:/Users/Harini S/Desktop/flawfinder-2.0.19/test/mako-master/src/common/stdint.h:277] #error required type int_least8_t missing&#10;__PTRDIFF_TYPE__ : [C:/Users/Harini S/Desktop/flawfinder-2.0.19/test/mako-master/src/common/stdint.h:277] #error required type int_least8_t missing&#10;__PTRDIFF_TYPE__;__UINTPTR_MAX__ : [C:/Users/Harini S/Desktop/flawfinder-2.0.19/test/mako-master/src/common/stdint.h:277] #error required type int_least8_t missing&#10;__SIZE_MAX__ : [C:/Users/Harini S/Desktop/flawfinder-2.0.19/test/mako-master/src/common/stdint.h:277] #error required type int_least8_t missing&#10;__SPU__ : [C:/Users/Harini S/Desktop/flawfinder-2.0.19/test/mako-master/src/common/stdint.h:277] #error required type int_least8_t missing&#10;__UINTMAX_MAX__ : [C:/Users/Harini S/Desktop/flawfinder-2.0.19/test/mako-master/src/common/stdint.h:277] #error required type int_least8_t missing&#10;__UINTMAX_TYPE__ : [C:/Users/Harini S/Desktop/flawfinder-2.0.19/test/mako-master/src/common/stdint.h:277] #error required type int_least8_t missing&#10;__WCHAR_MAX__ : [C:/Users/Harini S/Desktop/flawfinder-2.0.19/test/mako-master/src/common/stdint.h:277] #error required type int_least8_t missing&#10;__WCHAR_MIN__ : [C:/Users/Harini S/Desktop/flawfinder-2.0.19/test/mako-master/src/common/stdint.h:277] #error required type int_least8_t missing&#10;__WINT_MAX__ : [C:/Users/Harini S/Desktop/flawfinder-2.0.19/test/mako-master/src/common/stdint.h:277] #error required type int_least8_t missing&#10;__WINT_MIN__ : [C:/Users/Harini S/Desktop/flawfinder-2.0.19/test/mako-master/src/common/stdint.h:277] #error required type int_least8_t missing&#10;__int_fast16_t_defined=0 : [C:/Users/Harini S/Desktop/flawfinder-2.0.19/test/mako-master/src/common/stdint.h:277] #error required type int_least8_t missing&#10;__int_fast32_t_defined=0 : [C:/Users/Harini S/Desktop/flawfinder-2.0.19/test/mako-master/src/common/stdint.h:277] #error required type int_least8_t missing&#10;__int_fast64_t_defined=0 : [C:/Users/Harini S/Desktop/flawfinder-2.0.19/test/mako-master/src/common/stdint.h:277] #error required type int_least8_t missing&#10;__int_fast8_t_defined=0 : [C:/Users/Harini S/Desktop/flawfinder-2.0.19/test/mako-master/src/common/stdint.h:277] #error required type int_least8_t missing&#10;__int_least16_t_defined=0 : [C:/Users/Harini S/Desktop/flawfinder-2.0.19/test/mako-master/src/common/stdint.h:277] #error required type int_least8_t missing&#10;__int_least32_t_defined=0 : [C:/Users/Harini S/Desktop/flawfinder-2.0.19/test/mako-master/src/common/stdint.h:277] #error required type int_least8_t missing&#10;__int_least8_t_defined=0 : [C:/Users/Harini S/Desktop/flawfinder-2.0.19/test/mako-master/src/common/stdint.h:277] #error required type int_least8_t missing" file0="src/kernel/kheap.c">
            <location file="src\kernel\kheap.c" line="0"/>
        </error>
        <error id="noValidConfiguration" severity="information" msg="This file is not analyzed. Cppcheck failed to extract a valid configuration. Use -v for more details." verbose="This file is not analyzed. Cppcheck failed to extract a valid configuration. The tested configurations have these preprocessor errors:&#10;&amp;#039;&amp;#039; : [C:/Users/Harini S/Desktop/flawfinder-2.0.19/test/mako-master/src/common/stdint.h:277] #error required type int_least8_t missing&#10;LLONG_MAX;__LONG_LONG_MAX__ : [C:/Users/Harini S/Desktop/flawfinder-2.0.19/test/mako-master/src/common/stdint.h:277] #error required type int_least8_t missing&#10;__GNUC_MINOR__;__GNUC__ : [C:/Users/Harini S/Desktop/flawfinder-2.0.19/test/mako-master/src/common/stdint.h:277] #error required type int_least8_t missing&#10;__INTMAX_MAX__ : [C:/Users/Harini S/Desktop/flawfinder-2.0.19/test/mako-master/src/common/stdint.h:277] #error required type int_least8_t missing&#10;__INTMAX_TYPE__ : [C:/Users/Harini S/Desktop/flawfinder-2.0.19/test/mako-master/src/common/stdint.h:277] #error required type int_least8_t missing&#10;__PTRDIFF_MAX__ : [C:/Users/Harini S/Desktop/flawfinder-2.0.19/test/mako-master/src/common/stdint.h:277] #error required type int_least8_t missing&#10;__PTRDIFF_TYPE__ : [C:/Users/Harini S/Desktop/flawfinder-2.0.19/test/mako-master/src/common/stdint.h:277] #error required type int_least8_t missing&#10;__PTRDIFF_TYPE__;__UINTPTR_MAX__ : [C:/Users/Harini S/Desktop/flawfinder-2.0.19/test/mako-master/src/common/stdint.h:277] #error required type int_least8_t missing&#10;__SIZE_MAX__ : [C:/Users/Harini S/Desktop/flawfinder-2.0.19/test/mako-master/src/common/stdint.h:277] #error required type int_least8_t missing&#10;__SPU__ : [C:/Users/Harini S/Desktop/flawfinder-2.0.19/test/mako-master/src/common/stdint.h:277] #error required type int_least8_t missing&#10;__UINTMAX_MAX__ : [C:/Users/Harini S/Desktop/flawfinder-2.0.19/test/mako-master/src/common/stdint.h:277] #error required type int_least8_t missing&#10;__UINTMAX_TYPE__ : [C:/Users/Harini S/Desktop/flawfinder-2.0.19/test/mako-master/src/common/stdint.h:277] #error required type int_least8_t missing&#10;__WCHAR_MAX__ : [C:/Users/Harini S/Desktop/flawfinder-2.0.19/test/mako-master/src/common/stdint.h:277] #error required type int_least8_t missing&#10;__WCHAR_MIN__ : [C:/Users/Harini S/Desktop/flawfinder-2.0.19/test/mako-master/src/common/stdint.h:277] #error required type int_least8_t missing&#10;__WINT_MAX__ : [C:/Users/Harini S/Desktop/flawfinder-2.0.19/test/mako-master/src/common/stdint.h:277] #error required type int_least8_t missing&#10;__WINT_MIN__ : [C:/Users/Harini S/Desktop/flawfinder-2.0.19/test/mako-master/src/common/stdint.h:277] #error required type int_least8_t missing&#10;__int_fast16_t_defined=0 : [C:/Users/Harini S/Desktop/flawfinder-2.0.19/test/mako-master/src/common/stdint.h:277] #error required type int_least8_t missing&#10;__int_fast32_t_defined=0 : [C:/Users/Harini S/Desktop/flawfinder-2.0.19/test/mako-master/src/common/stdint.h:277] #error required type int_least8_t missing&#10;__int_fast64_t_defined=0 : [C:/Users/Harini S/Desktop/flawfinder-2.0.19/test/mako-master/src/common/stdint.h:277] #error required type int_least8_t missing&#10;__int_fast8_t_defined=0 : [C:/Users/Harini S/Desktop/flawfinder-2.0.19/test/mako-master/src/common/stdint.h:277] #error required type int_least8_t missing&#10;__int_least16_t_defined=0 : [C:/Users/Harini S/Desktop/flawfinder-2.0.19/test/mako-master/src/common/stdint.h:277] #error required type int_least8_t missing&#10;__int_least32_t_defined=0 : [C:/Users/Harini S/Desktop/flawfinder-2.0.19/test/mako-master/src/common/stdint.h:277] #error required type int_least8_t missing&#10;__int_least8_t_defined=0 : [C:/Users/Harini S/Desktop/flawfinder-2.0.19/test/mako-master/src/common/stdint.h:277] #error required type int_least8_t missing" file0="src/kernel/klock.c">
            <location file="src\kernel\klock.c" line="0"/>
        </error>
        <error id="noValidConfiguration" severity="information" msg="This file is not analyzed. Cppcheck failed to extract a valid configuration. Use -v for more details." verbose="This file is not analyzed. Cppcheck failed to extract a valid configuration. The tested configurations have these preprocessor errors:&#10;&amp;#039;&amp;#039; : [C:/Users/Harini S/Desktop/flawfinder-2.0.19/test/mako-master/src/common/stdint.h:277] #error required type int_least8_t missing&#10;LLONG_MAX;__LONG_LONG_MAX__ : [C:/Users/Harini S/Desktop/flawfinder-2.0.19/test/mako-master/src/common/stdint.h:277] #error required type int_least8_t missing&#10;__GNUC_MINOR__;__GNUC__ : [C:/Users/Harini S/Desktop/flawfinder-2.0.19/test/mako-master/src/common/stdint.h:277] #error required type int_least8_t missing&#10;__INTMAX_MAX__ : [C:/Users/Harini S/Desktop/flawfinder-2.0.19/test/mako-master/src/common/stdint.h:277] #error required type int_least8_t missing&#10;__INTMAX_TYPE__ : [C:/Users/Harini S/Desktop/flawfinder-2.0.19/test/mako-master/src/common/stdint.h:277] #error required type int_least8_t missing&#10;__PTRDIFF_MAX__ : [C:/Users/Harini S/Desktop/flawfinder-2.0.19/test/mako-master/src/common/stdint.h:277] #error required type int_least8_t missing&#10;__PTRDIFF_TYPE__ : [C:/Users/Harini S/Desktop/flawfinder-2.0.19/test/mako-master/src/common/stdint.h:277] #error required type int_least8_t missing&#10;__PTRDIFF_TYPE__;__UINTPTR_MAX__ : [C:/Users/Harini S/Desktop/flawfinder-2.0.19/test/mako-master/src/common/stdint.h:277] #error required type int_least8_t missing&#10;__SIZE_MAX__ : [C:/Users/Harini S/Desktop/flawfinder-2.0.19/test/mako-master/src/common/stdint.h:277] #error required type int_least8_t missing&#10;__SPU__ : [C:/Users/Harini S/Desktop/flawfinder-2.0.19/test/mako-master/src/common/stdint.h:277] #error required type int_least8_t missing&#10;__UINTMAX_MAX__ : [C:/Users/Harini S/Desktop/flawfinder-2.0.19/test/mako-master/src/common/stdint.h:277] #error required type int_least8_t missing&#10;__UINTMAX_TYPE__ : [C:/Users/Harini S/Desktop/flawfinder-2.0.19/test/mako-master/src/common/stdint.h:277] #error required type int_least8_t missing&#10;__WCHAR_MAX__ : [C:/Users/Harini S/Desktop/flawfinder-2.0.19/test/mako-master/src/common/stdint.h:277] #error required type int_least8_t missing&#10;__WCHAR_MIN__ : [C:/Users/Harini S/Desktop/flawfinder-2.0.19/test/mako-master/src/common/stdint.h:277] #error required type int_least8_t missing&#10;__WINT_MAX__ : [C:/Users/Harini S/Desktop/flawfinder-2.0.19/test/mako-master/src/common/stdint.h:277] #error required type int_least8_t missing&#10;__WINT_MIN__ : [C:/Users/Harini S/Desktop/flawfinder-2.0.19/test/mako-master/src/common/stdint.h:277] #error required type int_least8_t missing&#10;__int_fast16_t_defined=0 : [C:/Users/Harini S/Desktop/flawfinder-2.0.19/test/mako-master/src/common/stdint.h:277] #error required type int_least8_t missing&#10;__int_fast32_t_defined=0 : [C:/Users/Harini S/Desktop/flawfinder-2.0.19/test/mako-master/src/common/stdint.h:277] #error required type int_least8_t missing&#10;__int_fast64_t_defined=0 : [C:/Users/Harini S/Desktop/flawfinder-2.0.19/test/mako-master/src/common/stdint.h:277] #error required type int_least8_t missing&#10;__int_fast8_t_defined=0 : [C:/Users/Harini S/Desktop/flawfinder-2.0.19/test/mako-master/src/common/stdint.h:277] #error required type int_least8_t missing&#10;__int_least16_t_defined=0 : [C:/Users/Harini S/Desktop/flawfinder-2.0.19/test/mako-master/src/common/stdint.h:277] #error required type int_least8_t missing&#10;__int_least32_t_defined=0 : [C:/Users/Harini S/Desktop/flawfinder-2.0.19/test/mako-master/src/common/stdint.h:277] #error required type int_least8_t missing&#10;__int_least8_t_defined=0 : [C:/Users/Harini S/Desktop/flawfinder-2.0.19/test/mako-master/src/common/stdint.h:277] #error required type int_least8_t missing" file0="src/kernel/kmain.c">
            <location file="src\kernel\kmain.c" line="0"/>
        </error>
        <error id="missingIncludeSystem" severity="information" msg="Include file: &amp;lt;stdarg.h&amp;gt; not found. Please note: Cppcheck does not need standard library headers to get proper results." verbose="Include file: &amp;lt;stdarg.h&amp;gt; not found. Please note: Cppcheck does not need standard library headers to get proper results.">
            <location file="src\kernel\log.c" line="8"/>
        </error>
        <error id="noValidConfiguration" severity="information" msg="This file is not analyzed. Cppcheck failed to extract a valid configuration. Use -v for more details." verbose="This file is not analyzed. Cppcheck failed to extract a valid configuration. The tested configurations have these preprocessor errors:&#10;&amp;#039;&amp;#039; : [C:/Users/Harini S/Desktop/flawfinder-2.0.19/test/mako-master/src/common/stdint.h:277] #error required type int_least8_t missing&#10;LLONG_MAX;__LONG_LONG_MAX__ : [C:/Users/Harini S/Desktop/flawfinder-2.0.19/test/mako-master/src/common/stdint.h:277] #error required type int_least8_t missing&#10;__GNUC_MINOR__;__GNUC__ : [C:/Users/Harini S/Desktop/flawfinder-2.0.19/test/mako-master/src/common/stdint.h:277] #error required type int_least8_t missing&#10;__INTMAX_MAX__ : [C:/Users/Harini S/Desktop/flawfinder-2.0.19/test/mako-master/src/common/stdint.h:277] #error required type int_least8_t missing&#10;__INTMAX_TYPE__ : [C:/Users/Harini S/Desktop/flawfinder-2.0.19/test/mako-master/src/common/stdint.h:277] #error required type int_least8_t missing&#10;__PTRDIFF_MAX__ : [C:/Users/Harini S/Desktop/flawfinder-2.0.19/test/mako-master/src/common/stdint.h:277] #error required type int_least8_t missing&#10;__PTRDIFF_TYPE__ : [C:/Users/Harini S/Desktop/flawfinder-2.0.19/test/mako-master/src/common/stdint.h:277] #error required type int_least8_t missing&#10;__PTRDIFF_TYPE__;__UINTPTR_MAX__ : [C:/Users/Harini S/Desktop/flawfinder-2.0.19/test/mako-master/src/common/stdint.h:277] #error required type int_least8_t missing&#10;__SIZE_MAX__ : [C:/Users/Harini S/Desktop/flawfinder-2.0.19/test/mako-master/src/common/stdint.h:277] #error required type int_least8_t missing&#10;__SPU__ : [C:/Users/Harini S/Desktop/flawfinder-2.0.19/test/mako-master/src/common/stdint.h:277] #error required type int_least8_t missing&#10;__UINTMAX_MAX__ : [C:/Users/Harini S/Desktop/flawfinder-2.0.19/test/mako-master/src/common/stdint.h:277] #error required type int_least8_t missing&#10;__UINTMAX_TYPE__ : [C:/Users/Harini S/Desktop/flawfinder-2.0.19/test/mako-master/src/common/stdint.h:277] #error required type int_least8_t missing&#10;__WCHAR_MAX__ : [C:/Users/Harini S/Desktop/flawfinder-2.0.19/test/mako-master/src/common/stdint.h:277] #error required type int_least8_t missing&#10;__WCHAR_MIN__ : [C:/Users/Harini S/Desktop/flawfinder-2.0.19/test/mako-master/src/common/stdint.h:277] #error required type int_least8_t missing&#10;__WINT_MAX__ : [C:/Users/Harini S/Desktop/flawfinder-2.0.19/test/mako-master/src/common/stdint.h:277] #error required type int_least8_t missing&#10;__WINT_MIN__ : [C:/Users/Harini S/Desktop/flawfinder-2.0.19/test/mako-master/src/common/stdint.h:277] #error required type int_least8_t missing&#10;__int_fast16_t_defined=0 : [C:/Users/Harini S/Desktop/flawfinder-2.0.19/test/mako-master/src/common/stdint.h:277] #error required type int_least8_t missing&#10;__int_fast32_t_defined=0 : [C:/Users/Harini S/Desktop/flawfinder-2.0.19/test/mako-master/src/common/stdint.h:277] #error required type int_least8_t missing&#10;__int_fast64_t_defined=0 : [C:/Users/Harini S/Desktop/flawfinder-2.0.19/test/mako-master/src/common/stdint.h:277] #error required type int_least8_t missing&#10;__int_fast8_t_defined=0 : [C:/Users/Harini S/Desktop/flawfinder-2.0.19/test/mako-master/src/common/stdint.h:277] #error required type int_least8_t missing&#10;__int_least16_t_defined=0 : [C:/Users/Harini S/Desktop/flawfinder-2.0.19/test/mako-master/src/common/stdint.h:277] #error required type int_least8_t missing&#10;__int_least32_t_defined=0 : [C:/Users/Harini S/Desktop/flawfinder-2.0.19/test/mako-master/src/common/stdint.h:277] #error required type int_least8_t missing&#10;__int_least8_t_defined=0 : [C:/Users/Harini S/Desktop/flawfinder-2.0.19/test/mako-master/src/common/stdint.h:277] #error required type int_least8_t missing" file0="src/kernel/log.c">
            <location file="src\kernel\log.c" line="0"/>
        </error>
        <error id="noValidConfiguration" severity="information" msg="This file is not analyzed. Cppcheck failed to extract a valid configuration. Use -v for more details." verbose="This file is not analyzed. Cppcheck failed to extract a valid configuration. The tested configurations have these preprocessor errors:&#10;&amp;#039;&amp;#039; : [C:/Users/Harini S/Desktop/flawfinder-2.0.19/test/mako-master/src/common/stdint.h:277] #error required type int_least8_t missing&#10;LLONG_MAX;__LONG_LONG_MAX__ : [C:/Users/Harini S/Desktop/flawfinder-2.0.19/test/mako-master/src/common/stdint.h:277] #error required type int_least8_t missing&#10;__GNUC_MINOR__;__GNUC__ : [C:/Users/Harini S/Desktop/flawfinder-2.0.19/test/mako-master/src/common/stdint.h:277] #error required type int_least8_t missing&#10;__INTMAX_MAX__ : [C:/Users/Harini S/Desktop/flawfinder-2.0.19/test/mako-master/src/common/stdint.h:277] #error required type int_least8_t missing&#10;__INTMAX_TYPE__ : [C:/Users/Harini S/Desktop/flawfinder-2.0.19/test/mako-master/src/common/stdint.h:277] #error required type int_least8_t missing&#10;__PTRDIFF_MAX__ : [C:/Users/Harini S/Desktop/flawfinder-2.0.19/test/mako-master/src/common/stdint.h:277] #error required type int_least8_t missing&#10;__PTRDIFF_TYPE__ : [C:/Users/Harini S/Desktop/flawfinder-2.0.19/test/mako-master/src/common/stdint.h:277] #error required type int_least8_t missing&#10;__PTRDIFF_TYPE__;__UINTPTR_MAX__ : [C:/Users/Harini S/Desktop/flawfinder-2.0.19/test/mako-master/src/common/stdint.h:277] #error required type int_least8_t missing&#10;__SIZE_MAX__ : [C:/Users/Harini S/Desktop/flawfinder-2.0.19/test/mako-master/src/common/stdint.h:277] #error required type int_least8_t missing&#10;__SPU__ : [C:/Users/Harini S/Desktop/flawfinder-2.0.19/test/mako-master/src/common/stdint.h:277] #error required type int_least8_t missing&#10;__UINTMAX_MAX__ : [C:/Users/Harini S/Desktop/flawfinder-2.0.19/test/mako-master/src/common/stdint.h:277] #error required type int_least8_t missing&#10;__UINTMAX_TYPE__ : [C:/Users/Harini S/Desktop/flawfinder-2.0.19/test/mako-master/src/common/stdint.h:277] #error required type int_least8_t missing&#10;__WCHAR_MAX__ : [C:/Users/Harini S/Desktop/flawfinder-2.0.19/test/mako-master/src/common/stdint.h:277] #error required type int_least8_t missing&#10;__WCHAR_MIN__ : [C:/Users/Harini S/Desktop/flawfinder-2.0.19/test/mako-master/src/common/stdint.h:277] #error required type int_least8_t missing&#10;__WINT_MAX__ : [C:/Users/Harini S/Desktop/flawfinder-2.0.19/test/mako-master/src/common/stdint.h:277] #error required type int_least8_t missing&#10;__WINT_MIN__ : [C:/Users/Harini S/Desktop/flawfinder-2.0.19/test/mako-master/src/common/stdint.h:277] #error required type int_least8_t missing&#10;__int_fast16_t_defined=0 : [C:/Users/Harini S/Desktop/flawfinder-2.0.19/test/mako-master/src/common/stdint.h:277] #error required type int_least8_t missing&#10;__int_fast32_t_defined=0 : [C:/Users/Harini S/Desktop/flawfinder-2.0.19/test/mako-master/src/common/stdint.h:277] #error required type int_least8_t missing&#10;__int_fast64_t_defined=0 : [C:/Users/Harini S/Desktop/flawfinder-2.0.19/test/mako-master/src/common/stdint.h:277] #error required type int_least8_t missing&#10;__int_fast8_t_defined=0 : [C:/Users/Harini S/Desktop/flawfinder-2.0.19/test/mako-master/src/common/stdint.h:277] #error required type int_least8_t missing&#10;__int_least16_t_defined=0 : [C:/Users/Harini S/Desktop/flawfinder-2.0.19/test/mako-master/src/common/stdint.h:277] #error required type int_least8_t missing&#10;__int_least32_t_defined=0 : [C:/Users/Harini S/Desktop/flawfinder-2.0.19/test/mako-master/src/common/stdint.h:277] #error required type int_least8_t missing&#10;__int_least8_t_defined=0 : [C:/Users/Harini S/Desktop/flawfinder-2.0.19/test/mako-master/src/common/stdint.h:277] #error required type int_least8_t missing" file0="src/kernel/paging.c">
            <location file="src\kernel\paging.c" line="0"/>
        </error>
        <error id="noValidConfiguration" severity="information" msg="This file is not analyzed. Cppcheck failed to extract a valid configuration. Use -v for more details." verbose="This file is not analyzed. Cppcheck failed to extract a valid configuration. The tested configurations have these preprocessor errors:&#10;&amp;#039;&amp;#039; : [C:/Users/Harini S/Desktop/flawfinder-2.0.19/test/mako-master/src/common/stdint.h:277] #error required type int_least8_t missing&#10;LLONG_MAX;__LONG_LONG_MAX__ : [C:/Users/Harini S/Desktop/flawfinder-2.0.19/test/mako-master/src/common/stdint.h:277] #error required type int_least8_t missing&#10;__GNUC_MINOR__;__GNUC__ : [C:/Users/Harini S/Desktop/flawfinder-2.0.19/test/mako-master/src/common/stdint.h:277] #error required type int_least8_t missing&#10;__INTMAX_MAX__ : [C:/Users/Harini S/Desktop/flawfinder-2.0.19/test/mako-master/src/common/stdint.h:277] #error required type int_least8_t missing&#10;__INTMAX_TYPE__ : [C:/Users/Harini S/Desktop/flawfinder-2.0.19/test/mako-master/src/common/stdint.h:277] #error required type int_least8_t missing&#10;__PTRDIFF_MAX__ : [C:/Users/Harini S/Desktop/flawfinder-2.0.19/test/mako-master/src/common/stdint.h:277] #error required type int_least8_t missing&#10;__PTRDIFF_TYPE__ : [C:/Users/Harini S/Desktop/flawfinder-2.0.19/test/mako-master/src/common/stdint.h:277] #error required type int_least8_t missing&#10;__PTRDIFF_TYPE__;__UINTPTR_MAX__ : [C:/Users/Harini S/Desktop/flawfinder-2.0.19/test/mako-master/src/common/stdint.h:277] #error required type int_least8_t missing&#10;__SIZE_MAX__ : [C:/Users/Harini S/Desktop/flawfinder-2.0.19/test/mako-master/src/common/stdint.h:277] #error required type int_least8_t missing&#10;__SPU__ : [C:/Users/Harini S/Desktop/flawfinder-2.0.19/test/mako-master/src/common/stdint.h:277] #error required type int_least8_t missing&#10;__UINTMAX_MAX__ : [C:/Users/Harini S/Desktop/flawfinder-2.0.19/test/mako-master/src/common/stdint.h:277] #error required type int_least8_t missing&#10;__UINTMAX_TYPE__ : [C:/Users/Harini S/Desktop/flawfinder-2.0.19/test/mako-master/src/common/stdint.h:277] #error required type int_least8_t missing&#10;__WCHAR_MAX__ : [C:/Users/Harini S/Desktop/flawfinder-2.0.19/test/mako-master/src/common/stdint.h:277] #error required type int_least8_t missing&#10;__WCHAR_MIN__ : [C:/Users/Harini S/Desktop/flawfinder-2.0.19/test/mako-master/src/common/stdint.h:277] #error required type int_least8_t missing&#10;__WINT_MAX__ : [C:/Users/Harini S/Desktop/flawfinder-2.0.19/test/mako-master/src/common/stdint.h:277] #error required type int_least8_t missing&#10;__WINT_MIN__ : [C:/Users/Harini S/Desktop/flawfinder-2.0.19/test/mako-master/src/common/stdint.h:277] #error required type int_least8_t missing&#10;__int_fast16_t_defined=0 : [C:/Users/Harini S/Desktop/flawfinder-2.0.19/test/mako-master/src/common/stdint.h:277] #error required type int_least8_t missing&#10;__int_fast32_t_defined=0 : [C:/Users/Harini S/Desktop/flawfinder-2.0.19/test/mako-master/src/common/stdint.h:277] #error required type int_least8_t missing&#10;__int_fast64_t_defined=0 : [C:/Users/Harini S/Desktop/flawfinder-2.0.19/test/mako-master/src/common/stdint.h:277] #error required type int_least8_t missing&#10;__int_fast8_t_defined=0 : [C:/Users/Harini S/Desktop/flawfinder-2.0.19/test/mako-master/src/common/stdint.h:277] #error required type int_least8_t missing&#10;__int_least16_t_defined=0 : [C:/Users/Harini S/Desktop/flawfinder-2.0.19/test/mako-master/src/common/stdint.h:277] #error required type int_least8_t missing&#10;__int_least32_t_defined=0 : [C:/Users/Harini S/Desktop/flawfinder-2.0.19/test/mako-master/src/common/stdint.h:277] #error required type int_least8_t missing&#10;__int_least8_t_defined=0 : [C:/Users/Harini S/Desktop/flawfinder-2.0.19/test/mako-master/src/common/stdint.h:277] #error required type int_least8_t missing" file0="src/kernel/pci.c">
            <location file="src\kernel\pci.c" line="0"/>
        </error>
        <error id="noValidConfiguration" severity="information" msg="This file is not analyzed. Cppcheck failed to extract a valid configuration. Use -v for more details." verbose="This file is not analyzed. Cppcheck failed to extract a valid configuration. The tested configurations have these preprocessor errors:&#10;&amp;#039;&amp;#039; : [C:/Users/Harini S/Desktop/flawfinder-2.0.19/test/mako-master/src/common/stdint.h:277] #error required type int_least8_t missing&#10;LLONG_MAX;__LONG_LONG_MAX__ : [C:/Users/Harini S/Desktop/flawfinder-2.0.19/test/mako-master/src/common/stdint.h:277] #error required type int_least8_t missing&#10;__GNUC_MINOR__;__GNUC__ : [C:/Users/Harini S/Desktop/flawfinder-2.0.19/test/mako-master/src/common/stdint.h:277] #error required type int_least8_t missing&#10;__INTMAX_MAX__ : [C:/Users/Harini S/Desktop/flawfinder-2.0.19/test/mako-master/src/common/stdint.h:277] #error required type int_least8_t missing&#10;__INTMAX_TYPE__ : [C:/Users/Harini S/Desktop/flawfinder-2.0.19/test/mako-master/src/common/stdint.h:277] #error required type int_least8_t missing&#10;__PTRDIFF_MAX__ : [C:/Users/Harini S/Desktop/flawfinder-2.0.19/test/mako-master/src/common/stdint.h:277] #error required type int_least8_t missing&#10;__PTRDIFF_TYPE__ : [C:/Users/Harini S/Desktop/flawfinder-2.0.19/test/mako-master/src/common/stdint.h:277] #error required type int_least8_t missing&#10;__PTRDIFF_TYPE__;__UINTPTR_MAX__ : [C:/Users/Harini S/Desktop/flawfinder-2.0.19/test/mako-master/src/common/stdint.h:277] #error required type int_least8_t missing&#10;__SIZE_MAX__ : [C:/Users/Harini S/Desktop/flawfinder-2.0.19/test/mako-master/src/common/stdint.h:277] #error required type int_least8_t missing&#10;__SPU__ : [C:/Users/Harini S/Desktop/flawfinder-2.0.19/test/mako-master/src/common/stdint.h:277] #error required type int_least8_t missing&#10;__UINTMAX_MAX__ : [C:/Users/Harini S/Desktop/flawfinder-2.0.19/test/mako-master/src/common/stdint.h:277] #error required type int_least8_t missing&#10;__UINTMAX_TYPE__ : [C:/Users/Harini S/Desktop/flawfinder-2.0.19/test/mako-master/src/common/stdint.h:277] #error required type int_least8_t missing&#10;__WCHAR_MAX__ : [C:/Users/Harini S/Desktop/flawfinder-2.0.19/test/mako-master/src/common/stdint.h:277] #error required type int_least8_t missing&#10;__WCHAR_MIN__ : [C:/Users/Harini S/Desktop/flawfinder-2.0.19/test/mako-master/src/common/stdint.h:277] #error required type int_least8_t missing&#10;__WINT_MAX__ : [C:/Users/Harini S/Desktop/flawfinder-2.0.19/test/mako-master/src/common/stdint.h:277] #error required type int_least8_t missing&#10;__WINT_MIN__ : [C:/Users/Harini S/Desktop/flawfinder-2.0.19/test/mako-master/src/common/stdint.h:277] #error required type int_least8_t missing&#10;__int_fast16_t_defined=0 : [C:/Users/Harini S/Desktop/flawfinder-2.0.19/test/mako-master/src/common/stdint.h:277] #error required type int_least8_t missing&#10;__int_fast32_t_defined=0 : [C:/Users/Harini S/Desktop/flawfinder-2.0.19/test/mako-master/src/common/stdint.h:277] #error required type int_least8_t missing&#10;__int_fast64_t_defined=0 : [C:/Users/Harini S/Desktop/flawfinder-2.0.19/test/mako-master/src/common/stdint.h:277] #error required type int_least8_t missing&#10;__int_fast8_t_defined=0 : [C:/Users/Harini S/Desktop/flawfinder-2.0.19/test/mako-master/src/common/stdint.h:277] #error required type int_least8_t missing&#10;__int_least16_t_defined=0 : [C:/Users/Harini S/Desktop/flawfinder-2.0.19/test/mako-master/src/common/stdint.h:277] #error required type int_least8_t missing&#10;__int_least32_t_defined=0 : [C:/Users/Harini S/Desktop/flawfinder-2.0.19/test/mako-master/src/common/stdint.h:277] #error required type int_least8_t missing&#10;__int_least8_t_defined=0 : [C:/Users/Harini S/Desktop/flawfinder-2.0.19/test/mako-master/src/common/stdint.h:277] #error required type int_least8_t missing" file0="src/kernel/pic.c">
            <location file="src\kernel\pic.c" line="0"/>
        </error>
        <error id="noValidConfiguration" severity="information" msg="This file is not analyzed. Cppcheck failed to extract a valid configuration. Use -v for more details." verbose="This file is not analyzed. Cppcheck failed to extract a valid configuration. The tested configurations have these preprocessor errors:&#10;&amp;#039;&amp;#039; : [C:/Users/Harini S/Desktop/flawfinder-2.0.19/test/mako-master/src/common/stdint.h:277] #error required type int_least8_t missing&#10;LLONG_MAX;__LONG_LONG_MAX__ : [C:/Users/Harini S/Desktop/flawfinder-2.0.19/test/mako-master/src/common/stdint.h:277] #error required type int_least8_t missing&#10;__GNUC_MINOR__;__GNUC__ : [C:/Users/Harini S/Desktop/flawfinder-2.0.19/test/mako-master/src/common/stdint.h:277] #error required type int_least8_t missing&#10;__INTMAX_MAX__ : [C:/Users/Harini S/Desktop/flawfinder-2.0.19/test/mako-master/src/common/stdint.h:277] #error required type int_least8_t missing&#10;__INTMAX_TYPE__ : [C:/Users/Harini S/Desktop/flawfinder-2.0.19/test/mako-master/src/common/stdint.h:277] #error required type int_least8_t missing&#10;__PTRDIFF_MAX__ : [C:/Users/Harini S/Desktop/flawfinder-2.0.19/test/mako-master/src/common/stdint.h:277] #error required type int_least8_t missing&#10;__PTRDIFF_TYPE__ : [C:/Users/Harini S/Desktop/flawfinder-2.0.19/test/mako-master/src/common/stdint.h:277] #error required type int_least8_t missing&#10;__PTRDIFF_TYPE__;__UINTPTR_MAX__ : [C:/Users/Harini S/Desktop/flawfinder-2.0.19/test/mako-master/src/common/stdint.h:277] #error required type int_least8_t missing&#10;__SIZE_MAX__ : [C:/Users/Harini S/Desktop/flawfinder-2.0.19/test/mako-master/src/common/stdint.h:277] #error required type int_least8_t missing&#10;__SPU__ : [C:/Users/Harini S/Desktop/flawfinder-2.0.19/test/mako-master/src/common/stdint.h:277] #error required type int_least8_t missing&#10;__UINTMAX_MAX__ : [C:/Users/Harini S/Desktop/flawfinder-2.0.19/test/mako-master/src/common/stdint.h:277] #error required type int_least8_t missing&#10;__UINTMAX_TYPE__ : [C:/Users/Harini S/Desktop/flawfinder-2.0.19/test/mako-master/src/common/stdint.h:277] #error required type int_least8_t missing&#10;__WCHAR_MAX__ : [C:/Users/Harini S/Desktop/flawfinder-2.0.19/test/mako-master/src/common/stdint.h:277] #error required type int_least8_t missing&#10;__WCHAR_MIN__ : [C:/Users/Harini S/Desktop/flawfinder-2.0.19/test/mako-master/src/common/stdint.h:277] #error required type int_least8_t missing&#10;__WINT_MAX__ : [C:/Users/Harini S/Desktop/flawfinder-2.0.19/test/mako-master/src/common/stdint.h:277] #error required type int_least8_t missing&#10;__WINT_MIN__ : [C:/Users/Harini S/Desktop/flawfinder-2.0.19/test/mako-master/src/common/stdint.h:277] #error required type int_least8_t missing&#10;__int_fast16_t_defined=0 : [C:/Users/Harini S/Desktop/flawfinder-2.0.19/test/mako-master/src/common/stdint.h:277] #error required type int_least8_t missing&#10;__int_fast32_t_defined=0 : [C:/Users/Harini S/Desktop/flawfinder-2.0.19/test/mako-master/src/common/stdint.h:277] #error required type int_least8_t missing&#10;__int_fast64_t_defined=0 : [C:/Users/Harini S/Desktop/flawfinder-2.0.19/test/mako-master/src/common/stdint.h:277] #error required type int_least8_t missing&#10;__int_fast8_t_defined=0 : [C:/Users/Harini S/Desktop/flawfinder-2.0.19/test/mako-master/src/common/stdint.h:277] #error required type int_least8_t missing&#10;__int_least16_t_defined=0 : [C:/Users/Harini S/Desktop/flawfinder-2.0.19/test/mako-master/src/common/stdint.h:277] #error required type int_least8_t missing&#10;__int_least32_t_defined=0 : [C:/Users/Harini S/Desktop/flawfinder-2.0.19/test/mako-master/src/common/stdint.h:277] #error required type int_least8_t missing&#10;__int_least8_t_defined=0 : [C:/Users/Harini S/Desktop/flawfinder-2.0.19/test/mako-master/src/common/stdint.h:277] #error required type int_least8_t missing" file0="src/kernel/pipe.c">
            <location file="src\kernel\pipe.c" line="0"/>
        </error>
        <error id="missingIncludeSystem" severity="information" msg="Include file: &amp;lt;stddef.h&amp;gt; not found. Please note: Cppcheck does not need standard library headers to get proper results." verbose="Include file: &amp;lt;stddef.h&amp;gt; not found. Please note: Cppcheck does not need standard library headers to get proper results.">
            <location file="src\kernel\pit.c" line="8"/>
        </error>
        <error id="noValidConfiguration" severity="information" msg="This file is not analyzed. Cppcheck failed to extract a valid configuration. Use -v for more details." verbose="This file is not analyzed. Cppcheck failed to extract a valid configuration. The tested configurations have these preprocessor errors:&#10;&amp;#039;&amp;#039; : [C:/Users/Harini S/Desktop/flawfinder-2.0.19/test/mako-master/src/common/stdint.h:277] #error required type int_least8_t missing&#10;LLONG_MAX;__LONG_LONG_MAX__ : [C:/Users/Harini S/Desktop/flawfinder-2.0.19/test/mako-master/src/common/stdint.h:277] #error required type int_least8_t missing&#10;__GNUC_MINOR__;__GNUC__ : [C:/Users/Harini S/Desktop/flawfinder-2.0.19/test/mako-master/src/common/stdint.h:277] #error required type int_least8_t missing&#10;__INTMAX_MAX__ : [C:/Users/Harini S/Desktop/flawfinder-2.0.19/test/mako-master/src/common/stdint.h:277] #error required type int_least8_t missing&#10;__INTMAX_TYPE__ : [C:/Users/Harini S/Desktop/flawfinder-2.0.19/test/mako-master/src/common/stdint.h:277] #error required type int_least8_t missing&#10;__PTRDIFF_MAX__ : [C:/Users/Harini S/Desktop/flawfinder-2.0.19/test/mako-master/src/common/stdint.h:277] #error required type int_least8_t missing&#10;__PTRDIFF_TYPE__ : [C:/Users/Harini S/Desktop/flawfinder-2.0.19/test/mako-master/src/common/stdint.h:277] #error required type int_least8_t missing&#10;__PTRDIFF_TYPE__;__UINTPTR_MAX__ : [C:/Users/Harini S/Desktop/flawfinder-2.0.19/test/mako-master/src/common/stdint.h:277] #error required type int_least8_t missing&#10;__SIZE_MAX__ : [C:/Users/Harini S/Desktop/flawfinder-2.0.19/test/mako-master/src/common/stdint.h:277] #error required type int_least8_t missing&#10;__SPU__ : [C:/Users/Harini S/Desktop/flawfinder-2.0.19/test/mako-master/src/common/stdint.h:277] #error required type int_least8_t missing&#10;__UINTMAX_MAX__ : [C:/Users/Harini S/Desktop/flawfinder-2.0.19/test/mako-master/src/common/stdint.h:277] #error required type int_least8_t missing&#10;__UINTMAX_TYPE__ : [C:/Users/Harini S/Desktop/flawfinder-2.0.19/test/mako-master/src/common/stdint.h:277] #error required type int_least8_t missing&#10;__WCHAR_MAX__ : [C:/Users/Harini S/Desktop/flawfinder-2.0.19/test/mako-master/src/common/stdint.h:277] #error required type int_least8_t missing&#10;__WCHAR_MIN__ : [C:/Users/Harini S/Desktop/flawfinder-2.0.19/test/mako-master/src/common/stdint.h:277] #error required type int_least8_t missing&#10;__WINT_MAX__ : [C:/Users/Harini S/Desktop/flawfinder-2.0.19/test/mako-master/src/common/stdint.h:277] #error required type int_least8_t missing&#10;__WINT_MIN__ : [C:/Users/Harini S/Desktop/flawfinder-2.0.19/test/mako-master/src/common/stdint.h:277] #error required type int_least8_t missing&#10;__int_fast16_t_defined=0 : [C:/Users/Harini S/Desktop/flawfinder-2.0.19/test/mako-master/src/common/stdint.h:277] #error required type int_least8_t missing&#10;__int_fast32_t_defined=0 : [C:/Users/Harini S/Desktop/flawfinder-2.0.19/test/mako-master/src/common/stdint.h:277] #error required type int_least8_t missing&#10;__int_fast64_t_defined=0 : [C:/Users/Harini S/Desktop/flawfinder-2.0.19/test/mako-master/src/common/stdint.h:277] #error required type int_least8_t missing&#10;__int_fast8_t_defined=0 : [C:/Users/Harini S/Desktop/flawfinder-2.0.19/test/mako-master/src/common/stdint.h:277] #error required type int_least8_t missing&#10;__int_least16_t_defined=0 : [C:/Users/Harini S/Desktop/flawfinder-2.0.19/test/mako-master/src/common/stdint.h:277] #error required type int_least8_t missing&#10;__int_least32_t_defined=0 : [C:/Users/Harini S/Desktop/flawfinder-2.0.19/test/mako-master/src/common/stdint.h:277] #error required type int_least8_t missing&#10;__int_least8_t_defined=0 : [C:/Users/Harini S/Desktop/flawfinder-2.0.19/test/mako-master/src/common/stdint.h:277] #error required type int_least8_t missing" file0="src/kernel/pit.c">
            <location file="src\kernel\pit.c" line="0"/>
        </error>
        <error id="noValidConfiguration" severity="information" msg="This file is not analyzed. Cppcheck failed to extract a valid configuration. Use -v for more details." verbose="This file is not analyzed. Cppcheck failed to extract a valid configuration. The tested configurations have these preprocessor errors:&#10;&amp;#039;&amp;#039; : [C:/Users/Harini S/Desktop/flawfinder-2.0.19/test/mako-master/src/common/stdint.h:277] #error required type int_least8_t missing&#10;LLONG_MAX;__LONG_LONG_MAX__ : [C:/Users/Harini S/Desktop/flawfinder-2.0.19/test/mako-master/src/common/stdint.h:277] #error required type int_least8_t missing&#10;__GNUC_MINOR__;__GNUC__ : [C:/Users/Harini S/Desktop/flawfinder-2.0.19/test/mako-master/src/common/stdint.h:277] #error required type int_least8_t missing&#10;__INTMAX_MAX__ : [C:/Users/Harini S/Desktop/flawfinder-2.0.19/test/mako-master/src/common/stdint.h:277] #error required type int_least8_t missing&#10;__INTMAX_TYPE__ : [C:/Users/Harini S/Desktop/flawfinder-2.0.19/test/mako-master/src/common/stdint.h:277] #error required type int_least8_t missing&#10;__PTRDIFF_MAX__ : [C:/Users/Harini S/Desktop/flawfinder-2.0.19/test/mako-master/src/common/stdint.h:277] #error required type int_least8_t missing&#10;__PTRDIFF_TYPE__ : [C:/Users/Harini S/Desktop/flawfinder-2.0.19/test/mako-master/src/common/stdint.h:277] #error required type int_least8_t missing&#10;__PTRDIFF_TYPE__;__UINTPTR_MAX__ : [C:/Users/Harini S/Desktop/flawfinder-2.0.19/test/mako-master/src/common/stdint.h:277] #error required type int_least8_t missing&#10;__SIZE_MAX__ : [C:/Users/Harini S/Desktop/flawfinder-2.0.19/test/mako-master/src/common/stdint.h:277] #error required type int_least8_t missing&#10;__SPU__ : [C:/Users/Harini S/Desktop/flawfinder-2.0.19/test/mako-master/src/common/stdint.h:277] #error required type int_least8_t missing&#10;__UINTMAX_MAX__ : [C:/Users/Harini S/Desktop/flawfinder-2.0.19/test/mako-master/src/common/stdint.h:277] #error required type int_least8_t missing&#10;__UINTMAX_TYPE__ : [C:/Users/Harini S/Desktop/flawfinder-2.0.19/test/mako-master/src/common/stdint.h:277] #error required type int_least8_t missing&#10;__WCHAR_MAX__ : [C:/Users/Harini S/Desktop/flawfinder-2.0.19/test/mako-master/src/common/stdint.h:277] #error required type int_least8_t missing&#10;__WCHAR_MIN__ : [C:/Users/Harini S/Desktop/flawfinder-2.0.19/test/mako-master/src/common/stdint.h:277] #error required type int_least8_t missing&#10;__WINT_MAX__ : [C:/Users/Harini S/Desktop/flawfinder-2.0.19/test/mako-master/src/common/stdint.h:277] #error required type int_least8_t missing&#10;__WINT_MIN__ : [C:/Users/Harini S/Desktop/flawfinder-2.0.19/test/mako-master/src/common/stdint.h:277] #error required type int_least8_t missing&#10;__int_fast16_t_defined=0 : [C:/Users/Harini S/Desktop/flawfinder-2.0.19/test/mako-master/src/common/stdint.h:277] #error required type int_least8_t missing&#10;__int_fast32_t_defined=0 : [C:/Users/Harini S/Desktop/flawfinder-2.0.19/test/mako-master/src/common/stdint.h:277] #error required type int_least8_t missing&#10;__int_fast64_t_defined=0 : [C:/Users/Harini S/Desktop/flawfinder-2.0.19/test/mako-master/src/common/stdint.h:277] #error required type int_least8_t missing&#10;__int_fast8_t_defined=0 : [C:/Users/Harini S/Desktop/flawfinder-2.0.19/test/mako-master/src/common/stdint.h:277] #error required type int_least8_t missing&#10;__int_least16_t_defined=0 : [C:/Users/Harini S/Desktop/flawfinder-2.0.19/test/mako-master/src/common/stdint.h:277] #error required type int_least8_t missing&#10;__int_least32_t_defined=0 : [C:/Users/Harini S/Desktop/flawfinder-2.0.19/test/mako-master/src/common/stdint.h:277] #error required type int_least8_t missing&#10;__int_least8_t_defined=0 : [C:/Users/Harini S/Desktop/flawfinder-2.0.19/test/mako-master/src/common/stdint.h:277] #error required type int_least8_t missing" file0="src/kernel/pmm.c">
            <location file="src\kernel\pmm.c" line="0"/>
        </error>
        <error id="missingIncludeSystem" severity="information" msg="Include file: &amp;lt;stddef.h&amp;gt; not found. Please note: Cppcheck does not need standard library headers to get proper results." verbose="Include file: &amp;lt;stddef.h&amp;gt; not found. Please note: Cppcheck does not need standard library headers to get proper results.">
            <location file="src\kernel\process.c" line="8"/>
        </error>
        <error id="noValidConfiguration" severity="information" msg="This file is not analyzed. Cppcheck failed to extract a valid configuration. Use -v for more details." verbose="This file is not analyzed. Cppcheck failed to extract a valid configuration. The tested configurations have these preprocessor errors:&#10;&amp;#039;&amp;#039; : [C:/Users/Harini S/Desktop/flawfinder-2.0.19/test/mako-master/src/common/stdint.h:277] #error required type int_least8_t missing&#10;LLONG_MAX;__LONG_LONG_MAX__ : [C:/Users/Harini S/Desktop/flawfinder-2.0.19/test/mako-master/src/common/stdint.h:277] #error required type int_least8_t missing&#10;__GNUC_MINOR__;__GNUC__ : [C:/Users/Harini S/Desktop/flawfinder-2.0.19/test/mako-master/src/common/stdint.h:277] #error required type int_least8_t missing&#10;__INTMAX_MAX__ : [C:/Users/Harini S/Desktop/flawfinder-2.0.19/test/mako-master/src/common/stdint.h:277] #error required type int_least8_t missing&#10;__INTMAX_TYPE__ : [C:/Users/Harini S/Desktop/flawfinder-2.0.19/test/mako-master/src/common/stdint.h:277] #error required type int_least8_t missing&#10;__PTRDIFF_MAX__ : [C:/Users/Harini S/Desktop/flawfinder-2.0.19/test/mako-master/src/common/stdint.h:277] #error required type int_least8_t missing&#10;__PTRDIFF_TYPE__ : [C:/Users/Harini S/Desktop/flawfinder-2.0.19/test/mako-master/src/common/stdint.h:277] #error required type int_least8_t missing&#10;__PTRDIFF_TYPE__;__UINTPTR_MAX__ : [C:/Users/Harini S/Desktop/flawfinder-2.0.19/test/mako-master/src/common/stdint.h:277] #error required type int_least8_t missing&#10;__SIZE_MAX__ : [C:/Users/Harini S/Desktop/flawfinder-2.0.19/test/mako-master/src/common/stdint.h:277] #error required type int_least8_t missing&#10;__SPU__ : [C:/Users/Harini S/Desktop/flawfinder-2.0.19/test/mako-master/src/common/stdint.h:277] #error required type int_least8_t missing&#10;__UINTMAX_MAX__ : [C:/Users/Harini S/Desktop/flawfinder-2.0.19/test/mako-master/src/common/stdint.h:277] #error required type int_least8_t missing&#10;__UINTMAX_TYPE__ : [C:/Users/Harini S/Desktop/flawfinder-2.0.19/test/mako-master/src/common/stdint.h:277] #error required type int_least8_t missing&#10;__WCHAR_MAX__ : [C:/Users/Harini S/Desktop/flawfinder-2.0.19/test/mako-master/src/common/stdint.h:277] #error required type int_least8_t missing&#10;__WCHAR_MIN__ : [C:/Users/Harini S/Desktop/flawfinder-2.0.19/test/mako-master/src/common/stdint.h:277] #error required type int_least8_t missing&#10;__WINT_MAX__ : [C:/Users/Harini S/Desktop/flawfinder-2.0.19/test/mako-master/src/common/stdint.h:277] #error required type int_least8_t missing&#10;__WINT_MIN__ : [C:/Users/Harini S/Desktop/flawfinder-2.0.19/test/mako-master/src/common/stdint.h:277] #error required type int_least8_t missing&#10;__int_fast16_t_defined=0 : [C:/Users/Harini S/Desktop/flawfinder-2.0.19/test/mako-master/src/common/stdint.h:277] #error required type int_least8_t missing&#10;__int_fast32_t_defined=0 : [C:/Users/Harini S/Desktop/flawfinder-2.0.19/test/mako-master/src/common/stdint.h:277] #error required type int_least8_t missing&#10;__int_fast64_t_defined=0 : [C:/Users/Harini S/Desktop/flawfinder-2.0.19/test/mako-master/src/common/stdint.h:277] #error required type int_least8_t missing&#10;__int_fast8_t_defined=0 : [C:/Users/Harini S/Desktop/flawfinder-2.0.19/test/mako-master/src/common/stdint.h:277] #error required type int_least8_t missing&#10;__int_least16_t_defined=0 : [C:/Users/Harini S/Desktop/flawfinder-2.0.19/test/mako-master/src/common/stdint.h:277] #error required type int_least8_t missing&#10;__int_least32_t_defined=0 : [C:/Users/Harini S/Desktop/flawfinder-2.0.19/test/mako-master/src/common/stdint.h:277] #error required type int_least8_t missing&#10;__int_least8_t_defined=0 : [C:/Users/Harini S/Desktop/flawfinder-2.0.19/test/mako-master/src/common/stdint.h:277] #error required type int_least8_t missing" file0="src/kernel/process.c">
            <location file="src\kernel\process.c" line="0"/>
        </error>
        <error id="noValidConfiguration" severity="information" msg="This file is not analyzed. Cppcheck failed to extract a valid configuration. Use -v for more details." verbose="This file is not analyzed. Cppcheck failed to extract a valid configuration. The tested configurations have these preprocessor errors:&#10;&amp;#039;&amp;#039; : [C:/Users/Harini S/Desktop/flawfinder-2.0.19/test/mako-master/src/common/stdint.h:277] #error required type int_least8_t missing&#10;LLONG_MAX;__LONG_LONG_MAX__ : [C:/Users/Harini S/Desktop/flawfinder-2.0.19/test/mako-master/src/common/stdint.h:277] #error required type int_least8_t missing&#10;__GNUC_MINOR__;__GNUC__ : [C:/Users/Harini S/Desktop/flawfinder-2.0.19/test/mako-master/src/common/stdint.h:277] #error required type int_least8_t missing&#10;__INTMAX_MAX__ : [C:/Users/Harini S/Desktop/flawfinder-2.0.19/test/mako-master/src/common/stdint.h:277] #error required type int_least8_t missing&#10;__INTMAX_TYPE__ : [C:/Users/Harini S/Desktop/flawfinder-2.0.19/test/mako-master/src/common/stdint.h:277] #error required type int_least8_t missing&#10;__PTRDIFF_MAX__ : [C:/Users/Harini S/Desktop/flawfinder-2.0.19/test/mako-master/src/common/stdint.h:277] #error required type int_least8_t missing&#10;__PTRDIFF_TYPE__ : [C:/Users/Harini S/Desktop/flawfinder-2.0.19/test/mako-master/src/common/stdint.h:277] #error required type int_least8_t missing&#10;__PTRDIFF_TYPE__;__UINTPTR_MAX__ : [C:/Users/Harini S/Desktop/flawfinder-2.0.19/test/mako-master/src/common/stdint.h:277] #error required type int_least8_t missing&#10;__SIZE_MAX__ : [C:/Users/Harini S/Desktop/flawfinder-2.0.19/test/mako-master/src/common/stdint.h:277] #error required type int_least8_t missing&#10;__SPU__ : [C:/Users/Harini S/Desktop/flawfinder-2.0.19/test/mako-master/src/common/stdint.h:277] #error required type int_least8_t missing&#10;__UINTMAX_MAX__ : [C:/Users/Harini S/Desktop/flawfinder-2.0.19/test/mako-master/src/common/stdint.h:277] #error required type int_least8_t missing&#10;__UINTMAX_TYPE__ : [C:/Users/Harini S/Desktop/flawfinder-2.0.19/test/mako-master/src/common/stdint.h:277] #error required type int_least8_t missing&#10;__WCHAR_MAX__ : [C:/Users/Harini S/Desktop/flawfinder-2.0.19/test/mako-master/src/common/stdint.h:277] #error required type int_least8_t missing&#10;__WCHAR_MIN__ : [C:/Users/Harini S/Desktop/flawfinder-2.0.19/test/mako-master/src/common/stdint.h:277] #error required type int_least8_t missing&#10;__WINT_MAX__ : [C:/Users/Harini S/Desktop/flawfinder-2.0.19/test/mako-master/src/common/stdint.h:277] #error required type int_least8_t missing&#10;__WINT_MIN__ : [C:/Users/Harini S/Desktop/flawfinder-2.0.19/test/mako-master/src/common/stdint.h:277] #error required type int_least8_t missing&#10;__int_fast16_t_defined=0 : [C:/Users/Harini S/Desktop/flawfinder-2.0.19/test/mako-master/src/common/stdint.h:277] #error required type int_least8_t missing&#10;__int_fast32_t_defined=0 : [C:/Users/Harini S/Desktop/flawfinder-2.0.19/test/mako-master/src/common/stdint.h:277] #error required type int_least8_t missing&#10;__int_fast64_t_defined=0 : [C:/Users/Harini S/Desktop/flawfinder-2.0.19/test/mako-master/src/common/stdint.h:277] #error required type int_least8_t missing&#10;__int_fast8_t_defined=0 : [C:/Users/Harini S/Desktop/flawfinder-2.0.19/test/mako-master/src/common/stdint.h:277] #error required type int_least8_t missing&#10;__int_least16_t_defined=0 : [C:/Users/Harini S/Desktop/flawfinder-2.0.19/test/mako-master/src/common/stdint.h:277] #error required type int_least8_t missing&#10;__int_least32_t_defined=0 : [C:/Users/Harini S/Desktop/flawfinder-2.0.19/test/mako-master/src/common/stdint.h:277] #error required type int_least8_t missing&#10;__int_least8_t_defined=0 : [C:/Users/Harini S/Desktop/flawfinder-2.0.19/test/mako-master/src/common/stdint.h:277] #error required type int_least8_t missing" file0="src/kernel/serial.c">
            <location file="src\kernel\serial.c" line="0"/>
        </error>
        <error id="noValidConfiguration" severity="information" msg="This file is not analyzed. Cppcheck failed to extract a valid configuration. Use -v for more details." verbose="This file is not analyzed. Cppcheck failed to extract a valid configuration. The tested configurations have these preprocessor errors:&#10;&amp;#039;&amp;#039; : [C:/Users/Harini S/Desktop/flawfinder-2.0.19/test/mako-master/src/common/stdint.h:277] #error required type int_least8_t missing&#10;LLONG_MAX;__LONG_LONG_MAX__ : [C:/Users/Harini S/Desktop/flawfinder-2.0.19/test/mako-master/src/common/stdint.h:277] #error required type int_least8_t missing&#10;__GNUC_MINOR__;__GNUC__ : [C:/Users/Harini S/Desktop/flawfinder-2.0.19/test/mako-master/src/common/stdint.h:277] #error required type int_least8_t missing&#10;__INTMAX_MAX__ : [C:/Users/Harini S/Desktop/flawfinder-2.0.19/test/mako-master/src/common/stdint.h:277] #error required type int_least8_t missing&#10;__INTMAX_TYPE__ : [C:/Users/Harini S/Desktop/flawfinder-2.0.19/test/mako-master/src/common/stdint.h:277] #error required type int_least8_t missing&#10;__PTRDIFF_MAX__ : [C:/Users/Harini S/Desktop/flawfinder-2.0.19/test/mako-master/src/common/stdint.h:277] #error required type int_least8_t missing&#10;__PTRDIFF_TYPE__ : [C:/Users/Harini S/Desktop/flawfinder-2.0.19/test/mako-master/src/common/stdint.h:277] #error required type int_least8_t missing&#10;__PTRDIFF_TYPE__;__UINTPTR_MAX__ : [C:/Users/Harini S/Desktop/flawfinder-2.0.19/test/mako-master/src/common/stdint.h:277] #error required type int_least8_t missing&#10;__SIZE_MAX__ : [C:/Users/Harini S/Desktop/flawfinder-2.0.19/test/mako-master/src/common/stdint.h:277] #error required type int_least8_t missing&#10;__SPU__ : [C:/Users/Harini S/Desktop/flawfinder-2.0.19/test/mako-master/src/common/stdint.h:277] #error required type int_least8_t missing&#10;__UINTMAX_MAX__ : [C:/Users/Harini S/Desktop/flawfinder-2.0.19/test/mako-master/src/common/stdint.h:277] #error required type int_least8_t missing&#10;__UINTMAX_TYPE__ : [C:/Users/Harini S/Desktop/flawfinder-2.0.19/test/mako-master/src/common/stdint.h:277] #error required type int_least8_t missing&#10;__WCHAR_MAX__ : [C:/Users/Harini S/Desktop/flawfinder-2.0.19/test/mako-master/src/common/stdint.h:277] #error required type int_least8_t missing&#10;__WCHAR_MIN__ : [C:/Users/Harini S/Desktop/flawfinder-2.0.19/test/mako-master/src/common/stdint.h:277] #error required type int_least8_t missing&#10;__WINT_MAX__ : [C:/Users/Harini S/Desktop/flawfinder-2.0.19/test/mako-master/src/common/stdint.h:277] #error required type int_least8_t missing&#10;__WINT_MIN__ : [C:/Users/Harini S/Desktop/flawfinder-2.0.19/test/mako-master/src/common/stdint.h:277] #error required type int_least8_t missing&#10;__int_fast16_t_defined=0 : [C:/Users/Harini S/Desktop/flawfinder-2.0.19/test/mako-master/src/common/stdint.h:277] #error required type int_least8_t missing&#10;__int_fast32_t_defined=0 : [C:/Users/Harini S/Desktop/flawfinder-2.0.19/test/mako-master/src/common/stdint.h:277] #error required type int_least8_t missing&#10;__int_fast64_t_defined=0 : [C:/Users/Harini S/Desktop/flawfinder-2.0.19/test/mako-master/src/common/stdint.h:277] #error required type int_least8_t missing&#10;__int_fast8_t_defined=0 : [C:/Users/Harini S/Desktop/flawfinder-2.0.19/test/mako-master/src/common/stdint.h:277] #error required type int_least8_t missing&#10;__int_least16_t_defined=0 : [C:/Users/Harini S/Desktop/flawfinder-2.0.19/test/mako-master/src/common/stdint.h:277] #error required type int_least8_t missing&#10;__int_least32_t_defined=0 : [C:/Users/Harini S/Desktop/flawfinder-2.0.19/test/mako-master/src/common/stdint.h:277] #error required type int_least8_t missing&#10;__int_least8_t_defined=0 : [C:/Users/Harini S/Desktop/flawfinder-2.0.19/test/mako-master/src/common/stdint.h:277] #error required type int_least8_t missing" file0="src/kernel/syscall.c">
            <location file="src\kernel\syscall.c" line="0"/>
        </error>
        <error id="noValidConfiguration" severity="information" msg="This file is not analyzed. Cppcheck failed to extract a valid configuration. Use -v for more details." verbose="This file is not analyzed. Cppcheck failed to extract a valid configuration. The tested configurations have these preprocessor errors:&#10;&amp;#039;&amp;#039; : [C:/Users/Harini S/Desktop/flawfinder-2.0.19/test/mako-master/src/common/stdint.h:277] #error required type int_least8_t missing&#10;LLONG_MAX;__LONG_LONG_MAX__ : [C:/Users/Harini S/Desktop/flawfinder-2.0.19/test/mako-master/src/common/stdint.h:277] #error required type int_least8_t missing&#10;__GNUC_MINOR__;__GNUC__ : [C:/Users/Harini S/Desktop/flawfinder-2.0.19/test/mako-master/src/common/stdint.h:277] #error required type int_least8_t missing&#10;__INTMAX_MAX__ : [C:/Users/Harini S/Desktop/flawfinder-2.0.19/test/mako-master/src/common/stdint.h:277] #error required type int_least8_t missing&#10;__INTMAX_TYPE__ : [C:/Users/Harini S/Desktop/flawfinder-2.0.19/test/mako-master/src/common/stdint.h:277] #error required type int_least8_t missing&#10;__PTRDIFF_MAX__ : [C:/Users/Harini S/Desktop/flawfinder-2.0.19/test/mako-master/src/common/stdint.h:277] #error required type int_least8_t missing&#10;__PTRDIFF_TYPE__ : [C:/Users/Harini S/Desktop/flawfinder-2.0.19/test/mako-master/src/common/stdint.h:277] #error required type int_least8_t missing&#10;__PTRDIFF_TYPE__;__UINTPTR_MAX__ : [C:/Users/Harini S/Desktop/flawfinder-2.0.19/test/mako-master/src/common/stdint.h:277] #error required type int_least8_t missing&#10;__SIZE_MAX__ : [C:/Users/Harini S/Desktop/flawfinder-2.0.19/test/mako-master/src/common/stdint.h:277] #error required type int_least8_t missing&#10;__SPU__ : [C:/Users/Harini S/Desktop/flawfinder-2.0.19/test/mako-master/src/common/stdint.h:277] #error required type int_least8_t missing&#10;__UINTMAX_MAX__ : [C:/Users/Harini S/Desktop/flawfinder-2.0.19/test/mako-master/src/common/stdint.h:277] #error required type int_least8_t missing&#10;__UINTMAX_TYPE__ : [C:/Users/Harini S/Desktop/flawfinder-2.0.19/test/mako-master/src/common/stdint.h:277] #error required type int_least8_t missing&#10;__WCHAR_MAX__ : [C:/Users/Harini S/Desktop/flawfinder-2.0.19/test/mako-master/src/common/stdint.h:277] #error required type int_least8_t missing&#10;__WCHAR_MIN__ : [C:/Users/Harini S/Desktop/flawfinder-2.0.19/test/mako-master/src/common/stdint.h:277] #error required type int_least8_t missing&#10;__WINT_MAX__ : [C:/Users/Harini S/Desktop/flawfinder-2.0.19/test/mako-master/src/common/stdint.h:277] #error required type int_least8_t missing&#10;__WINT_MIN__ : [C:/Users/Harini S/Desktop/flawfinder-2.0.19/test/mako-master/src/common/stdint.h:277] #error required type int_least8_t missing&#10;__int_fast16_t_defined=0 : [C:/Users/Harini S/Desktop/flawfinder-2.0.19/test/mako-master/src/common/stdint.h:277] #error required type int_least8_t missing&#10;__int_fast32_t_defined=0 : [C:/Users/Harini S/Desktop/flawfinder-2.0.19/test/mako-master/src/common/stdint.h:277] #error required type int_least8_t missing&#10;__int_fast64_t_defined=0 : [C:/Users/Harini S/Desktop/flawfinder-2.0.19/test/mako-master/src/common/stdint.h:277] #error required type int_least8_t missing&#10;__int_fast8_t_defined=0 : [C:/Users/Harini S/Desktop/flawfinder-2.0.19/test/mako-master/src/common/stdint.h:277] #error required type int_least8_t missing&#10;__int_least16_t_defined=0 : [C:/Users/Harini S/Desktop/flawfinder-2.0.19/test/mako-master/src/common/stdint.h:277] #error required type int_least8_t missing&#10;__int_least32_t_defined=0 : [C:/Users/Harini S/Desktop/flawfinder-2.0.19/test/mako-master/src/common/stdint.h:277] #error required type int_least8_t missing&#10;__int_least8_t_defined=0 : [C:/Users/Harini S/Desktop/flawfinder-2.0.19/test/mako-master/src/common/stdint.h:277] #error required type int_least8_t missing" file0="src/kernel/tss.c">
            <location file="src\kernel\tss.c" line="0"/>
        </error>
        <error id="noValidConfiguration" severity="information" msg="This file is not analyzed. Cppcheck failed to extract a valid configuration. Use -v for more details." verbose="This file is not analyzed. Cppcheck failed to extract a valid configuration. The tested configurations have these preprocessor errors:&#10;&amp;#039;&amp;#039; : [C:/Users/Harini S/Desktop/flawfinder-2.0.19/test/mako-master/src/common/stdint.h:277] #error required type int_least8_t missing&#10;LLONG_MAX;__LONG_LONG_MAX__ : [C:/Users/Harini S/Desktop/flawfinder-2.0.19/test/mako-master/src/common/stdint.h:277] #error required type int_least8_t missing&#10;__GNUC_MINOR__;__GNUC__ : [C:/Users/Harini S/Desktop/flawfinder-2.0.19/test/mako-master/src/common/stdint.h:277] #error required type int_least8_t missing&#10;__INTMAX_MAX__ : [C:/Users/Harini S/Desktop/flawfinder-2.0.19/test/mako-master/src/common/stdint.h:277] #error required type int_least8_t missing&#10;__INTMAX_TYPE__ : [C:/Users/Harini S/Desktop/flawfinder-2.0.19/test/mako-master/src/common/stdint.h:277] #error required type int_least8_t missing&#10;__PTRDIFF_MAX__ : [C:/Users/Harini S/Desktop/flawfinder-2.0.19/test/mako-master/src/common/stdint.h:277] #error required type int_least8_t missing&#10;__PTRDIFF_TYPE__ : [C:/Users/Harini S/Desktop/flawfinder-2.0.19/test/mako-master/src/common/stdint.h:277] #error required type int_least8_t missing&#10;__PTRDIFF_TYPE__;__UINTPTR_MAX__ : [C:/Users/Harini S/Desktop/flawfinder-2.0.19/test/mako-master/src/common/stdint.h:277] #error required type int_least8_t missing&#10;__SIZE_MAX__ : [C:/Users/Harini S/Desktop/flawfinder-2.0.19/test/mako-master/src/common/stdint.h:277] #error required type int_least8_t missing&#10;__SPU__ : [C:/Users/Harini S/Desktop/flawfinder-2.0.19/test/mako-master/src/common/stdint.h:277] #error required type int_least8_t missing&#10;__UINTMAX_MAX__ : [C:/Users/Harini S/Desktop/flawfinder-2.0.19/test/mako-master/src/common/stdint.h:277] #error required type int_least8_t missing&#10;__UINTMAX_TYPE__ : [C:/Users/Harini S/Desktop/flawfinder-2.0.19/test/mako-master/src/common/stdint.h:277] #error required type int_least8_t missing&#10;__WCHAR_MAX__ : [C:/Users/Harini S/Desktop/flawfinder-2.0.19/test/mako-master/src/common/stdint.h:277] #error required type int_least8_t missing&#10;__WCHAR_MIN__ : [C:/Users/Harini S/Desktop/flawfinder-2.0.19/test/mako-master/src/common/stdint.h:277] #error required type int_least8_t missing&#10;__WINT_MAX__ : [C:/Users/Harini S/Desktop/flawfinder-2.0.19/test/mako-master/src/common/stdint.h:277] #error required type int_least8_t missing&#10;__WINT_MIN__ : [C:/Users/Harini S/Desktop/flawfinder-2.0.19/test/mako-master/src/common/stdint.h:277] #error required type int_least8_t missing&#10;__int_fast16_t_defined=0 : [C:/Users/Harini S/Desktop/flawfinder-2.0.19/test/mako-master/src/common/stdint.h:277] #error required type int_least8_t missing&#10;__int_fast32_t_defined=0 : [C:/Users/Harini S/Desktop/flawfinder-2.0.19/test/mako-master/src/common/stdint.h:277] #error required type int_least8_t missing&#10;__int_fast64_t_defined=0 : [C:/Users/Harini S/Desktop/flawfinder-2.0.19/test/mako-master/src/common/stdint.h:277] #error required type int_least8_t missing&#10;__int_fast8_t_defined=0 : [C:/Users/Harini S/Desktop/flawfinder-2.0.19/test/mako-master/src/common/stdint.h:277] #error required type int_least8_t missing&#10;__int_least16_t_defined=0 : [C:/Users/Harini S/Desktop/flawfinder-2.0.19/test/mako-master/src/common/stdint.h:277] #error required type int_least8_t missing&#10;__int_least32_t_defined=0 : [C:/Users/Harini S/Desktop/flawfinder-2.0.19/test/mako-master/src/common/stdint.h:277] #error required type int_least8_t missing&#10;__int_least8_t_defined=0 : [C:/Users/Harini S/Desktop/flawfinder-2.0.19/test/mako-master/src/common/stdint.h:277] #error required type int_least8_t missing" file0="src/kernel/ui.c">
            <location file="src\kernel\ui.c" line="0"/>
        </error>
        <error id="noValidConfiguration" severity="information" msg="This file is not analyzed. Cppcheck failed to extract a valid configuration. Use -v for more details." verbose="This file is not analyzed. Cppcheck failed to extract a valid configuration. The tested configurations have these preprocessor errors:&#10;&amp;#039;&amp;#039; : [C:/Users/Harini S/Desktop/flawfinder-2.0.19/test/mako-master/src/common/stdint.h:277] #error required type int_least8_t missing&#10;LLONG_MAX;__LONG_LONG_MAX__ : [C:/Users/Harini S/Desktop/flawfinder-2.0.19/test/mako-master/src/common/stdint.h:277] #error required type int_least8_t missing&#10;__GNUC_MINOR__;__GNUC__ : [C:/Users/Harini S/Desktop/flawfinder-2.0.19/test/mako-master/src/common/stdint.h:277] #error required type int_least8_t missing&#10;__INTMAX_MAX__ : [C:/Users/Harini S/Desktop/flawfinder-2.0.19/test/mako-master/src/common/stdint.h:277] #error required type int_least8_t missing&#10;__INTMAX_TYPE__ : [C:/Users/Harini S/Desktop/flawfinder-2.0.19/test/mako-master/src/common/stdint.h:277] #error required type int_least8_t missing&#10;__PTRDIFF_MAX__ : [C:/Users/Harini S/Desktop/flawfinder-2.0.19/test/mako-master/src/common/stdint.h:277] #error required type int_least8_t missing&#10;__PTRDIFF_TYPE__ : [C:/Users/Harini S/Desktop/flawfinder-2.0.19/test/mako-master/src/common/stdint.h:277] #error required type int_least8_t missing&#10;__PTRDIFF_TYPE__;__UINTPTR_MAX__ : [C:/Users/Harini S/Desktop/flawfinder-2.0.19/test/mako-master/src/common/stdint.h:277] #error required type int_least8_t missing&#10;__SIZE_MAX__ : [C:/Users/Harini S/Desktop/flawfinder-2.0.19/test/mako-master/src/common/stdint.h:277] #error required type int_least8_t missing&#10;__SPU__ : [C:/Users/Harini S/Desktop/flawfinder-2.0.19/test/mako-master/src/common/stdint.h:277] #error required type int_least8_t missing&#10;__UINTMAX_MAX__ : [C:/Users/Harini S/Desktop/flawfinder-2.0.19/test/mako-master/src/common/stdint.h:277] #error required type int_least8_t missing&#10;__UINTMAX_TYPE__ : [C:/Users/Harini S/Desktop/flawfinder-2.0.19/test/mako-master/src/common/stdint.h:277] #error required type int_least8_t missing&#10;__WCHAR_MAX__ : [C:/Users/Harini S/Desktop/flawfinder-2.0.19/test/mako-master/src/common/stdint.h:277] #error required type int_least8_t missing&#10;__WCHAR_MIN__ : [C:/Users/Harini S/Desktop/flawfinder-2.0.19/test/mako-master/src/common/stdint.h:277] #error required type int_least8_t missing&#10;__WINT_MAX__ : [C:/Users/Harini S/Desktop/flawfinder-2.0.19/test/mako-master/src/common/stdint.h:277] #error required type int_least8_t missing&#10;__WINT_MIN__ : [C:/Users/Harini S/Desktop/flawfinder-2.0.19/test/mako-master/src/common/stdint.h:277] #error required type int_least8_t missing&#10;__int_fast16_t_defined=0 : [C:/Users/Harini S/Desktop/flawfinder-2.0.19/test/mako-master/src/common/stdint.h:277] #error required type int_least8_t missing&#10;__int_fast32_t_defined=0 : [C:/Users/Harini S/Desktop/flawfinder-2.0.19/test/mako-master/src/common/stdint.h:277] #error required type int_least8_t missing&#10;__int_fast64_t_defined=0 : [C:/Users/Harini S/Desktop/flawfinder-2.0.19/test/mako-master/src/common/stdint.h:277] #error required type int_least8_t missing&#10;__int_fast8_t_defined=0 : [C:/Users/Harini S/Desktop/flawfinder-2.0.19/test/mako-master/src/common/stdint.h:277] #error required type int_least8_t missing&#10;__int_least16_t_defined=0 : [C:/Users/Harini S/Desktop/flawfinder-2.0.19/test/mako-master/src/common/stdint.h:277] #error required type int_least8_t missing&#10;__int_least32_t_defined=0 : [C:/Users/Harini S/Desktop/flawfinder-2.0.19/test/mako-master/src/common/stdint.h:277] #error required type int_least8_t missing&#10;__int_least8_t_defined=0 : [C:/Users/Harini S/Desktop/flawfinder-2.0.19/test/mako-master/src/common/stdint.h:277] #error required type int_least8_t missing" file0="src/kernel/ustar.c">
            <location file="src\kernel\ustar.c" line="0"/>
        </error>
        <error id="missingIncludeSystem" severity="information" msg="Include file: &amp;lt;stddef.h&amp;gt; not found. Please note: Cppcheck does not need standard library headers to get proper results." verbose="Include file: &amp;lt;stddef.h&amp;gt; not found. Please note: Cppcheck does not need standard library headers to get proper results.">
            <location file="src\kernel\util.c" line="8"/>
        </error>
        <error id="noValidConfiguration" severity="information" msg="This file is not analyzed. Cppcheck failed to extract a valid configuration. Use -v for more details." verbose="This file is not analyzed. Cppcheck failed to extract a valid configuration. The tested configurations have these preprocessor errors:&#10;&amp;#039;&amp;#039; : [C:/Users/Harini S/Desktop/flawfinder-2.0.19/test/mako-master/src/common/stdint.h:277] #error required type int_least8_t missing&#10;LLONG_MAX;__LONG_LONG_MAX__ : [C:/Users/Harini S/Desktop/flawfinder-2.0.19/test/mako-master/src/common/stdint.h:277] #error required type int_least8_t missing&#10;__GNUC_MINOR__;__GNUC__ : [C:/Users/Harini S/Desktop/flawfinder-2.0.19/test/mako-master/src/common/stdint.h:277] #error required type int_least8_t missing&#10;__INTMAX_MAX__ : [C:/Users/Harini S/Desktop/flawfinder-2.0.19/test/mako-master/src/common/stdint.h:277] #error required type int_least8_t missing&#10;__INTMAX_TYPE__ : [C:/Users/Harini S/Desktop/flawfinder-2.0.19/test/mako-master/src/common/stdint.h:277] #error required type int_least8_t missing&#10;__PTRDIFF_MAX__ : [C:/Users/Harini S/Desktop/flawfinder-2.0.19/test/mako-master/src/common/stdint.h:277] #error required type int_least8_t missing&#10;__PTRDIFF_TYPE__ : [C:/Users/Harini S/Desktop/flawfinder-2.0.19/test/mako-master/src/common/stdint.h:277] #error required type int_least8_t missing&#10;__PTRDIFF_TYPE__;__UINTPTR_MAX__ : [C:/Users/Harini S/Desktop/flawfinder-2.0.19/test/mako-master/src/common/stdint.h:277] #error required type int_least8_t missing&#10;__SIZE_MAX__ : [C:/Users/Harini S/Desktop/flawfinder-2.0.19/test/mako-master/src/common/stdint.h:277] #error required type int_least8_t missing&#10;__SPU__ : [C:/Users/Harini S/Desktop/flawfinder-2.0.19/test/mako-master/src/common/stdint.h:277] #error required type int_least8_t missing&#10;__UINTMAX_MAX__ : [C:/Users/Harini S/Desktop/flawfinder-2.0.19/test/mako-master/src/common/stdint.h:277] #error required type int_least8_t missing&#10;__UINTMAX_TYPE__ : [C:/Users/Harini S/Desktop/flawfinder-2.0.19/test/mako-master/src/common/stdint.h:277] #error required type int_least8_t missing&#10;__WCHAR_MAX__ : [C:/Users/Harini S/Desktop/flawfinder-2.0.19/test/mako-master/src/common/stdint.h:277] #error required type int_least8_t missing&#10;__WCHAR_MIN__ : [C:/Users/Harini S/Desktop/flawfinder-2.0.19/test/mako-master/src/common/stdint.h:277] #error required type int_least8_t missing&#10;__WINT_MAX__ : [C:/Users/Harini S/Desktop/flawfinder-2.0.19/test/mako-master/src/common/stdint.h:277] #error required type int_least8_t missing&#10;__WINT_MIN__ : [C:/Users/Harini S/Desktop/flawfinder-2.0.19/test/mako-master/src/common/stdint.h:277] #error required type int_least8_t missing&#10;__int_fast16_t_defined=0 : [C:/Users/Harini S/Desktop/flawfinder-2.0.19/test/mako-master/src/common/stdint.h:277] #error required type int_least8_t missing&#10;__int_fast32_t_defined=0 : [C:/Users/Harini S/Desktop/flawfinder-2.0.19/test/mako-master/src/common/stdint.h:277] #error required type int_least8_t missing&#10;__int_fast64_t_defined=0 : [C:/Users/Harini S/Desktop/flawfinder-2.0.19/test/mako-master/src/common/stdint.h:277] #error required type int_least8_t missing&#10;__int_fast8_t_defined=0 : [C:/Users/Harini S/Desktop/flawfinder-2.0.19/test/mako-master/src/common/stdint.h:277] #error required type int_least8_t missing&#10;__int_least16_t_defined=0 : [C:/Users/Harini S/Desktop/flawfinder-2.0.19/test/mako-master/src/common/stdint.h:277] #error required type int_least8_t missing&#10;__int_least32_t_defined=0 : [C:/Users/Harini S/Desktop/flawfinder-2.0.19/test/mako-master/src/common/stdint.h:277] #error required type int_least8_t missing&#10;__int_least8_t_defined=0 : [C:/Users/Harini S/Desktop/flawfinder-2.0.19/test/mako-master/src/common/stdint.h:277] #error required type int_least8_t missing" file0="src/kernel/util.c">
            <location file="src\kernel\util.c" line="0"/>
        </error>
        <error id="missingIncludeSystem" severity="information" msg="Include file: &amp;lt;stddef.h&amp;gt; not found. Please note: Cppcheck does not need standard library headers to get proper results." verbose="Include file: &amp;lt;stddef.h&amp;gt; not found. Please note: Cppcheck does not need standard library headers to get proper results.">
            <location file="src\libc\stdlib.h" line="12"/>
        </error>
        <error id="missingIncludeSystem" severity="information" msg="Include file: &amp;lt;stddef.h&amp;gt; not found. Please note: Cppcheck does not need standard library headers to get proper results." verbose="Include file: &amp;lt;stddef.h&amp;gt; not found. Please note: Cppcheck does not need standard library headers to get proper results.">
            <location file="src\libc\unistd.h" line="12"/>
        </error>
        <error id="constParameterPointer" severity="style" msg="Parameter &amp;#039;path&amp;#039; can be declared as pointer to const" verbose="Parameter &amp;#039;path&amp;#039; can be declared as pointer to const" cwe="398" file0="src/libc/dirent.c">
            <location file="src\libc\dirent.c" line="16"/>
        </error>
        <error id="missingIncludeSystem" severity="information" msg="Include file: &amp;lt;stddef.h&amp;gt; not found. Please note: Cppcheck does not need standard library headers to get proper results." verbose="Include file: &amp;lt;stddef.h&amp;gt; not found. Please note: Cppcheck does not need standard library headers to get proper results.">
            <location file="src\libc\dlfcn.c" line="8"/>
        </error>
        <error id="missingIncludeSystem" severity="information" msg="Include file: &amp;lt;stdarg.h&amp;gt; not found. Please note: Cppcheck does not need standard library headers to get proper results." verbose="Include file: &amp;lt;stdarg.h&amp;gt; not found. Please note: Cppcheck does not need standard library headers to get proper results.">
            <location file="src\libc\fcntl.c" line="10"/>
        </error>
        <error id="missingIncludeSystem" severity="information" msg="Include file: &amp;lt;stddef.h&amp;gt; not found. Please note: Cppcheck does not need standard library headers to get proper results." verbose="Include file: &amp;lt;stddef.h&amp;gt; not found. Please note: Cppcheck does not need standard library headers to get proper results.">
            <location file="src\libc\heap.c" line="8"/>
        </error>
        <error id="constParameterPointer" severity="style" msg="Parameter &amp;#039;block&amp;#039; can be declared as pointer to const" verbose="Parameter &amp;#039;block&amp;#039; can be declared as pointer to const" cwe="398" file0="src/libc/heap.c">
            <location file="src\libc\heap.c" line="35"/>
        </error>
        <error id="constParameterPointer" severity="style" msg="Parameter &amp;#039;block&amp;#039; can be declared as pointer to const" verbose="Parameter &amp;#039;block&amp;#039; can be declared as pointer to const" cwe="398" file0="src/libc/heap.c">
            <location file="src\libc\heap.c" line="37"/>
        </error>
        <error id="missingIncludeSystem" severity="information" msg="Include file: &amp;lt;stddef.h&amp;gt; not found. Please note: Cppcheck does not need standard library headers to get proper results." verbose="Include file: &amp;lt;stddef.h&amp;gt; not found. Please note: Cppcheck does not need standard library headers to get proper results.">
            <location file="src\libc\mako.h" line="12"/>
        </error>
        <error id="missingIncludeSystem" severity="information" msg="Include file: &amp;lt;stddef.h&amp;gt; not found. Please note: Cppcheck does not need standard library headers to get proper results." verbose="Include file: &amp;lt;stddef.h&amp;gt; not found. Please note: Cppcheck does not need standard library headers to get proper results.">
            <location file="src\libc\string.h" line="12"/>
        </error>
        <error id="constParameterPointer" severity="style" msg="Parameter &amp;#039;path&amp;#039; can be declared as pointer to const" verbose="Parameter &amp;#039;path&amp;#039; can be declared as pointer to const" cwe="398" file0="src/libc/libgen.c">
            <location file="src\libc\libgen.c" line="16"/>
        </error>
        <error id="constVariablePointer" severity="style" msg="Variable &amp;#039;end&amp;#039; can be declared as pointer to const" verbose="Variable &amp;#039;end&amp;#039; can be declared as pointer to const" cwe="398" file0="src/libc/libgen.c">
            <location file="src\libc\libgen.c" line="40"/>
        </error>
        <error id="missingIncludeSystem" severity="information" msg="Include file: &amp;lt;stddef.h&amp;gt; not found. Please note: Cppcheck does not need standard library headers to get proper results." verbose="Include file: &amp;lt;stddef.h&amp;gt; not found. Please note: Cppcheck does not need standard library headers to get proper results.">
            <location file="src\libc\mman.c" line="8"/>
        </error>
        <error id="missingIncludeSystem" severity="information" msg="Include file: &amp;lt;stddef.h&amp;gt; not found. Please note: Cppcheck does not need standard library headers to get proper results." verbose="Include file: &amp;lt;stddef.h&amp;gt; not found. Please note: Cppcheck does not need standard library headers to get proper results.">
            <location file="src\libc\sys\mman.h" line="11"/>
        </error>
        <error id="missingIncludeSystem" severity="information" msg="Include file: &amp;lt;stdbool.h&amp;gt; not found. Please note: Cppcheck does not need standard library headers to get proper results." verbose="Include file: &amp;lt;stdbool.h&amp;gt; not found. Please note: Cppcheck does not need standard library headers to get proper results.">
            <location file="src\libc\printf.c" line="33"/>
        </error>
        <error id="missingInclude" severity="information" msg="Include file: &amp;quot;float.h&amp;quot; not found." verbose="Include file: &amp;quot;float.h&amp;quot; not found.">
            <location file="src\libc\printf.c" line="117"/>
        </error>
        <error id="redundantCondition" severity="style" msg="Redundant condition: The condition &amp;#039;!(diff &amp;lt; 0.5)&amp;#039; is redundant since &amp;#039;diff &amp;gt; 0.5&amp;#039; is sufficient." verbose="Redundant condition: The condition &amp;#039;!(diff &amp;lt; 0.5)&amp;#039; is redundant since &amp;#039;diff &amp;gt; 0.5&amp;#039; is sufficient." cwe="398" file0="src/libc/printf.c">
            <location file="src\libc\printf.c" line="405"/>
        </error>
        <error id="missingInclude" severity="information" msg="Include file: &amp;quot;printf_config.h&amp;quot; not found." verbose="Include file: &amp;quot;printf_config.h&amp;quot; not found.">
            <location file="src\libc\printf.c" line="43"/>
        </error>
        <error id="missingIncludeSystem" severity="information" msg="Include file: &amp;lt;stdarg.h&amp;gt; not found. Please note: Cppcheck does not need standard library headers to get proper results." verbose="Include file: &amp;lt;stdarg.h&amp;gt; not found. Please note: Cppcheck does not need standard library headers to get proper results.">
            <location file="src\libc\_printf.h" line="35"/>
        </error>
        <error id="missingIncludeSystem" severity="information" msg="Include file: &amp;lt;stddef.h&amp;gt; not found. Please note: Cppcheck does not need standard library headers to get proper results." verbose="Include file: &amp;lt;stddef.h&amp;gt; not found. Please note: Cppcheck does not need standard library headers to get proper results.">
            <location file="src\libc\_printf.h" line="36"/>
        </error>
        <error id="missingIncludeSystem" severity="information" msg="Include file: &amp;lt;stddef.h&amp;gt; not found. Please note: Cppcheck does not need standard library headers to get proper results." verbose="Include file: &amp;lt;stddef.h&amp;gt; not found. Please note: Cppcheck does not need standard library headers to get proper results.">
            <location file="src\libc\qsort.c" line="9"/>
        </error>
        <error id="missingInclude" severity="information" msg="Include file: &amp;quot;limits.h&amp;quot; not found." verbose="Include file: &amp;quot;limits.h&amp;quot; not found.">
            <location file="src\libc\sconv.c" line="13"/>
        </error>
        <error id="variableScope" severity="style" msg="The scope of the variable &amp;#039;multiplier&amp;#039; can be reduced." verbose="The scope of the variable &amp;#039;multiplier&amp;#039; can be reduced. Warning: Be careful when fixing this message, especially when there are inner loops. Here is an example where cppcheck will write that the scope for &amp;#039;i&amp;#039; can be reduced:&#10;void f(int x)&#10;{&#10;    int i = 0;&#10;    if (x) {&#10;        // it&amp;#039;s safe to move &amp;#039;int i = 0;&amp;#039; here&#10;        for (int n = 0; n &amp;lt; 10; ++n) {&#10;            // it is possible but not safe to move &amp;#039;int i = 0;&amp;#039; here&#10;            do_something(&amp;amp;i);&#10;        }&#10;    }&#10;}&#10;When you see this message it is always safe to reduce the variable scope 1 level." cwe="398" file0="src/libc/sconv.c">
            <location file="src\libc\sconv.c" line="132"/>
        </error>
        <error id="missingIncludeSystem" severity="information" msg="Include file: &amp;lt;stddef.h&amp;gt; not found. Please note: Cppcheck does not need standard library headers to get proper results." verbose="Include file: &amp;lt;stddef.h&amp;gt; not found. Please note: Cppcheck does not need standard library headers to get proper results.">
            <location file="src\libc\stdio.c" line="9"/>
        </error>
        <error id="missingIncludeSystem" severity="information" msg="Include file: &amp;lt;stdarg.h&amp;gt; not found. Please note: Cppcheck does not need standard library headers to get proper results." verbose="Include file: &amp;lt;stdarg.h&amp;gt; not found. Please note: Cppcheck does not need standard library headers to get proper results.">
            <location file="src\libc\stdio.c" line="10"/>
        </error>
        <error id="missingIncludeSystem" severity="information" msg="Include file: &amp;lt;stddef.h&amp;gt; not found. Please note: Cppcheck does not need standard library headers to get proper results." verbose="Include file: &amp;lt;stddef.h&amp;gt; not found. Please note: Cppcheck does not need standard library headers to get proper results.">
            <location file="src\libc\stdio.h" line="12"/>
        </error>
        <error id="missingIncludeSystem" severity="information" msg="Include file: &amp;lt;stddef.h&amp;gt; not found. Please note: Cppcheck does not need standard library headers to get proper results." verbose="Include file: &amp;lt;stddef.h&amp;gt; not found. Please note: Cppcheck does not need standard library headers to get proper results.">
            <location file="src\libc\stdlib.c" line="9"/>
        </error>
        <error id="constVariablePointer" severity="style" msg="Variable &amp;#039;eq&amp;#039; can be declared as pointer to const" verbose="Variable &amp;#039;eq&amp;#039; can be declared as pointer to const" cwe="398" file0="src/libc/stdlib.c">
            <location file="src\libc\stdlib.c" line="33"/>
        </error>
        <error id="constVariablePointer" severity="style" msg="Variable &amp;#039;eq&amp;#039; can be declared as pointer to const" verbose="Variable &amp;#039;eq&amp;#039; can be declared as pointer to const" cwe="398" file0="src/libc/stdlib.c">
            <location file="src\libc\stdlib.c" line="70"/>
        </error>
        <error id="missingIncludeSystem" severity="information" msg="Include file: &amp;lt;stddef.h&amp;gt; not found. Please note: Cppcheck does not need standard library headers to get proper results." verbose="Include file: &amp;lt;stddef.h&amp;gt; not found. Please note: Cppcheck does not need standard library headers to get proper results.">
            <location file="src\libc\string.c" line="9"/>
        </error>
        <error id="missingIncludeSystem" severity="information" msg="Include file: &amp;lt;stddef.h&amp;gt; not found. Please note: Cppcheck does not need standard library headers to get proper results." verbose="Include file: &amp;lt;stddef.h&amp;gt; not found. Please note: Cppcheck does not need standard library headers to get proper results.">
            <location file="src\libc\strings.h" line="12"/>
        </error>
        <error id="truncLongCastAssignment" severity="style" msg="int result is assigned to long long variable. If the variable is long long to avoid loss of information, then you have loss of information." verbose="int result is assigned to long long variable. If the variable is long long to avoid loss of information, then there is loss of information. To avoid loss of information you must cast a calculation operand to long long, for example &amp;#039;l = a * b;&amp;#039; =&amp;gt; &amp;#039;l = (long long)a * b;&amp;#039;." cwe="197" file0="src/libc/systime.c">
            <location file="src\libc\systime.c" line="18"/>
        </error>
        <error id="missingIncludeSystem" severity="information" msg="Include file: &amp;lt;stddef.h&amp;gt; not found. Please note: Cppcheck does not need standard library headers to get proper results." verbose="Include file: &amp;lt;stddef.h&amp;gt; not found. Please note: Cppcheck does not need standard library headers to get proper results.">
            <location file="src\libc\time.c" line="10"/>
        </error>
        <error id="nullPointer" severity="error" msg="Null pointer dereference" verbose="Null pointer dereference" cwe="476" file0="src/libc/time.c">
            <location file="src\libc\time.c" line="67"/>
        </error>
        <error id="constVariablePointer" severity="style" msg="Variable &amp;#039;stime&amp;#039; can be declared as pointer to const" verbose="Variable &amp;#039;stime&amp;#039; can be declared as pointer to const" cwe="398" file0="src/libc/time.c">
            <location file="src\libc\time.c" line="37"/>
        </error>
        <error id="constParameterPointer" severity="style" msg="Parameter &amp;#039;tm&amp;#039; can be declared as pointer to const" verbose="Parameter &amp;#039;tm&amp;#039; can be declared as pointer to const" cwe="398" file0="src/libc/time.c">
            <location file="src\libc\time.c" line="54"/>
        </error>
        <error id="missingIncludeSystem" severity="information" msg="Include file: &amp;lt;stddef.h&amp;gt; not found. Please note: Cppcheck does not need standard library headers to get proper results." verbose="Include file: &amp;lt;stddef.h&amp;gt; not found. Please note: Cppcheck does not need standard library headers to get proper results.">
            <location file="src\libc\unistd.c" line="9"/>
        </error>
        <error id="missingIncludeSystem" severity="information" msg="Include file: &amp;lt;stddef.h&amp;gt; not found. Please note: Cppcheck does not need standard library headers to get proper results." verbose="Include file: &amp;lt;stddef.h&amp;gt; not found. Please note: Cppcheck does not need standard library headers to get proper results.">
            <location file="src\libui\ui.c" line="8"/>
        </error>
        <error id="noValidConfiguration" severity="information" msg="This file is not analyzed. Cppcheck failed to extract a valid configuration. Use -v for more details." verbose="This file is not analyzed. Cppcheck failed to extract a valid configuration. The tested configurations have these preprocessor errors:&#10;&amp;#039;&amp;#039; : [C:/Users/Harini S/Desktop/flawfinder-2.0.19/test/mako-master/src/common/stdint.h:277] #error required type int_least8_t missing&#10;LLONG_MAX;__LONG_LONG_MAX__ : [C:/Users/Harini S/Desktop/flawfinder-2.0.19/test/mako-master/src/common/stdint.h:277] #error required type int_least8_t missing&#10;__GNUC_MINOR__;__GNUC__ : [C:/Users/Harini S/Desktop/flawfinder-2.0.19/test/mako-master/src/common/stdint.h:277] #error required type int_least8_t missing&#10;__INTMAX_MAX__ : [C:/Users/Harini S/Desktop/flawfinder-2.0.19/test/mako-master/src/common/stdint.h:277] #error required type int_least8_t missing&#10;__INTMAX_TYPE__ : [C:/Users/Harini S/Desktop/flawfinder-2.0.19/test/mako-master/src/common/stdint.h:277] #error required type int_least8_t missing&#10;__PTRDIFF_MAX__ : [C:/Users/Harini S/Desktop/flawfinder-2.0.19/test/mako-master/src/common/stdint.h:277] #error required type int_least8_t missing&#10;__PTRDIFF_TYPE__ : [C:/Users/Harini S/Desktop/flawfinder-2.0.19/test/mako-master/src/common/stdint.h:277] #error required type int_least8_t missing&#10;__PTRDIFF_TYPE__;__UINTPTR_MAX__ : [C:/Users/Harini S/Desktop/flawfinder-2.0.19/test/mako-master/src/common/stdint.h:277] #error required type int_least8_t missing&#10;__SIZE_MAX__ : [C:/Users/Harini S/Desktop/flawfinder-2.0.19/test/mako-master/src/common/stdint.h:277] #error required type int_least8_t missing&#10;__SPU__ : [C:/Users/Harini S/Desktop/flawfinder-2.0.19/test/mako-master/src/common/stdint.h:277] #error required type int_least8_t missing&#10;__UINTMAX_MAX__ : [C:/Users/Harini S/Desktop/flawfinder-2.0.19/test/mako-master/src/common/stdint.h:277] #error required type int_least8_t missing&#10;__UINTMAX_TYPE__ : [C:/Users/Harini S/Desktop/flawfinder-2.0.19/test/mako-master/src/common/stdint.h:277] #error required type int_least8_t missing&#10;__WCHAR_MAX__ : [C:/Users/Harini S/Desktop/flawfinder-2.0.19/test/mako-master/src/common/stdint.h:277] #error required type int_least8_t missing&#10;__WCHAR_MIN__ : [C:/Users/Harini S/Desktop/flawfinder-2.0.19/test/mako-master/src/common/stdint.h:277] #error required type int_least8_t missing&#10;__WINT_MAX__ : [C:/Users/Harini S/Desktop/flawfinder-2.0.19/test/mako-master/src/common/stdint.h:277] #error required type int_least8_t missing&#10;__WINT_MIN__ : [C:/Users/Harini S/Desktop/flawfinder-2.0.19/test/mako-master/src/common/stdint.h:277] #error required type int_least8_t missing&#10;__int_fast16_t_defined=0 : [C:/Users/Harini S/Desktop/flawfinder-2.0.19/test/mako-master/src/common/stdint.h:277] #error required type int_least8_t missing&#10;__int_fast32_t_defined=0 : [C:/Users/Harini S/Desktop/flawfinder-2.0.19/test/mako-master/src/common/stdint.h:277] #error required type int_least8_t missing&#10;__int_fast64_t_defined=0 : [C:/Users/Harini S/Desktop/flawfinder-2.0.19/test/mako-master/src/common/stdint.h:277] #error required type int_least8_t missing&#10;__int_fast8_t_defined=0 : [C:/Users/Harini S/Desktop/flawfinder-2.0.19/test/mako-master/src/common/stdint.h:277] #error required type int_least8_t missing&#10;__int_least16_t_defined=0 : [C:/Users/Harini S/Desktop/flawfinder-2.0.19/test/mako-master/src/common/stdint.h:277] #error required type int_least8_t missing&#10;__int_least32_t_defined=0 : [C:/Users/Harini S/Desktop/flawfinder-2.0.19/test/mako-master/src/common/stdint.h:277] #error required type int_least8_t missing&#10;__int_least8_t_defined=0 : [C:/Users/Harini S/Desktop/flawfinder-2.0.19/test/mako-master/src/common/stdint.h:277] #error required type int_least8_t missing" file0="src/libui/ui.c">
            <location file="src\libui\ui.c" line="0"/>
        </error>
        <error id="missingIncludeSystem" severity="information" msg="Include file: &amp;lt;stdio.h&amp;gt; not found. Please note: Cppcheck does not need standard library headers to get proper results." verbose="Include file: &amp;lt;stdio.h&amp;gt; not found. Please note: Cppcheck does not need standard library headers to get proper results.">
            <location file="tools\font_compiler.c" line="4"/>
        </error>
        <error id="missingIncludeSystem" severity="information" msg="Include file: &amp;lt;stdlib.h&amp;gt; not found. Please note: Cppcheck does not need standard library headers to get proper results." verbose="Include file: &amp;lt;stdlib.h&amp;gt; not found. Please note: Cppcheck does not need standard library headers to get proper results.">
            <location file="tools\font_compiler.c" line="5"/>
        </error>
        <error id="missingIncludeSystem" severity="information" msg="Include file: &amp;lt;stdint.h&amp;gt; not found. Please note: Cppcheck does not need standard library headers to get proper results." verbose="Include file: &amp;lt;stdint.h&amp;gt; not found. Please note: Cppcheck does not need standard library headers to get proper results.">
            <location file="tools\font_compiler.c" line="6"/>
        </error>
        <error id="leakNoVarFunctionCall" severity="error" msg="Allocation with fopen, fread doesn&amp;#039;t release it." verbose="Allocation with fopen, fread doesn&amp;#039;t release it." cwe="772" file0="tools/font_compiler.c">
            <location file="tools\font_compiler.c" line="23"/>
        </error>
        <error id="constParameter" severity="style" msg="Parameter &amp;#039;argv&amp;#039; can be declared as const array" verbose="Parameter &amp;#039;argv&amp;#039; can be declared as const array" cwe="398" file0="tools/font_compiler.c">
            <location file="tools\font_compiler.c" line="15"/>
        </error>
        <error id="missingIncludeSystem" severity="information" msg="Include file: &amp;lt;math.h&amp;gt; not found. Please note: Cppcheck does not need standard library headers to get proper results." verbose="Include file: &amp;lt;math.h&amp;gt; not found. Please note: Cppcheck does not need standard library headers to get proper results.">
            <location file="tools\stb_truetype.h" line="441"/>
        </error>
        <error id="missingIncludeSystem" severity="information" msg="Include file: &amp;lt;math.h&amp;gt; not found. Please note: Cppcheck does not need standard library headers to get proper results." verbose="Include file: &amp;lt;math.h&amp;gt; not found. Please note: Cppcheck does not need standard library headers to get proper results.">
            <location file="tools\stb_truetype.h" line="447"/>
        </error>
        <error id="missingIncludeSystem" severity="information" msg="Include file: &amp;lt;math.h&amp;gt; not found. Please note: Cppcheck does not need standard library headers to get proper results." verbose="Include file: &amp;lt;math.h&amp;gt; not found. Please note: Cppcheck does not need standard library headers to get proper results.">
            <location file="tools\stb_truetype.h" line="453"/>
        </error>
        <error id="missingIncludeSystem" severity="information" msg="Include file: &amp;lt;math.h&amp;gt; not found. Please note: Cppcheck does not need standard library headers to get proper results." verbose="Include file: &amp;lt;math.h&amp;gt; not found. Please note: Cppcheck does not need standard library headers to get proper results.">
            <location file="tools\stb_truetype.h" line="458"/>
        </error>
        <error id="missingIncludeSystem" severity="information" msg="Include file: &amp;lt;math.h&amp;gt; not found. Please note: Cppcheck does not need standard library headers to get proper results." verbose="Include file: &amp;lt;math.h&amp;gt; not found. Please note: Cppcheck does not need standard library headers to get proper results.">
            <location file="tools\stb_truetype.h" line="464"/>
        </error>
        <error id="missingIncludeSystem" severity="information" msg="Include file: &amp;lt;stdlib.h&amp;gt; not found. Please note: Cppcheck does not need standard library headers to get proper results." verbose="Include file: &amp;lt;stdlib.h&amp;gt; not found. Please note: Cppcheck does not need standard library headers to get proper results.">
            <location file="tools\stb_truetype.h" line="470"/>
        </error>
        <error id="missingIncludeSystem" severity="information" msg="Include file: &amp;lt;assert.h&amp;gt; not found. Please note: Cppcheck does not need standard library headers to get proper results." verbose="Include file: &amp;lt;assert.h&amp;gt; not found. Please note: Cppcheck does not need standard library headers to get proper results.">
            <location file="tools\stb_truetype.h" line="476"/>
        </error>
        <error id="missingIncludeSystem" severity="information" msg="Include file: &amp;lt;string.h&amp;gt; not found. Please note: Cppcheck does not need standard library headers to get proper results." verbose="Include file: &amp;lt;string.h&amp;gt; not found. Please note: Cppcheck does not need standard library headers to get proper results.">
            <location file="tools\stb_truetype.h" line="481"/>
        </error>
        <error id="missingIncludeSystem" severity="information" msg="Include file: &amp;lt;string.h&amp;gt; not found. Please note: Cppcheck does not need standard library headers to get proper results." verbose="Include file: &amp;lt;string.h&amp;gt; not found. Please note: Cppcheck does not need standard library headers to get proper results.">
            <location file="tools\stb_truetype.h" line="486"/>
        </error>
        <error id="variableScope" severity="style" msg="The scope of the variable &amp;#039;offsize&amp;#039; can be reduced." verbose="The scope of the variable &amp;#039;offsize&amp;#039; can be reduced. Warning: Be careful when fixing this message, especially when there are inner loops. Here is an example where cppcheck will write that the scope for &amp;#039;i&amp;#039; can be reduced:&#10;void f(int x)&#10;{&#10;    int i = 0;&#10;    if (x) {&#10;        // it&amp;#039;s safe to move &amp;#039;int i = 0;&amp;#039; here&#10;        for (int n = 0; n &amp;lt; 10; ++n) {&#10;            // it is possible but not safe to move &amp;#039;int i = 0;&amp;#039; here&#10;            do_something(&amp;amp;i);&#10;        }&#10;    }&#10;}&#10;When you see this message it is always safe to reduce the variable scope 1 level." cwe="398" file0="tools/font_compiler.c">
            <location file="tools\stb_truetype.h" line="1192"/>
        </error>
        <error id="variableScope" severity="style" msg="The scope of the variable &amp;#039;v&amp;#039; can be reduced." verbose="The scope of the variable &amp;#039;v&amp;#039; can be reduced. Warning: Be careful when fixing this message, especially when there are inner loops. Here is an example where cppcheck will write that the scope for &amp;#039;i&amp;#039; can be reduced:&#10;void f(int x)&#10;{&#10;    int i = 0;&#10;    if (x) {&#10;        // it&amp;#039;s safe to move &amp;#039;int i = 0;&amp;#039; here&#10;        for (int n = 0; n &amp;lt; 10; ++n) {&#10;            // it is possible but not safe to move &amp;#039;int i = 0;&amp;#039; here&#10;            do_something(&amp;amp;i);&#10;        }&#10;    }&#10;}&#10;When you see this message it is always safe to reduce the variable scope 1 level." cwe="398" file0="tools/font_compiler.c">
            <location file="tools\stb_truetype.h" line="1217"/>
        </error>
        <error id="variableScope" severity="style" msg="The scope of the variable &amp;#039;t&amp;#039; can be reduced." verbose="The scope of the variable &amp;#039;t&amp;#039; can be reduced. Warning: Be careful when fixing this message, especially when there are inner loops. Here is an example where cppcheck will write that the scope for &amp;#039;i&amp;#039; can be reduced:&#10;void f(int x)&#10;{&#10;    int i = 0;&#10;    if (x) {&#10;        // it&amp;#039;s safe to move &amp;#039;int i = 0;&amp;#039; here&#10;        for (int n = 0; n &amp;lt; 10; ++n) {&#10;            // it is possible but not safe to move &amp;#039;int i = 0;&amp;#039; here&#10;            do_something(&amp;amp;i);&#10;        }&#10;    }&#10;}&#10;When you see this message it is always safe to reduce the variable scope 1 level." cwe="398" file0="tools/font_compiler.c">
            <location file="tools\stb_truetype.h" line="1370"/>
        </error>
        <error id="variableScope" severity="style" msg="The scope of the variable &amp;#039;endPtsOfContours&amp;#039; can be reduced." verbose="The scope of the variable &amp;#039;endPtsOfContours&amp;#039; can be reduced. Warning: Be careful when fixing this message, especially when there are inner loops. Here is an example where cppcheck will write that the scope for &amp;#039;i&amp;#039; can be reduced:&#10;void f(int x)&#10;{&#10;    int i = 0;&#10;    if (x) {&#10;        // it&amp;#039;s safe to move &amp;#039;int i = 0;&amp;#039; here&#10;        for (int n = 0; n &amp;lt; 10; ++n) {&#10;            // it is possible but not safe to move &amp;#039;int i = 0;&amp;#039; here&#10;            do_something(&amp;amp;i);&#10;        }&#10;    }&#10;}&#10;When you see this message it is always safe to reduce the variable scope 1 level." cwe="398" file0="tools/font_compiler.c">
            <location file="tools\stb_truetype.h" line="1677"/>
        </error>
        <error id="variableScope" severity="style" msg="The scope of the variable &amp;#039;i&amp;#039; can be reduced." verbose="The scope of the variable &amp;#039;i&amp;#039; can be reduced. Warning: Be careful when fixing this message, especially when there are inner loops. Here is an example where cppcheck will write that the scope for &amp;#039;i&amp;#039; can be reduced:&#10;void f(int x)&#10;{&#10;    int i = 0;&#10;    if (x) {&#10;        // it&amp;#039;s safe to move &amp;#039;int i = 0;&amp;#039; here&#10;        for (int n = 0; n &amp;lt; 10; ++n) {&#10;            // it is possible but not safe to move &amp;#039;int i = 0;&amp;#039; here&#10;            do_something(&amp;amp;i);&#10;        }&#10;    }&#10;}&#10;When you see this message it is always safe to reduce the variable scope 1 level." cwe="398" file0="tools/font_compiler.c">
            <location file="tools\stb_truetype.h" line="1820"/>
        </error>
        <error id="variableScope" severity="style" msg="The scope of the variable &amp;#039;straw&amp;#039; can be reduced." verbose="The scope of the variable &amp;#039;straw&amp;#039; can be reduced. Warning: Be careful when fixing this message, especially when there are inner loops. Here is an example where cppcheck will write that the scope for &amp;#039;i&amp;#039; can be reduced:&#10;void f(int x)&#10;{&#10;    int i = 0;&#10;    if (x) {&#10;        // it&amp;#039;s safe to move &amp;#039;int i = 0;&amp;#039; here&#10;        for (int n = 0; n &amp;lt; 10; ++n) {&#10;            // it is possible but not safe to move &amp;#039;int i = 0;&amp;#039; here&#10;            do_something(&amp;amp;i);&#10;        }&#10;    }&#10;}&#10;When you see this message it is always safe to reduce the variable scope 1 level." cwe="398" file0="tools/font_compiler.c">
            <location file="tools\stb_truetype.h" line="2362"/>
        </error>
        <error id="variableScope" severity="style" msg="The scope of the variable &amp;#039;m&amp;#039; can be reduced." verbose="The scope of the variable &amp;#039;m&amp;#039; can be reduced. Warning: Be careful when fixing this message, especially when there are inner loops. Here is an example where cppcheck will write that the scope for &amp;#039;i&amp;#039; can be reduced:&#10;void f(int x)&#10;{&#10;    int i = 0;&#10;    if (x) {&#10;        // it&amp;#039;s safe to move &amp;#039;int i = 0;&amp;#039; here&#10;        for (int n = 0; n &amp;lt; 10; ++n) {&#10;            // it is possible but not safe to move &amp;#039;int i = 0;&amp;#039; here&#10;            do_something(&amp;amp;i);&#10;        }&#10;    }&#10;}&#10;When you see this message it is always safe to reduce the variable scope 1 level." cwe="398" file0="tools/font_compiler.c">
            <location file="tools\stb_truetype.h" line="2363"/>
        </error>
        <error id="variableScope" severity="style" msg="The scope of the variable &amp;#039;m&amp;#039; can be reduced." verbose="The scope of the variable &amp;#039;m&amp;#039; can be reduced. Warning: Be careful when fixing this message, especially when there are inner loops. Here is an example where cppcheck will write that the scope for &amp;#039;i&amp;#039; can be reduced:&#10;void f(int x)&#10;{&#10;    int i = 0;&#10;    if (x) {&#10;        // it&amp;#039;s safe to move &amp;#039;int i = 0;&amp;#039; here&#10;        for (int n = 0; n &amp;lt; 10; ++n) {&#10;            // it is possible but not safe to move &amp;#039;int i = 0;&amp;#039; here&#10;            do_something(&amp;amp;i);&#10;        }&#10;    }&#10;}&#10;When you see this message it is always safe to reduce the variable scope 1 level." cwe="398" file0="tools/font_compiler.c">
            <location file="tools\stb_truetype.h" line="2397"/>
        </error>
        <error id="variableScope" severity="style" msg="The scope of the variable &amp;#039;straw&amp;#039; can be reduced." verbose="The scope of the variable &amp;#039;straw&amp;#039; can be reduced. Warning: Be careful when fixing this message, especially when there are inner loops. Here is an example where cppcheck will write that the scope for &amp;#039;i&amp;#039; can be reduced:&#10;void f(int x)&#10;{&#10;    int i = 0;&#10;    if (x) {&#10;        // it&amp;#039;s safe to move &amp;#039;int i = 0;&amp;#039; here&#10;        for (int n = 0; n &amp;lt; 10; ++n) {&#10;            // it is possible but not safe to move &amp;#039;int i = 0;&amp;#039; here&#10;            do_something(&amp;amp;i);&#10;        }&#10;    }&#10;}&#10;When you see this message it is always safe to reduce the variable scope 1 level." cwe="398" file0="tools/font_compiler.c">
            <location file="tools\stb_truetype.h" line="2398"/>
        </error>
        <error id="variableScope" severity="style" msg="The scope of the variable &amp;#039;m&amp;#039; can be reduced." verbose="The scope of the variable &amp;#039;m&amp;#039; can be reduced. Warning: Be careful when fixing this message, especially when there are inner loops. Here is an example where cppcheck will write that the scope for &amp;#039;i&amp;#039; can be reduced:&#10;void f(int x)&#10;{&#10;    int i = 0;&#10;    if (x) {&#10;        // it&amp;#039;s safe to move &amp;#039;int i = 0;&amp;#039; here&#10;        for (int n = 0; n &amp;lt; 10; ++n) {&#10;            // it is possible but not safe to move &amp;#039;int i = 0;&amp;#039; here&#10;            do_something(&amp;amp;i);&#10;        }&#10;    }&#10;}&#10;When you see this message it is always safe to reduce the variable scope 1 level." cwe="398" file0="tools/font_compiler.c">
            <location file="tools\stb_truetype.h" line="2421"/>
        </error>
        <error id="variableScope" severity="style" msg="The scope of the variable &amp;#039;strawStart&amp;#039; can be reduced." verbose="The scope of the variable &amp;#039;strawStart&amp;#039; can be reduced. Warning: Be careful when fixing this message, especially when there are inner loops. Here is an example where cppcheck will write that the scope for &amp;#039;i&amp;#039; can be reduced:&#10;void f(int x)&#10;{&#10;    int i = 0;&#10;    if (x) {&#10;        // it&amp;#039;s safe to move &amp;#039;int i = 0;&amp;#039; here&#10;        for (int n = 0; n &amp;lt; 10; ++n) {&#10;            // it is possible but not safe to move &amp;#039;int i = 0;&amp;#039; here&#10;            do_something(&amp;amp;i);&#10;        }&#10;    }&#10;}&#10;When you see this message it is always safe to reduce the variable scope 1 level." cwe="398" file0="tools/font_compiler.c">
            <location file="tools\stb_truetype.h" line="2422"/>
        </error>
        <error id="variableScope" severity="style" msg="The scope of the variable &amp;#039;strawEnd&amp;#039; can be reduced." verbose="The scope of the variable &amp;#039;strawEnd&amp;#039; can be reduced. Warning: Be careful when fixing this message, especially when there are inner loops. Here is an example where cppcheck will write that the scope for &amp;#039;i&amp;#039; can be reduced:&#10;void f(int x)&#10;{&#10;    int i = 0;&#10;    if (x) {&#10;        // it&amp;#039;s safe to move &amp;#039;int i = 0;&amp;#039; here&#10;        for (int n = 0; n &amp;lt; 10; ++n) {&#10;            // it is possible but not safe to move &amp;#039;int i = 0;&amp;#039; here&#10;            do_something(&amp;amp;i);&#10;        }&#10;    }&#10;}&#10;When you see this message it is always safe to reduce the variable scope 1 level." cwe="398" file0="tools/font_compiler.c">
            <location file="tools\stb_truetype.h" line="2422"/>
        </error>
        <error id="variableScope" severity="style" msg="The scope of the variable &amp;#039;m&amp;#039; can be reduced." verbose="The scope of the variable &amp;#039;m&amp;#039; can be reduced. Warning: Be careful when fixing this message, especially when there are inner loops. Here is an example where cppcheck will write that the scope for &amp;#039;i&amp;#039; can be reduced:&#10;void f(int x)&#10;{&#10;    int i = 0;&#10;    if (x) {&#10;        // it&amp;#039;s safe to move &amp;#039;int i = 0;&amp;#039; here&#10;        for (int n = 0; n &amp;lt; 10; ++n) {&#10;            // it is possible but not safe to move &amp;#039;int i = 0;&amp;#039; here&#10;            do_something(&amp;amp;i);&#10;        }&#10;    }&#10;}&#10;When you see this message it is always safe to reduce the variable scope 1 level." cwe="398" file0="tools/font_compiler.c">
            <location file="tools\stb_truetype.h" line="2467"/>
        </error>
        <error id="variableScope" severity="style" msg="The scope of the variable &amp;#039;strawStart&amp;#039; can be reduced." verbose="The scope of the variable &amp;#039;strawStart&amp;#039; can be reduced. Warning: Be careful when fixing this message, especially when there are inner loops. Here is an example where cppcheck will write that the scope for &amp;#039;i&amp;#039; can be reduced:&#10;void f(int x)&#10;{&#10;    int i = 0;&#10;    if (x) {&#10;        // it&amp;#039;s safe to move &amp;#039;int i = 0;&amp;#039; here&#10;        for (int n = 0; n &amp;lt; 10; ++n) {&#10;            // it is possible but not safe to move &amp;#039;int i = 0;&amp;#039; here&#10;            do_something(&amp;amp;i);&#10;        }&#10;    }&#10;}&#10;When you see this message it is always safe to reduce the variable scope 1 level." cwe="398" file0="tools/font_compiler.c">
            <location file="tools\stb_truetype.h" line="2468"/>
        </error>
        <error id="variableScope" severity="style" msg="The scope of the variable &amp;#039;strawEnd&amp;#039; can be reduced." verbose="The scope of the variable &amp;#039;strawEnd&amp;#039; can be reduced. Warning: Be careful when fixing this message, especially when there are inner loops. Here is an example where cppcheck will write that the scope for &amp;#039;i&amp;#039; can be reduced:&#10;void f(int x)&#10;{&#10;    int i = 0;&#10;    if (x) {&#10;        // it&amp;#039;s safe to move &amp;#039;int i = 0;&amp;#039; here&#10;        for (int n = 0; n &amp;lt; 10; ++n) {&#10;            // it is possible but not safe to move &amp;#039;int i = 0;&amp;#039; here&#10;            do_something(&amp;amp;i);&#10;        }&#10;    }&#10;}&#10;When you see this message it is always safe to reduce the variable scope 1 level." cwe="398" file0="tools/font_compiler.c">
            <location file="tools\stb_truetype.h" line="2468"/>
        </error>
        <error id="variableScope" severity="style" msg="The scope of the variable &amp;#039;l&amp;#039; can be reduced." verbose="The scope of the variable &amp;#039;l&amp;#039; can be reduced. Warning: Be careful when fixing this message, especially when there are inner loops. Here is an example where cppcheck will write that the scope for &amp;#039;i&amp;#039; can be reduced:&#10;void f(int x)&#10;{&#10;    int i = 0;&#10;    if (x) {&#10;        // it&amp;#039;s safe to move &amp;#039;int i = 0;&amp;#039; here&#10;        for (int n = 0; n &amp;lt; 10; ++n) {&#10;            // it is possible but not safe to move &amp;#039;int i = 0;&amp;#039; here&#10;            do_something(&amp;amp;i);&#10;        }&#10;    }&#10;}&#10;When you see this message it is always safe to reduce the variable scope 1 level." cwe="398" file0="tools/font_compiler.c">
            <location file="tools\stb_truetype.h" line="2535"/>
        </error>
        <error id="variableScope" severity="style" msg="The scope of the variable &amp;#039;r&amp;#039; can be reduced." verbose="The scope of the variable &amp;#039;r&amp;#039; can be reduced. Warning: Be careful when fixing this message, especially when there are inner loops. Here is an example where cppcheck will write that the scope for &amp;#039;i&amp;#039; can be reduced:&#10;void f(int x)&#10;{&#10;    int i = 0;&#10;    if (x) {&#10;        // it&amp;#039;s safe to move &amp;#039;int i = 0;&amp;#039; here&#10;        for (int n = 0; n &amp;lt; 10; ++n) {&#10;            // it is possible but not safe to move &amp;#039;int i = 0;&amp;#039; here&#10;            do_something(&amp;amp;i);&#10;        }&#10;    }&#10;}&#10;When you see this message it is always safe to reduce the variable scope 1 level." cwe="398" file0="tools/font_compiler.c">
            <location file="tools\stb_truetype.h" line="2535"/>
        </error>
        <error id="variableScope" severity="style" msg="The scope of the variable &amp;#039;m&amp;#039; can be reduced." verbose="The scope of the variable &amp;#039;m&amp;#039; can be reduced. Warning: Be careful when fixing this message, especially when there are inner loops. Here is an example where cppcheck will write that the scope for &amp;#039;i&amp;#039; can be reduced:&#10;void f(int x)&#10;{&#10;    int i = 0;&#10;    if (x) {&#10;        // it&amp;#039;s safe to move &amp;#039;int i = 0;&amp;#039; here&#10;        for (int n = 0; n &amp;lt; 10; ++n) {&#10;            // it is possible but not safe to move &amp;#039;int i = 0;&amp;#039; here&#10;            do_something(&amp;amp;i);&#10;        }&#10;    }&#10;}&#10;When you see this message it is always safe to reduce the variable scope 1 level." cwe="398" file0="tools/font_compiler.c">
            <location file="tools\stb_truetype.h" line="2535"/>
        </error>
        <error id="variableScope" severity="style" msg="The scope of the variable &amp;#039;straw&amp;#039; can be reduced." verbose="The scope of the variable &amp;#039;straw&amp;#039; can be reduced. Warning: Be careful when fixing this message, especially when there are inner loops. Here is an example where cppcheck will write that the scope for &amp;#039;i&amp;#039; can be reduced:&#10;void f(int x)&#10;{&#10;    int i = 0;&#10;    if (x) {&#10;        // it&amp;#039;s safe to move &amp;#039;int i = 0;&amp;#039; here&#10;        for (int n = 0; n &amp;lt; 10; ++n) {&#10;            // it is possible but not safe to move &amp;#039;int i = 0;&amp;#039; here&#10;            do_something(&amp;amp;i);&#10;        }&#10;    }&#10;}&#10;When you see this message it is always safe to reduce the variable scope 1 level." cwe="398" file0="tools/font_compiler.c">
            <location file="tools\stb_truetype.h" line="2536"/>
        </error>
        <error id="variableScope" severity="style" msg="The scope of the variable &amp;#039;needle&amp;#039; can be reduced." verbose="The scope of the variable &amp;#039;needle&amp;#039; can be reduced. Warning: Be careful when fixing this message, especially when there are inner loops. Here is an example where cppcheck will write that the scope for &amp;#039;i&amp;#039; can be reduced:&#10;void f(int x)&#10;{&#10;    int i = 0;&#10;    if (x) {&#10;        // it&amp;#039;s safe to move &amp;#039;int i = 0;&amp;#039; here&#10;        for (int n = 0; n &amp;lt; 10; ++n) {&#10;            // it is possible but not safe to move &amp;#039;int i = 0;&amp;#039; here&#10;            do_something(&amp;amp;i);&#10;        }&#10;    }&#10;}&#10;When you see this message it is always safe to reduce the variable scope 1 level." cwe="398" file0="tools/font_compiler.c">
            <location file="tools\stb_truetype.h" line="2536"/>
        </error>
        <error id="variableScope" severity="style" msg="The scope of the variable &amp;#039;j&amp;#039; can be reduced." verbose="The scope of the variable &amp;#039;j&amp;#039; can be reduced. Warning: Be careful when fixing this message, especially when there are inner loops. Here is an example where cppcheck will write that the scope for &amp;#039;i&amp;#039; can be reduced:&#10;void f(int x)&#10;{&#10;    int i = 0;&#10;    if (x) {&#10;        // it&amp;#039;s safe to move &amp;#039;int i = 0;&amp;#039; here&#10;        for (int n = 0; n &amp;lt; 10; ++n) {&#10;            // it is possible but not safe to move &amp;#039;int i = 0;&amp;#039; here&#10;            do_something(&amp;amp;i);&#10;        }&#10;    }&#10;}&#10;When you see this message it is always safe to reduce the variable scope 1 level." cwe="398" file0="tools/font_compiler.c">
            <location file="tools\stb_truetype.h" line="3401"/>
        </error>
        <error id="variableScope" severity="style" msg="The scope of the variable &amp;#039;c&amp;#039; can be reduced." verbose="The scope of the variable &amp;#039;c&amp;#039; can be reduced. Warning: Be careful when fixing this message, especially when there are inner loops. Here is an example where cppcheck will write that the scope for &amp;#039;i&amp;#039; can be reduced:&#10;void f(int x)&#10;{&#10;    int i = 0;&#10;    if (x) {&#10;        // it&amp;#039;s safe to move &amp;#039;int i = 0;&amp;#039; here&#10;        for (int n = 0; n &amp;lt; 10; ++n) {&#10;            // it is possible but not safe to move &amp;#039;int i = 0;&amp;#039; here&#10;            do_something(&amp;amp;i);&#10;        }&#10;    }&#10;}&#10;When you see this message it is always safe to reduce the variable scope 1 level." cwe="398" file0="tools/font_compiler.c">
            <location file="tools\stb_truetype.h" line="3422"/>
        </error>
        <error id="variableScope" severity="style" msg="The scope of the variable &amp;#039;hits&amp;#039; can be reduced." verbose="The scope of the variable &amp;#039;hits&amp;#039; can be reduced. Warning: Be careful when fixing this message, especially when there are inner loops. Here is an example where cppcheck will write that the scope for &amp;#039;i&amp;#039; can be reduced:&#10;void f(int x)&#10;{&#10;    int i = 0;&#10;    if (x) {&#10;        // it&amp;#039;s safe to move &amp;#039;int i = 0;&amp;#039; here&#10;        for (int n = 0; n &amp;lt; 10; ++n) {&#10;            // it is possible but not safe to move &amp;#039;int i = 0;&amp;#039; here&#10;            do_something(&amp;amp;i);&#10;        }&#10;    }&#10;}&#10;When you see this message it is always safe to reduce the variable scope 1 level." cwe="398" file0="tools/font_compiler.c">
            <location file="tools\stb_truetype.h" line="4503"/>
        </error>
        <error id="variableScope" severity="style" msg="The scope of the variable &amp;#039;hd&amp;#039; can be reduced." verbose="The scope of the variable &amp;#039;hd&amp;#039; can be reduced. Warning: Be careful when fixing this message, especially when there are inner loops. Here is an example where cppcheck will write that the scope for &amp;#039;i&amp;#039; can be reduced:&#10;void f(int x)&#10;{&#10;    int i = 0;&#10;    if (x) {&#10;        // it&amp;#039;s safe to move &amp;#039;int i = 0;&amp;#039; here&#10;        for (int n = 0; n &amp;lt; 10; ++n) {&#10;            // it is possible but not safe to move &amp;#039;int i = 0;&amp;#039; here&#10;            do_something(&amp;amp;i);&#10;        }&#10;    }&#10;}&#10;When you see this message it is always safe to reduce the variable scope 1 level." cwe="398" file0="tools/font_compiler.c">
            <location file="tools\stb_truetype.h" line="4893"/>
        </error>
        <error id="constParameterPointer" severity="style" msg="Parameter &amp;#039;p&amp;#039; can be declared as pointer to const" verbose="Parameter &amp;#039;p&amp;#039; can be declared as pointer to const" cwe="398" file0="tools/font_compiler.c">
            <location file="tools\stb_truetype.h" line="1286"/>
        </error>
        <error id="constParameterPointer" severity="style" msg="Parameter &amp;#039;p&amp;#039; can be declared as pointer to const" verbose="Parameter &amp;#039;p&amp;#039; can be declared as pointer to const" cwe="398" file0="tools/font_compiler.c">
            <location file="tools\stb_truetype.h" line="1287"/>
        </error>
        <error id="constParameterPointer" severity="style" msg="Parameter &amp;#039;p&amp;#039; can be declared as pointer to const" verbose="Parameter &amp;#039;p&amp;#039; can be declared as pointer to const" cwe="398" file0="tools/font_compiler.c">
            <location file="tools\stb_truetype.h" line="1288"/>
        </error>
        <error id="constParameterPointer" severity="style" msg="Parameter &amp;#039;p&amp;#039; can be declared as pointer to const" verbose="Parameter &amp;#039;p&amp;#039; can be declared as pointer to const" cwe="398" file0="tools/font_compiler.c">
            <location file="tools\stb_truetype.h" line="1289"/>
        </error>
        <error id="constParameterPointer" severity="style" msg="Parameter &amp;#039;font&amp;#039; can be declared as pointer to const" verbose="Parameter &amp;#039;font&amp;#039; can be declared as pointer to const" cwe="398" file0="tools/font_compiler.c">
            <location file="tools\stb_truetype.h" line="1294"/>
        </error>
        <error id="constParameterPointer" severity="style" msg="Parameter &amp;#039;e&amp;#039; can be declared as pointer to const" verbose="Parameter &amp;#039;e&amp;#039; can be declared as pointer to const" cwe="398" file0="tools/font_compiler.c">
            <location file="tools\stb_truetype.h" line="3028"/>
        </error>
        <error id="constVariablePointer" severity="style" msg="Variable &amp;#039;a&amp;#039; can be declared as pointer to const" verbose="Variable &amp;#039;a&amp;#039; can be declared as pointer to const" cwe="398" file0="tools/font_compiler.c">
            <location file="tools\stb_truetype.h" line="3403"/>
        </error>
        <error id="constVariablePointer" severity="style" msg="Variable &amp;#039;b&amp;#039; can be declared as pointer to const" verbose="Variable &amp;#039;b&amp;#039; can be declared as pointer to const" cwe="398" file0="tools/font_compiler.c">
            <location file="tools\stb_truetype.h" line="3406"/>
        </error>
        <error id="constParameterPointer" severity="style" msg="Parameter &amp;#039;wcount&amp;#039; can be declared as pointer to const" verbose="Parameter &amp;#039;wcount&amp;#039; can be declared as pointer to const" cwe="398" file0="tools/font_compiler.c">
            <location file="tools\stb_truetype.h" line="3490"/>
        </error>
        <error id="constParameterPointer" severity="style" msg="Parameter &amp;#039;data&amp;#039; can be declared as pointer to const" verbose="Parameter &amp;#039;data&amp;#039; can be declared as pointer to const" cwe="398" file0="tools/font_compiler.c">
            <location file="tools\stb_truetype.h" line="3813"/>
        </error>
        <error id="constParameterPointer" severity="style" msg="Parameter &amp;#039;ypos&amp;#039; can be declared as pointer to const" verbose="Parameter &amp;#039;ypos&amp;#039; can be declared as pointer to const" cwe="398" file0="tools/font_compiler.c">
            <location file="tools\stb_truetype.h" line="3859"/>
        </error>
        <error id="constParameterPointer" severity="style" msg="Parameter &amp;#039;ypos&amp;#039; can be declared as pointer to const" verbose="Parameter &amp;#039;ypos&amp;#039; can be declared as pointer to const" cwe="398" file0="tools/font_compiler.c">
            <location file="tools\stb_truetype.h" line="4363"/>
        </error>
        <error id="constParameter" severity="style" msg="Parameter &amp;#039;q0&amp;#039; can be declared as const array" verbose="Parameter &amp;#039;q0&amp;#039; can be declared as const array" cwe="398" file0="tools/font_compiler.c">
            <location file="tools\stb_truetype.h" line="4398"/>
        </error>
        <error id="constParameter" severity="style" msg="Parameter &amp;#039;ray&amp;#039; can be declared as const array" verbose="Parameter &amp;#039;ray&amp;#039; can be declared as const array" cwe="398" file0="tools/font_compiler.c">
            <location file="tools\stb_truetype.h" line="4398"/>
        </error>
        <error id="constParameter" severity="style" msg="Parameter &amp;#039;q1&amp;#039; can be declared as const array" verbose="Parameter &amp;#039;q1&amp;#039; can be declared as const array" cwe="398" file0="tools/font_compiler.c">
            <location file="tools\stb_truetype.h" line="4398"/>
        </error>
        <error id="constParameter" severity="style" msg="Parameter &amp;#039;q2&amp;#039; can be declared as const array" verbose="Parameter &amp;#039;q2&amp;#039; can be declared as const array" cwe="398" file0="tools/font_compiler.c">
            <location file="tools\stb_truetype.h" line="4398"/>
        </error>
        <error id="constParameter" severity="style" msg="Parameter &amp;#039;orig&amp;#039; can be declared as const array" verbose="Parameter &amp;#039;orig&amp;#039; can be declared as const array" cwe="398" file0="tools/font_compiler.c">
            <location file="tools\stb_truetype.h" line="4398"/>
        </error>
        <error id="constParameterPointer" severity="style" msg="Parameter &amp;#039;a&amp;#039; can be declared as pointer to const" verbose="Parameter &amp;#039;a&amp;#039; can be declared as pointer to const" cwe="398" file0="tools/font_compiler.c">
            <location file="tools\stb_truetype.h" line="4462"/>
        </error>
        <error id="constParameterPointer" severity="style" msg="Parameter &amp;#039;b&amp;#039; can be declared as pointer to const" verbose="Parameter &amp;#039;b&amp;#039; can be declared as pointer to const" cwe="398" file0="tools/font_compiler.c">
            <location file="tools\stb_truetype.h" line="4462"/>
        </error>
        <error id="constParameterPointer" severity="style" msg="Parameter &amp;#039;s1&amp;#039; can be declared as pointer to const" verbose="Parameter &amp;#039;s1&amp;#039; can be declared as pointer to const" cwe="398" file0="tools/font_compiler.c">
            <location file="tools\stb_truetype.h" line="4776"/>
        </error>
        <error id="uninitvar" severity="warning" msg="Uninitialized variables: ranges.h_oversample, ranges.v_oversample" verbose="Uninitialized variables: ranges.h_oversample, ranges.v_oversample" cwe="457" file0="tools/font_compiler.c">
            <location file="tools\stb_truetype.h" line="4311" info=""/>
            <location file="tools\stb_truetype.h" line="4347" info="Calling function &amp;#039;stbtt_PackFontRanges&amp;#039;, 4th argument &amp;#039;&amp;amp;range&amp;#039; value is &amp;lt;Uninit&amp;gt;"/>
        </error>
        <error id="unreadVariable" severity="style" msg="Variable &amp;#039;tmp&amp;#039; is assigned a value that is never used." verbose="Variable &amp;#039;tmp&amp;#039; is assigned a value that is never used." cwe="563" file0="tools/font_compiler.c">
            <location file="tools\stb_truetype.h" line="1821"/>
        </error>
        <error id="missingIncludeSystem" severity="information" msg="Include file: &amp;lt;stdlib.h&amp;gt; not found. Please note: Cppcheck does not need standard library headers to get proper results." verbose="Include file: &amp;lt;stdlib.h&amp;gt; not found. Please note: Cppcheck does not need standard library headers to get proper results.">
            <location file="tools\ustar_image.c" line="9"/>
        </error>
        <error id="missingIncludeSystem" severity="information" msg="Include file: &amp;lt;stdio.h&amp;gt; not found. Please note: Cppcheck does not need standard library headers to get proper results." verbose="Include file: &amp;lt;stdio.h&amp;gt; not found. Please note: Cppcheck does not need standard library headers to get proper results.">
            <location file="tools\ustar_image.c" line="10"/>
        </error>
        <error id="missingIncludeSystem" severity="information" msg="Include file: &amp;lt;stdint.h&amp;gt; not found. Please note: Cppcheck does not need standard library headers to get proper results." verbose="Include file: &amp;lt;stdint.h&amp;gt; not found. Please note: Cppcheck does not need standard library headers to get proper results.">
            <location file="tools\ustar_image.c" line="11"/>
        </error>
        <error id="missingIncludeSystem" severity="information" msg="Include file: &amp;lt;string.h&amp;gt; not found. Please note: Cppcheck does not need standard library headers to get proper results." verbose="Include file: &amp;lt;string.h&amp;gt; not found. Please note: Cppcheck does not need standard library headers to get proper results.">
            <location file="tools\ustar_image.c" line="12"/>
        </error>
        <error id="constParameterPointer" severity="style" msg="Parameter &amp;#039;s&amp;#039; can be declared as pointer to const" verbose="Parameter &amp;#039;s&amp;#039; can be declared as pointer to const" cwe="398" file0="tools/ustar_image.c">
            <location file="tools\ustar_image.c" line="44"/>
        </error>
        <error id="constParameter" severity="style" msg="Parameter &amp;#039;argv&amp;#039; can be declared as const array" verbose="Parameter &amp;#039;argv&amp;#039; can be declared as const array" cwe="398" file0="tools/ustar_image.c">
            <location file="tools\ustar_image.c" line="54"/>
        </error>
        <error id="constVariablePointer" severity="style" msg="Variable &amp;#039;split_pos&amp;#039; can be declared as pointer to const" verbose="Variable &amp;#039;split_pos&amp;#039; can be declared as pointer to const" cwe="398" file0="tools/ustar_image.c">
            <location file="tools\ustar_image.c" line="68"/>
        </error>
        <error id="unreadVariable" severity="style" msg="Variable &amp;#039;r&amp;#039; is assigned a value that is never used." verbose="Variable &amp;#039;r&amp;#039; is assigned a value that is never used." cwe="563" file0="tools/ustar_image.c">
            <location file="tools\ustar_image.c" line="75"/>
        </error>
    </errors>
</results>
